"File: Step_Motor_v3.c  Assembler  Version HGASM0202      Page 1


   1  0000              ; Generated by holtek-gcc v3.19, Tue Jan 25 03:49:05 2022
   2  0000              ; 
   3  0000              ; Configuration:
   4  0000              ;       with long instruction
   5  0000              ;       Multi-ROM, Multi-RAM
   6  0000              ;       bits_per_rom_unit:16
   7  0000              ;       with mp1
   8  0000              ;       with tbhp, address(0x9)
   9  0000              ;          Use tabrd-const
  10  0000              ;       
  11  0000              ; SFR address of long-instruction arch:
  12  0000              ;    mp0 = -1,1,0
  13  0000              ;    mp1 = 4,3,2
  14  0000              ;    mp2 = 14,13,12
  15  0000              ;    tbp = 9,7,8
  16  0000              ;    acc = 5
  17  0000              ;    pcl = 6
  18  0000              ;    status = 10
  19  0000              ;    bp = 11
  20  0000              ;    intc = 16
  21  0000              ;       
  22  0000              ;       
  23  0000              ; use 'tabrdc' instead of 'tabrd'
  24  0000              ;       
  25  0000              
  26  0000              #pragma translator "holtek-gcc 4.6.4" "3.19" "build 20130711"
  27  0000              ; Rebuild 718
  28  0000              
  29  0000              ir equ [2]
  30  0000              mp equ [3]
  31  0000              sbp equ [4]
  32  0000              acc equ [5]
  33  0000              bp equ [11]
  34  0000              tblp equ [7]
  35  0000              tbhp equ [9]
  36  0000              status equ [10]
  37  0000              c equ [10].0
  38  0000              ac equ [10].1
  39  0000              z equ [10].2
  40  0000              ov equ [10].3
  41  0000              cz equ [10].6
  42  0000              sc equ [10].7
  43  0000              intc equ [16]
  44  0000              mduwr0 equ [59h]
  45  0000              mduwr1 equ [5ah]
  46  0000              mduwr2 equ [5bh]
  47  0000              mduwr3 equ [5ch]
  48  0000              mduwr4 equ [5dh]
  49  0000              mduwr5 equ [5eh]
  50  0000              mduwrctrl equ [5fh]
  51  0000              
  52  0000              extern ra:byte
  53  0000              extern rb:byte
  54  0000              extern rc:byte
  55  0000              extern rd:byte
  56  0000              extern re:byte
  57  0000              extern rf:byte
  58  0000              extern rg:byte
  59  0000              extern rh:byte
"File: Step_Motor_v3.ASM  Assembler  Version HGASM0202      Page 2

  60  0000              extern _Crom2Prom:near
  61  0000              extern _Crom2PromNext:near
  62  0000              
  63  0000              RAMBANK 0 @BITDATASEC, @BITDATASEC1
  64  0000              @HCCINIT	.section 'data'
  65  0000              @HCCINIT0	.section 'data'
  66  0000              @BITDATASEC	 .section 'data'
  67  0000              @BITDATASEC1	 .section 'data'
  68  0000              
  69  0000              #pragma debug scope 1 1
  70  0000              	extern __DELAY3:near
  71  0000              	extern __DELAYX3:near
  72  0000              	extern __DELAYX6:near
  73  0000              	extern __DELAYY5:near
  74  0000              	extern __DELAYY3:near
  75  0000              	extern _builtin_holtek_delay_2:byte
  76  0000              ___ptm3c0 equ [298]
  77  0000              ___ptm3c1 equ [299]
  78  0000              ___intc0 equ [16]
  79  0000              ___intc3 equ [19]
  80  0000              ___mfi4 equ [55]
  81  0000              public _ptm_setup
  82  0000              #pragma debug scope 2 1

  55  0000              #line 55 "D:\Wade\Project\Robot_Arm\Holtek_MCU\Program\Step_Motor_v3\Step_Motor_v3.c"
  55  0000              _ptm_setup .section 'code'
  55  0000              _ptm_setup proc
  56  0000              #line 56 "D:\Wade\Project\Robot_Arm\Holtek_MCU\Program\Step_Motor_v3\Step_Motor_v3.c"
  56  0000  9F2A 0001   	lclr [298]
  57  0002              #line 57 "D:\Wade\Project\Robot_Arm\Holtek_MCU\Program\Step_Motor_v3\Step_Motor_v3.c"
  57  0002  0FC1        	mov a,193
  57  0003  80AB 0001   	lmov [299],a
  58  0005              #line 58 "D:\Wade\Project\Robot_Arm\Holtek_MCU\Program\Step_Motor_v3\Step_Motor_v3.c"
  58  0005  3010        	set [16].0
  59  0006              #line 59 "D:\Wade\Project\Robot_Arm\Holtek_MCU\Program\Step_Motor_v3\Step_Motor_v3.c"
  59  0006  3113        	set [19].2
  60  0007              #line 60 "D:\Wade\Project\Robot_Arm\Holtek_MCU\Program\Step_Motor_v3\Step_Motor_v3.c"
  60  0007  30B7        	set [55].1
  61  0008              #line 61 "D:\Wade\Project\Robot_Arm\Holtek_MCU\Program\Step_Motor_v3\Step_Motor_v3.c"
  61  0008  36B7        	clr [55].5
  61  0009  0003        	ret
  61  000A              _ptm_setup endp
  61  000A              #line 61 "D:\Wade\Project\Robot_Arm\Holtek_MCU\Program\Step_Motor_v3\Step_Motor_v3.c"
  61  000A              #pragma debug scope 1 1
  61  000A              ___ptm3al equ [302]
  61  000A              ___ptm3ah equ [303]
  61  000A              public _ptm_delay
  61  000A              #pragma debug scope 3 1
  65  000A              #line 65 "D:\Wade\Project\Robot_Arm\Holtek_MCU\Program\Step_Motor_v3\Step_Motor_v3.c"
  65  0000              _ptm_delay .section 'code'
  65  0000              _ptm_delay proc
  65  0000              public _ptm_delay_2
  65  0000  0002[           local _ptm_delay_2 db 2 dup(?)	; 2,0
            00
            ]
  65  0002              #pragma debug variable 12 3 _ptm_delay_2+0 "tm"
  66  0002              #line 66 "D:\Wade\Project\Robot_Arm\Holtek_MCU\Program\Step_Motor_v3\Step_Motor_v3.c"
  66  0000  0700     R  	mov a,_ptm_delay_2[0]
  66  0001  80AE 0001   	lmov [302],a
  67  0003              #line 67 "D:\Wade\Project\Robot_Arm\Holtek_MCU\Program\Step_Motor_v3\Step_Motor_v3.c"
"File: Step_Motor_v3.c  Assembler  Version HGASM0202      Page 3

  67  0003  0700     R  	mov a,_ptm_delay_2[1]
  67  0004  80AF 0001   	lmov [303],a
  68  0006              #line 68 "D:\Wade\Project\Robot_Arm\Holtek_MCU\Program\Step_Motor_v3\Step_Motor_v3.c"
  68  0006  B1AA 0001   	lset [298].3
  68  0008              _L4:
  69  0008              #line 69 "D:\Wade\Project\Robot_Arm\Holtek_MCU\Program\Step_Motor_v3\Step_Motor_v3.c"
  69  0008  3AB7        	snz [55].5
  69  0009  2800     R  	jmp _L4
  70  000A              #line 70 "D:\Wade\Project\Robot_Arm\Holtek_MCU\Program\Step_Motor_v3\Step_Motor_v3.c"
  70  000A  B5AA 0001   	lclr [298].3
  71  000C              #line 71 "D:\Wade\Project\Robot_Arm\Holtek_MCU\Program\Step_Motor_v3\Step_Motor_v3.c"
  71  000C  36B7        	clr [55].5
  71  000D  0003        	ret
  71  000E              _ptm_delay endp
  71  000E              #line 71 "D:\Wade\Project\Robot_Arm\Holtek_MCU\Program\Step_Motor_v3\Step_Motor_v3.c"
  71  000E              #pragma debug scope 1 1
  71  000E              ___wdtc equ [62]
  71  000E              ___scc equ [58]
  71  000E              ___hircc equ [59]
  71  000E              ___pdc equ [31]
  71  000E              ___pdpu equ [32]
  71  000E              ___pd equ [30]
  71  000E              public _main
  71  000E              #pragma debug scope 4 1
  25  000E              #line 25 "D:\Wade\Project\Robot_Arm\Holtek_MCU\Program\Step_Motor_v3\Step_Motor_v3.c"
  25  000E              IFDEF WITH_DEFAULT_STARTUP
  25  000E              extern _main_initial0:near
  25  000E              extern _main_startup:near
  25  000E              ENDIF
  25  000E              
  25  000E              ROMBANK 0 @start
  25  0000              @start .section com_l 'code'
  25  0000              _main_startup1:
  25  0000              @start .section com_e 'code'
  25  0000  0F00     R  	mov a,bank _main
  25  0001  008B        	mov bp,a
  25  0002  2800     R  	jmp _main
  25  0003              
  25  0000              _main .section 'code'
  25  0000              _main proc
  25  0000  0002[           local _main_2 db 2 dup(?)
            00
            ]
  26  0002              #line 26 "D:\Wade\Project\Robot_Arm\Holtek_MCU\Program\Step_Motor_v3\Step_Motor_v3.c"
  26  0000  0FAB        	mov a,171
  26  0001  00BE        	mov [62],a
  28  0002              #line 28 "D:\Wade\Project\Robot_Arm\Holtek_MCU\Program\Step_Motor_v3\Step_Motor_v3.c"
  28  0002  0F01        	mov a,1
  28  0003  00BA        	mov [58],a
  29  0004              #line 29 "D:\Wade\Project\Robot_Arm\Holtek_MCU\Program\Step_Motor_v3\Step_Motor_v3.c"
  29  0004  0F0B        	mov a,11
  29  0005  00BB        	mov [59],a
  31  0006              #line 31 "D:\Wade\Project\Robot_Arm\Holtek_MCU\Program\Step_Motor_v3\Step_Motor_v3.c"
  31  0006              	fcall _ptm_setup
  34  000D              #line 34 "D:\Wade\Project\Robot_Arm\Holtek_MCU\Program\Step_Motor_v3\Step_Motor_v3.c"
  34  000D  361F        	clr [31].4
  35  000E              #line 35 "D:\Wade\Project\Robot_Arm\Holtek_MCU\Program\Step_Motor_v3\Step_Motor_v3.c"
  35  000E  369F        	clr [31].5
  36  000F              #line 36 "D:\Wade\Project\Robot_Arm\Holtek_MCU\Program\Step_Motor_v3\Step_Motor_v3.c"
  36  000F  359F        	clr [31].3
"File: Step_Motor_v3.c  Assembler  Version HGASM0202      Page 4

  37  0010              #line 37 "D:\Wade\Project\Robot_Arm\Holtek_MCU\Program\Step_Motor_v3\Step_Motor_v3.c"
  37  0010  331F        	set [31].6
  38  0011              #line 38 "D:\Wade\Project\Robot_Arm\Holtek_MCU\Program\Step_Motor_v3\Step_Motor_v3.c"
  38  0011  3320        	set [32].6
  38  0012              _L8:
  38  0012              #pragma debug scope 5 4
  38  0012              ;begin block, line: 38.-1
  42  0012              #line 42 "D:\Wade\Project\Robot_Arm\Holtek_MCU\Program\Step_Motor_v3\Step_Motor_v3.c"
  42  0012  321E        	set [30].4
  42  0013  0F90        	mov a,-112
  42  0014  0080     R  	mov _main_2[0],a
  42  0015  0F01        	mov a,1
  42  0016  0080     R  	mov _main_2[1],a
  42  0017              _L9:
  46  0017              #line 46 "D:\Wade\Project\Robot_Arm\Holtek_MCU\Program\Step_Motor_v3\Step_Motor_v3.c"
  46  0017  359E        	clr [30].3
  47  0018              #line 47 "D:\Wade\Project\Robot_Arm\Holtek_MCU\Program\Step_Motor_v3\Step_Motor_v3.c"
  47  0018  0FD0        	mov a,-48
  47  0019  0080     R  	mov _ptm_delay_2[0],a
  47  001A  0F07        	mov a,7
  47  001B  0080     R  	mov _ptm_delay_2[1],a
  47  001C              	fcall _ptm_delay
  48  0023              #line 48 "D:\Wade\Project\Robot_Arm\Holtek_MCU\Program\Step_Motor_v3\Step_Motor_v3.c"
  48  0023  319E        	set [30].3
  49  0024              #line 49 "D:\Wade\Project\Robot_Arm\Holtek_MCU\Program\Step_Motor_v3\Step_Motor_v3.c"
  49  0024  0FD0        	mov a,-48
  49  0025  0080     R  	mov _ptm_delay_2[0],a
  49  0026  0F07        	mov a,7
  49  0027  0080     R  	mov _ptm_delay_2[1],a
  49  0028              	fcall _ptm_delay
  49  002F  0FFF        	mov a,255
  49  0030  0380     R  	addm a,_main_2[0]
  49  0031  0FFF        	mov a,255
  49  0032  1380     R  	adcm a,_main_2[1]
  44  0033              #line 44 "D:\Wade\Project\Robot_Arm\Holtek_MCU\Program\Step_Motor_v3\Step_Motor_v3.c"
  44  0033  0700     R  	mov a,_main_2[0]
  44  0034  0500     R  	or a,_main_2[1]
  44  0035  390A        	snz z
  44  0036  2800     R  	jmp _L9
  44  0037  2800     R  	jmp _L8
  44  0038              #pragma debug scope 4 1
  44  0038  2800     R  	jmp $
  44  0039              _main endp
  44  0039              
  44  0039              @dummy endp
  44  0039              
  44  0039              #line 44 "D:\Wade\Project\Robot_Arm\Holtek_MCU\Program\Step_Motor_v3\Step_Motor_v3.c"
  44  0039              #pragma debug scope 1 1
  44  0039              public _motor_callb
  44  0039              #pragma debug scope 6 1
  75  0039              #line 75 "D:\Wade\Project\Robot_Arm\Holtek_MCU\Program\Step_Motor_v3\Step_Motor_v3.c"
  75  0000              _motor_callb .section 'code'
  75  0000              _motor_callb proc
  76  0000              #line 76 "D:\Wade\Project\Robot_Arm\Holtek_MCU\Program\Step_Motor_v3\Step_Motor_v3.c"
  76  0000  369E        	clr [30].5
  77  0001              #line 77 "D:\Wade\Project\Robot_Arm\Holtek_MCU\Program\Step_Motor_v3\Step_Motor_v3.c"
  77  0001  361E        	clr [30].4
  78  0002              #line 78 "D:\Wade\Project\Robot_Arm\Holtek_MCU\Program\Step_Motor_v3\Step_Motor_v3.c"
  78  0002  2800     R  	jmp _L11
  78  0003              _L12:
"File: Step_Motor_v3.c  Assembler  Version HGASM0202      Page 5

  80  0003              #line 80 "D:\Wade\Project\Robot_Arm\Holtek_MCU\Program\Step_Motor_v3\Step_Motor_v3.c"
  80  0003  359E        	clr [30].3
  81  0004              #line 81 "D:\Wade\Project\Robot_Arm\Holtek_MCU\Program\Step_Motor_v3\Step_Motor_v3.c"
  81  0004  0F20        	mov a,32
  81  0005  0080     R  	mov _ptm_delay_2[0],a
  81  0006  0F03        	mov a,3
  81  0007  0080     R  	mov _ptm_delay_2[1],a
  81  0008              	fcall _ptm_delay
  82  000F              #line 82 "D:\Wade\Project\Robot_Arm\Holtek_MCU\Program\Step_Motor_v3\Step_Motor_v3.c"
  82  000F  319E        	set [30].3
  83  0010              #line 83 "D:\Wade\Project\Robot_Arm\Holtek_MCU\Program\Step_Motor_v3\Step_Motor_v3.c"
  83  0010  0F20        	mov a,32
  83  0011  0080     R  	mov _ptm_delay_2[0],a
  83  0012  0F03        	mov a,3
  83  0013  0080     R  	mov _ptm_delay_2[1],a
  83  0014              	fcall _ptm_delay
  83  001B              _L11:
  78  001B              #line 78 "D:\Wade\Project\Robot_Arm\Holtek_MCU\Program\Step_Motor_v3\Step_Motor_v3.c"
  78  001B  3F1E        	sz [30].6
  78  001C  2800     R  	jmp _L12
  78  001D  0003        	ret
  78  001E              _motor_callb endp
  78  001E              #line 78 "D:\Wade\Project\Robot_Arm\Holtek_MCU\Program\Step_Motor_v3\Step_Motor_v3.c"
  78  001E              #pragma debug scope 1 1
  78  001E              public _motor_deg
  78  001E              #pragma debug scope 7 1
  88  001E              #line 88 "D:\Wade\Project\Robot_Arm\Holtek_MCU\Program\Step_Motor_v3\Step_Motor_v3.c"
  88  0000              _motor_deg .section 'code'
  88  0000              _motor_deg proc
  88  0000              public _motor_deg_2
  88  0000  0007[           local _motor_deg_2 db 7 dup(?)	; 4,3
            00
            ]
  88  0007              #pragma debug variable 10 7 _motor_deg_2+0 "deg"
  88  0007              #pragma debug variable 12 7 _motor_deg_2+2 "time"
  88  0007              #pragma debug variable 10 7 _motor_deg_2+4 "j"
  90  0007              #line 90 "D:\Wade\Project\Robot_Arm\Holtek_MCU\Program\Step_Motor_v3\Step_Motor_v3.c"
  90  0000  1F00     R  	clr _motor_deg_2[4]
  90  0001  1F00     R  	clr _motor_deg_2[5]
  90  0002              _L14:
  90  0002              #line 90 "D:\Wade\Project\Robot_Arm\Holtek_MCU\Program\Step_Motor_v3\Step_Motor_v3.c"
  90  0002  0700     R  	mov a,_motor_deg_2[4]
  90  0003  0200     R  	sub a,_motor_deg_2[0]
  90  0004  0700     R  	mov a,_motor_deg_2[5]
  90  0005  1200     R  	sbc a,_motor_deg_2[1]
  90  0006  3F0A        	sz cz
  90  0007  2800     R  	jmp _L13
  90  0008  1F00     R  	clr _motor_deg_2[6]
  90  0009              _L17:
  94  0009              #line 94 "D:\Wade\Project\Robot_Arm\Holtek_MCU\Program\Step_Motor_v3\Step_Motor_v3.c"
  94  0009  359E        	clr [30].3
  95  000A              #line 95 "D:\Wade\Project\Robot_Arm\Holtek_MCU\Program\Step_Motor_v3\Step_Motor_v3.c"
  95  000A  0700     R  	mov a,_motor_deg_2[2]
  95  000B  0080     R  	mov _ptm_delay_2[0],a
  95  000C  0700     R  	mov a,_motor_deg_2[3]
  95  000D  0080     R  	mov _ptm_delay_2[1],a
  95  000E              	fcall _ptm_delay
  96  0015              #line 96 "D:\Wade\Project\Robot_Arm\Holtek_MCU\Program\Step_Motor_v3\Step_Motor_v3.c"
  96  0015  319E        	set [30].3
  97  0016              #line 97 "D:\Wade\Project\Robot_Arm\Holtek_MCU\Program\Step_Motor_v3\Step_Motor_v3.c"
"File: Step_Motor_v3.c  Assembler  Version HGASM0202      Page 6

  97  0016  0700     R  	mov a,_motor_deg_2[2]
  97  0017  0080     R  	mov _ptm_delay_2[0],a
  97  0018  0700     R  	mov a,_motor_deg_2[3]
  97  0019  0080     R  	mov _ptm_delay_2[1],a
  97  001A              	fcall _ptm_delay
  97  0021  1480     R  	inc _motor_deg_2[6]
  92  0022              #line 92 "D:\Wade\Project\Robot_Arm\Holtek_MCU\Program\Step_Motor_v3\Step_Motor_v3.c"
  92  0022  0700     R  	mov a,_motor_deg_2[6]
  92  0023  0A09        	sub a,9
  92  0024  390A        	snz z
  92  0025  2800     R  	jmp _L17
  90  0026              #line 90 "D:\Wade\Project\Robot_Arm\Holtek_MCU\Program\Step_Motor_v3\Step_Motor_v3.c"
  90  0026  1480     R  	inc _motor_deg_2[4]
  90  0027  3D0A        	sz z
  90  0028  1480     R  	inc _motor_deg_2[5]
  90  0029  2800     R  	jmp _L14
  90  002A              _L13:
  90  002A  0003        	ret
  90  002B              _motor_deg endp
  90  002B              #line 90 "D:\Wade\Project\Robot_Arm\Holtek_MCU\Program\Step_Motor_v3\Step_Motor_v3.c"
  90  002B              #pragma debug scope 1 1
  90  002B              public _delay
  90  002B              #pragma debug scope 8 1
 103  002B              #line 103 "D:\Wade\Project\Robot_Arm\Holtek_MCU\Program\Step_Motor_v3\Step_Motor_v3.c"
 103  0000              _delay .section 'code'
 103  0000              _delay proc
 103  0000              public _delay_2
 103  0000  0002[           local _delay_2 db 2 dup(?)	; 2,0
            00
            ]
 103  0002              #pragma debug variable 10 8 _delay_2+0 "var"
 105  0002              #line 105 "D:\Wade\Project\Robot_Arm\Holtek_MCU\Program\Step_Motor_v3\Step_Motor_v3.c"
 105  0000  1F00     E  	clr rb
 105  0001  1F00     E  	clr rc
 105  0002              _L19:
 105  0002              #line 105 "D:\Wade\Project\Robot_Arm\Holtek_MCU\Program\Step_Motor_v3\Step_Motor_v3.c"
 105  0002  0700     E  	mov a,rb
 105  0003  0200     R  	sub a,_delay_2[0]
 105  0004  0700     E  	mov a,rc
 105  0005  1200     R  	sbc a,_delay_2[1]
 105  0006  3F0A        	sz cz
 105  0007  2800     R  	jmp _L18
 105  0008  1F00     E  	clr ra
 105  0009              _L22:
 107  0009              #line 107 "D:\Wade\Project\Robot_Arm\Holtek_MCU\Program\Step_Motor_v3\Step_Motor_v3.c"
 107  0009              ;# 107 "D:\Wade\Project\Robot_Arm\Holtek_MCU\Program\Step_Motor_v3\Step_Motor_v3.c" 1
 107  0009  0000        	nop
 107  000A  1480     E  	inc ra
 106  000B              #line 106 "D:\Wade\Project\Robot_Arm\Holtek_MCU\Program\Step_Motor_v3\Step_Motor_v3.c"
 106  000B  0700     E  	mov a,ra
 106  000C  0A19        	sub a,25
 106  000D  390A        	snz z
 106  000E  2800     R  	jmp _L22
 105  000F              #line 105 "D:\Wade\Project\Robot_Arm\Holtek_MCU\Program\Step_Motor_v3\Step_Motor_v3.c"
 105  000F  1480     E  	inc rb
 105  0010  3D0A        	sz z
 105  0011  1480     E  	inc rc
 105  0012  2800     R  	jmp _L19
 105  0013              _L18:
 105  0013  0003        	ret
"File: Step_Motor_v3.c  Assembler  Version HGASM0202      Page 7

 105  0014              _delay endp
 105  0014              #line 105 "D:\Wade\Project\Robot_Arm\Holtek_MCU\Program\Step_Motor_v3\Step_Motor_v3.c"
 105  0014              #pragma debug scope 1 1
 105  0014              #pragma debug struct_end
 105  0014              #pragma debug struct_end
 105  0014              #pragma debug union_end
 105  0014              #pragma debug union_end
 105  0014              #pragma debug variable 43 1 ___intc0 "__intc0" 1
 105  0014              #pragma debug struct_end
 105  0014              #pragma debug struct_end
 105  0014              #pragma debug union_end
 105  0014              #pragma debug union_end
 105  0014              #pragma debug variable 45 1 ___intc3 "__intc3" 1
 105  0014              #pragma debug struct_end
 105  0014              #pragma debug struct_end
 105  0014              #pragma debug union_end
 105  0014              #pragma debug union_end
 105  0014              #pragma debug variable 47 1 ___pd "__pd" 1
 105  0014              #pragma debug struct_end
 105  0014              #pragma debug struct_end
 105  0014              #pragma debug union_end
 105  0014              #pragma debug union_end
 105  0014              #pragma debug variable 49 1 ___pdc "__pdc" 1
 105  0014              #pragma debug struct_end
 105  0014              #pragma debug struct_end
 105  0014              #pragma debug union_end
 105  0014              #pragma debug union_end
 105  0014              #pragma debug variable 51 1 ___pdpu "__pdpu" 1
 105  0014              #pragma debug struct_end
 105  0014              #pragma debug struct_end
 105  0014              #pragma debug union_end
 105  0014              #pragma debug union_end
 105  0014              #pragma debug variable 53 1 ___mfi4 "__mfi4" 1
 105  0014              #pragma debug struct_end
 105  0014              #pragma debug struct_end
 105  0014              #pragma debug union_end
 105  0014              #pragma debug union_end
 105  0014              #pragma debug variable 55 1 ___scc "__scc" 1
 105  0014              #pragma debug struct_end
 105  0014              #pragma debug struct_end
 105  0014              #pragma debug union_end
 105  0014              #pragma debug union_end
 105  0014              #pragma debug variable 57 1 ___hircc "__hircc" 1
 105  0014              #pragma debug struct_end
 105  0014              #pragma debug struct_end
 105  0014              #pragma debug union_end
 105  0014              #pragma debug union_end
 105  0014              #pragma debug variable 59 1 ___wdtc "__wdtc" 1
 105  0014              #pragma debug struct_end
 105  0014              #pragma debug struct_end
 105  0014              #pragma debug union_end
 105  0014              #pragma debug union_end
 105  0014              #pragma debug variable 61 1 ___ptm3c0 "__ptm3c0" 1
 105  0014              #pragma debug struct_end
 105  0014              #pragma debug struct_end
 105  0014              #pragma debug union_end
 105  0014              #pragma debug union_end
 105  0014              #pragma debug variable 63 1 ___ptm3c1 "__ptm3c1" 1
 105  0014              #pragma debug variable 8 1 ___ptm3al "__ptm3al" 1
 105  0014              #pragma debug variable 8 1 ___ptm3ah "__ptm3ah" 1
"File: Step_Motor_v3.c  Assembler  Version HGASM0202      Page 8

  25  0014              #line 25 "D:\Wade\Project\Robot_Arm\Holtek_MCU\Program\Step_Motor_v3\Step_Motor_v3.c"
  25  0000              @code .section at 0 'code'
  25  0000  1F0B        	clr bp
  25  0001  2800     R  	jmp _main_startup1
  25  0002              
  25  0002              
  25  0002              ; 
  25  0002              ; Generated by holtek-gcc v3.19, Tue Jan 25 03:49:05 2022
  25  0002              ; Rebuild 718
  25  0002              ; end of file


        0 Errors, 0