"File: Robot_Arm_Main_v3.c  Assembler  Version HGASM0202      Page 1


   1  0000              ; Generated by holtek-gcc v3.19, Wed Oct 20 14:42:44 2021
   2  0000              ; 
   3  0000              ; Configuration:
   4  0000              ;       with long instruction
   5  0000              ;       Multi-ROM, Multi-RAM
   6  0000              ;       bits_per_rom_unit:16
   7  0000              ;       with mp1
   8  0000              ;       with tbhp, address(0x9)
   9  0000              ;          Use tabrd-const
  10  0000              ;       
  11  0000              ; SFR address of long-instruction arch:
  12  0000              ;    mp0 = -1,1,0
  13  0000              ;    mp1 = 4,3,2
  14  0000              ;    mp2 = 14,13,12
  15  0000              ;    tbp = 9,7,8
  16  0000              ;    acc = 5
  17  0000              ;    pcl = 6
  18  0000              ;    status = 10
  19  0000              ;    bp = 11
  20  0000              ;    intc = 16
  21  0000              ;       
  22  0000              ;       
  23  0000              ; use 'tabrdc' instead of 'tabrd'
  24  0000              ;       
  25  0000              
  26  0000              #pragma translator "holtek-gcc 4.6.4" "3.19" "build 20130711"
  27  0000              ; Rebuild 718
  28  0000              
  29  0000              ir equ [2]
  30  0000              mp equ [3]
  31  0000              sbp equ [4]
  32  0000              acc equ [5]
  33  0000              bp equ [11]
  34  0000              tblp equ [7]
  35  0000              tbhp equ [9]
  36  0000              status equ [10]
  37  0000              c equ [10].0
  38  0000              ac equ [10].1
  39  0000              z equ [10].2
  40  0000              ov equ [10].3
  41  0000              cz equ [10].6
  42  0000              sc equ [10].7
  43  0000              intc equ [16]
  44  0000              mduwr0 equ [59h]
  45  0000              mduwr1 equ [5ah]
  46  0000              mduwr2 equ [5bh]
  47  0000              mduwr3 equ [5ch]
  48  0000              mduwr4 equ [5dh]
  49  0000              mduwr5 equ [5eh]
  50  0000              mduwrctrl equ [5fh]
  51  0000              
  52  0000              extern ra:byte
  53  0000              extern rb:byte
  54  0000              extern rc:byte
  55  0000              extern rd:byte
  56  0000              extern re:byte
  57  0000              extern rf:byte
  58  0000              extern rg:byte
  59  0000              extern rh:byte
"File: Robot_Arm_Main_v3.ASM  Assembler  Version HGASM0202      Page 2

  60  0000              extern _Crom2Prom:near
  61  0000              extern _Crom2PromNext:near
  62  0000              
  63  0000              RAMBANK 0 @BITDATASEC, @BITDATASEC1
  64  0000              @HCCINIT	.section 'data'
  65  0000              @HCCINIT0	.section 'data'
  66  0000              @BITDATASEC	 .section 'data'
  67  0000              @BITDATASEC1	 .section 'data'
  68  0000              
  69  0000              #pragma debug scope 1 1
  70  0000              	extern __DELAY3:near
  71  0000              	extern __DELAYX3:near
  72  0000              	extern __DELAYX6:near
  73  0000              	extern __DELAYY5:near
  74  0000              	extern __DELAYY3:near
  75  0000              	extern _builtin_holtek_delay_2:byte
  76  0000              ___pas1 equ [334]
  77  0000              ___u0cr1 equ [273]
  78  0000              ___u0cr2 equ [274]
  79  0000              ___brg0 equ [276]
  80  0000              ___mfi5 equ [56]
  81  0000              ___intc3 equ [19]
  82  0000              ___intc0 equ [16]
  83  0000              public _UART_Setup
  84  0000              #pragma debug scope 2 1

 186  0000              #line 186 "D:\Wade\Project\Robot_Arm\Holtek MCU\Program\Robot_Arm_Main_v3\Robot_Arm_Main_v3.c"
 186  0000              _UART_Setup .section 'code'
 186  0000              _UART_Setup proc
 187  0000              #line 187 "D:\Wade\Project\Robot_Arm\Holtek MCU\Program\Robot_Arm_Main_v3\Robot_Arm_Main_v3.c"
 187  0000  0FF0        	mov a,240
 187  0001  80CE 0001   	lmov [334],a
 188  0003              #line 188 "D:\Wade\Project\Robot_Arm\Holtek MCU\Program\Robot_Arm_Main_v3\Robot_Arm_Main_v3.c"
 188  0003  0F80        	mov a,128
 188  0004  8091 0001   	lmov [273],a
 189  0006              #line 189 "D:\Wade\Project\Robot_Arm\Holtek MCU\Program\Robot_Arm_Main_v3\Robot_Arm_Main_v3.c"
 189  0006  0F44        	mov a,68
 189  0007  8092 0001   	lmov [274],a
 190  0009              #line 190 "D:\Wade\Project\Robot_Arm\Holtek MCU\Program\Robot_Arm_Main_v3\Robot_Arm_Main_v3.c"
 190  0009  0F05        	mov a,5
 190  000A  8094 0001   	lmov [276],a
 191  000C              #line 191 "D:\Wade\Project\Robot_Arm\Holtek MCU\Program\Robot_Arm_Main_v3\Robot_Arm_Main_v3.c"
 191  000C  3038        	set [56].0
 192  000D              #line 192 "D:\Wade\Project\Robot_Arm\Holtek MCU\Program\Robot_Arm_Main_v3\Robot_Arm_Main_v3.c"
 192  000D  3638        	clr [56].4
 193  000E              #line 193 "D:\Wade\Project\Robot_Arm\Holtek MCU\Program\Robot_Arm_Main_v3\Robot_Arm_Main_v3.c"
 193  000E  3193        	set [19].3
 194  000F              #line 194 "D:\Wade\Project\Robot_Arm\Holtek MCU\Program\Robot_Arm_Main_v3\Robot_Arm_Main_v3.c"
 194  000F  3010        	set [16].0
 194  0010  0003        	ret
 194  0011              _UART_Setup endp
 194  0011              #line 194 "D:\Wade\Project\Robot_Arm\Holtek MCU\Program\Robot_Arm_Main_v3\Robot_Arm_Main_v3.c"
 194  0011              #pragma debug scope 1 1
 194  0011              ___u0sr equ [272]
 194  0011              ___txr_rxr0 equ [275]
 194  0011              public _Read_Data
 194  0011              #pragma debug scope 3 1
 198  0011              #line 198 "D:\Wade\Project\Robot_Arm\Holtek MCU\Program\Robot_Arm_Main_v3\Robot_Arm_Main_v3.c"
 198  0000              _Read_Data .section 'code'
 198  0000              _Read_Data proc
"File: Robot_Arm_Main_v3.c  Assembler  Version HGASM0202      Page 3

 198  0000              _L4:
 199  0000              #line 199 "D:\Wade\Project\Robot_Arm\Holtek MCU\Program\Robot_Arm_Main_v3\Robot_Arm_Main_v3.c"
 199  0000  B990 0001   	lsnz [272].3
 199  0002  2800     R  	jmp _L4
 200  0003              #line 200 "D:\Wade\Project\Robot_Arm\Holtek MCU\Program\Robot_Arm_Main_v3\Robot_Arm_Main_v3.c"
 200  0003  0700     R  	mov a,_kn[0]
 200  0004  0080     E  	mov rb,a
 200  0005  0700     R  	mov a,_kn[1]
 200  0006  0080     E  	mov rc,a
 200  0007  8713 0001   	lmov a,[275]
 200  0009  0080     E  	mov ra,a
 200  000A  0F00     R  	mov a,low offset _R_Data
 200  000B  0300     E  	add a,rb
 200  000C  0083        	mov mp,a
 200  000D  0F00     R  	mov a,high offset _R_Data
 200  000E  1300     E  	adc a,rc
 200  000F  0084        	mov sbp,a
 200  0010  0700     E  	mov a,ra
 200  0011  0082        	mov ir,a
 201  0012              #line 201 "D:\Wade\Project\Robot_Arm\Holtek MCU\Program\Robot_Arm_Main_v3\Robot_Arm_Main_v3.c"
 201  0012  0700     E  	mov a,ra
 201  0013  0A2F        	sub a,47
 201  0014  3D0A        	sz z
 201  0015  2800     R  	jmp _L5
 201  0016  0F09        	mov a,9
 201  0017  0200     E  	sub a,rb
 201  0018  0F00        	mov a,0
 201  0019  1200     E  	sbc a,rc
 201  001A  3C0A        	sz c
 201  001B  2800     R  	jmp _L6
 201  001C              _L5:
 201  001C              #pragma debug scope 4 3
 201  001C              ;begin block, line: 201.-1
 203  001C              #line 203 "D:\Wade\Project\Robot_Arm\Holtek MCU\Program\Robot_Arm_Main_v3\Robot_Arm_Main_v3.c"
 203  001C  1F00     R  	clr _kn[0]
 203  001D  1F00     R  	clr _kn[1]
 205  001E              #line 205 "D:\Wade\Project\Robot_Arm\Holtek MCU\Program\Robot_Arm_Main_v3\Robot_Arm_Main_v3.c"
 205  001E  1F00     E  	clr rb
 205  001F  1F00     E  	clr rc
 205  0020              _L8:
 206  0020              #line 206 "D:\Wade\Project\Robot_Arm\Holtek MCU\Program\Robot_Arm_Main_v3\Robot_Arm_Main_v3.c"
 206  0020  0F00     R  	mov a,low offset _R_Data
 206  0021  0300     E  	add a,rb
 206  0022  0083        	mov mp,a
 206  0023  0F00     R  	mov a,high offset _R_Data
 206  0024  1300     E  	adc a,rc
 206  0025  0084        	mov sbp,a
 206  0026              	fcall _Crom2Prom
 206  002D  0080     E  	mov ra,a
 206  002E  0F00     R  	mov a,low offset _Data
 206  002F  0300     E  	add a,rb
 206  0030  0083        	mov mp,a
 206  0031  0F00     R  	mov a,high offset _Data
 206  0032  1300     E  	adc a,rc
 206  0033  0084        	mov sbp,a
 206  0034  0700     E  	mov a,ra
 206  0035  0082        	mov ir,a
 205  0036              #line 205 "D:\Wade\Project\Robot_Arm\Holtek MCU\Program\Robot_Arm_Main_v3\Robot_Arm_Main_v3.c"
 205  0036  1480     E  	inc rb
 205  0037  3D0A        	sz z
"File: Robot_Arm_Main_v3.c  Assembler  Version HGASM0202      Page 4

 205  0038  1480     E  	inc rc
 205  0039  0700     E  	mov a,rb
 205  003A  0C0A        	xor a,10
 205  003B  0500     E  	or a,rc
 205  003C  390A        	snz z
 205  003D  2800     R  	jmp _L8
 205  003E  2800     R  	jmp _L2
 205  003F              _L6:
 205  003F              #pragma debug scope 3 1
 208  003F              #line 208 "D:\Wade\Project\Robot_Arm\Holtek MCU\Program\Robot_Arm_Main_v3\Robot_Arm_Main_v3.c"
 208  003F  0F01        	mov a,1
 208  0040  0300     E  	add a,rb
 208  0041  0080     R  	mov _kn[0],a
 208  0042  0F00        	mov a,0
 208  0043  1300     E  	adc a,rc
 208  0044  0080     R  	mov _kn[1],a
 208  0045              _L2:
 208  0045  0003        	ret
 208  0046              _Read_Data endp
 208  0046              #line 208 "D:\Wade\Project\Robot_Arm\Holtek MCU\Program\Robot_Arm_Main_v3\Robot_Arm_Main_v3.c"
 208  0046              #pragma debug scope 1 1
 208  0046              ___pc equ [27]
 208  0046              public _Uart_R
 208  0046              #pragma debug scope 5 1
 178  0046              #line 178 "D:\Wade\Project\Robot_Arm\Holtek MCU\Program\Robot_Arm_Main_v3\Robot_Arm_Main_v3.c"
 178  0046              rombank 0 @Uart_R_code
 178  0000              @Uart_R_code .section at 60 'code'
 178  0000  0080     E  	mov r1,a
 178  0001  070B        	mov a,bp
 178  0002  1F0B        	clr bp
 178  0003  2800     R  	jmp _Uart_R
 178  0004              ROMBANK 0 _Uart_R
 178  0004              #pragma debug scope 1 1
 178  0004              @dummy60 endp
 178  0004              #pragma debug scope 6 1
 178  0000              _Uart_R .section 'code'
 178  0000              _Uart_R proc
 178  0000  0080     E  	mov r2,a
 178  0001  070A        	mov a, status
 178  0002  0080     E  	mov r3,a
 178  0003  0703        	mov a,mp
 178  0004  0080     E  	mov r4,a
 178  0005  0704        	mov a,sbp
 178  0006  0080     E  	mov r5,a
 178  0007  0707        	mov a,tblp
 178  0008  0080     E  	mov r6,a
 178  0009  0709        	mov a,tbhp
 178  000A  0080     E  	mov r7,a
 179  000B              #line 179 "D:\Wade\Project\Robot_Arm\Holtek MCU\Program\Robot_Arm_Main_v3\Robot_Arm_Main_v3.c"
 179  000B  341B        	clr [27].0
 180  000C              #line 180 "D:\Wade\Project\Robot_Arm\Holtek MCU\Program\Robot_Arm_Main_v3\Robot_Arm_Main_v3.c"
 180  000C              	fcall _Read_Data
 181  0013              #line 181 "D:\Wade\Project\Robot_Arm\Holtek MCU\Program\Robot_Arm_Main_v3\Robot_Arm_Main_v3.c"
 181  0013  3638        	clr [56].4
 182  0014              #line 182 "D:\Wade\Project\Robot_Arm\Holtek MCU\Program\Robot_Arm_Main_v3\Robot_Arm_Main_v3.c"
 182  0014  301B        	set [27].0
 182  0015  0700     E  	mov a,r2
 182  0016  008B        	mov bp,a
 182  0017  0700     E  	mov a,r3
 182  0018  008A        	mov status,a
"File: Robot_Arm_Main_v3.c  Assembler  Version HGASM0202      Page 5

 182  0019  0700     E  	mov a,r4
 182  001A  0083        	mov mp,a
 182  001B  0700     E  	mov a,r5
 182  001C  0084        	mov sbp,a
 182  001D  0700     E  	mov a,r6
 182  001E  0087        	mov tblp,a
 182  001F  0700     E  	mov a,r7
 182  0020  0089        	mov tbhp,a
 182  0021  1D05        	tabrdc acc
 182  0022  0700     E  	mov a,r1
 182  0023  0004        	reti
 182  0024              _Uart_R endp
 182  0024              
 182  0024              #line 182 "D:\Wade\Project\Robot_Arm\Holtek MCU\Program\Robot_Arm_Main_v3\Robot_Arm_Main_v3.c"
 182  0024              #pragma debug scope 1 1
 182  0024              ___stm0c0 equ [78]
 182  0024              ___stm0c1 equ [79]
 182  0024              ___stm0rp equ [84]
 182  0024              ___stm0al equ [82]
 182  0024              ___stm0ah equ [83]
 182  0024              ___stm1c0 equ [306]
 182  0024              ___stm1c1 equ [307]
 182  0024              ___stm1rp equ [312]
 182  0024              ___stm1al equ [310]
 182  0024              ___stm1ah equ [311]
 182  0024              ___stm2c0 equ [313]
 182  0024              ___stm2c1 equ [314]
 182  0024              ___stm2rp equ [319]
 182  0024              ___stm2al equ [317]
 182  0024              ___stm2ah equ [318]
 182  0024              ___ptm0c0 equ [70]
 182  0024              ___ptm0c1 equ [71]
 182  0024              ___ptm0rpl equ [76]
 182  0024              ___ptm0rph equ [77]
 182  0024              ___ptm0al equ [74]
 182  0024              ___ptm0ah equ [75]
 182  0024              ___ptm1c0 equ [282]
 182  0024              ___ptm1c1 equ [283]
 182  0024              ___ptm1rpl equ [288]
 182  0024              ___ptm1rph equ [289]
 182  0024              ___ptm1al equ [286]
 182  0024              ___ptm1ah equ [287]
 182  0024              ___ptm2c0 equ [290]
 182  0024              ___ptm2c1 equ [291]
 182  0024              ___ptm2rpl equ [296]
 182  0024              ___ptm2rph equ [297]
 182  0024              ___ptm2al equ [294]
 182  0024              ___ptm2ah equ [295]
 182  0024              public _time_setup
 182  0024              #pragma debug scope 7 1
 227  0024              #line 227 "D:\Wade\Project\Robot_Arm\Holtek MCU\Program\Robot_Arm_Main_v3\Robot_Arm_Main_v3.c"
 227  0000              _time_setup .section 'code'
 227  0000              _time_setup proc
 228  0000              #line 228 "D:\Wade\Project\Robot_Arm\Holtek MCU\Program\Robot_Arm_Main_v3\Robot_Arm_Main_v3.c"
 228  0000  0F30        	mov a,48
 228  0001  00CE        	mov [78],a
 229  0002              #line 229 "D:\Wade\Project\Robot_Arm\Holtek MCU\Program\Robot_Arm_Main_v3\Robot_Arm_Main_v3.c"
 229  0002  0FA8        	mov a,168
 229  0003  00CF        	mov [79],a
 230  0004              #line 230 "D:\Wade\Project\Robot_Arm\Holtek MCU\Program\Robot_Arm_Main_v3\Robot_Arm_Main_v3.c"
"File: Robot_Arm_Main_v3.c  Assembler  Version HGASM0202      Page 6

 230  0004  0F19        	mov a,25
 230  0005  00D4        	mov [84],a
 231  0006              #line 231 "D:\Wade\Project\Robot_Arm\Holtek MCU\Program\Robot_Arm_Main_v3\Robot_Arm_Main_v3.c"
 231  0006  0F90        	mov a,144
 231  0007  00D2        	mov [82],a
 231  0008  0F01        	mov a,1
 231  0009  00D3        	mov [83],a
 233  000A              #line 233 "D:\Wade\Project\Robot_Arm\Holtek MCU\Program\Robot_Arm_Main_v3\Robot_Arm_Main_v3.c"
 233  000A  0F30        	mov a,48
 233  000B  80B2 0001   	lmov [306],a
 234  000D              #line 234 "D:\Wade\Project\Robot_Arm\Holtek MCU\Program\Robot_Arm_Main_v3\Robot_Arm_Main_v3.c"
 234  000D  0FA8        	mov a,168
 234  000E  80B3 0001   	lmov [307],a
 235  0010              #line 235 "D:\Wade\Project\Robot_Arm\Holtek MCU\Program\Robot_Arm_Main_v3\Robot_Arm_Main_v3.c"
 235  0010  0F19        	mov a,25
 235  0011  80B8 0001   	lmov [312],a
 236  0013              #line 236 "D:\Wade\Project\Robot_Arm\Holtek MCU\Program\Robot_Arm_Main_v3\Robot_Arm_Main_v3.c"
 236  0013  0F90        	mov a,144
 236  0014  80B6 0001   	lmov [310],a
 236  0016  0F01        	mov a,1
 236  0017  80B7 0001   	lmov [311],a
 238  0019              #line 238 "D:\Wade\Project\Robot_Arm\Holtek MCU\Program\Robot_Arm_Main_v3\Robot_Arm_Main_v3.c"
 238  0019  0F30        	mov a,48
 238  001A  80B9 0001   	lmov [313],a
 239  001C              #line 239 "D:\Wade\Project\Robot_Arm\Holtek MCU\Program\Robot_Arm_Main_v3\Robot_Arm_Main_v3.c"
 239  001C  0FA8        	mov a,168
 239  001D  80BA 0001   	lmov [314],a
 240  001F              #line 240 "D:\Wade\Project\Robot_Arm\Holtek MCU\Program\Robot_Arm_Main_v3\Robot_Arm_Main_v3.c"
 240  001F  0F19        	mov a,25
 240  0020  80BF 0001   	lmov [319],a
 241  0022              #line 241 "D:\Wade\Project\Robot_Arm\Holtek MCU\Program\Robot_Arm_Main_v3\Robot_Arm_Main_v3.c"
 241  0022  0F90        	mov a,144
 241  0023  80BD 0001   	lmov [317],a
 241  0025  0F01        	mov a,1
 241  0026  80BE 0001   	lmov [318],a
 243  0028              #line 243 "D:\Wade\Project\Robot_Arm\Holtek MCU\Program\Robot_Arm_Main_v3\Robot_Arm_Main_v3.c"
 243  0028  0F30        	mov a,48
 243  0029  00C6        	mov [70],a
 244  002A              #line 244 "D:\Wade\Project\Robot_Arm\Holtek MCU\Program\Robot_Arm_Main_v3\Robot_Arm_Main_v3.c"
 244  002A  0FA8        	mov a,168
 244  002B  00C7        	mov [71],a
 245  002C              #line 245 "D:\Wade\Project\Robot_Arm\Holtek MCU\Program\Robot_Arm_Main_v3\Robot_Arm_Main_v3.c"
 245  002C  0FFE        	mov a,254
 245  002D  00CC        	mov [76],a
 245  002E  0F07        	mov a,7
 245  002F  00CD        	mov [77],a
 246  0030              #line 246 "D:\Wade\Project\Robot_Arm\Holtek MCU\Program\Robot_Arm_Main_v3\Robot_Arm_Main_v3.c"
 246  0030  0F90        	mov a,144
 246  0031  00CA        	mov [74],a
 246  0032  0F01        	mov a,1
 246  0033  00CB        	mov [75],a
 248  0034              #line 248 "D:\Wade\Project\Robot_Arm\Holtek MCU\Program\Robot_Arm_Main_v3\Robot_Arm_Main_v3.c"
 248  0034  0F30        	mov a,48
 248  0035  809A 0001   	lmov [282],a
 249  0037              #line 249 "D:\Wade\Project\Robot_Arm\Holtek MCU\Program\Robot_Arm_Main_v3\Robot_Arm_Main_v3.c"
 249  0037  0FA8        	mov a,168
 249  0038  809B 0001   	lmov [283],a
 250  003A              #line 250 "D:\Wade\Project\Robot_Arm\Holtek MCU\Program\Robot_Arm_Main_v3\Robot_Arm_Main_v3.c"
 250  003A  0FFE        	mov a,254
 250  003B  80A0 0001   	lmov [288],a
"File: Robot_Arm_Main_v3.c  Assembler  Version HGASM0202      Page 7

 250  003D  0F07        	mov a,7
 250  003E  80A1 0001   	lmov [289],a
 251  0040              #line 251 "D:\Wade\Project\Robot_Arm\Holtek MCU\Program\Robot_Arm_Main_v3\Robot_Arm_Main_v3.c"
 251  0040  0F90        	mov a,144
 251  0041  809E 0001   	lmov [286],a
 251  0043  0F01        	mov a,1
 251  0044  809F 0001   	lmov [287],a
 253  0046              #line 253 "D:\Wade\Project\Robot_Arm\Holtek MCU\Program\Robot_Arm_Main_v3\Robot_Arm_Main_v3.c"
 253  0046  0F30        	mov a,48
 253  0047  80A2 0001   	lmov [290],a
 254  0049              #line 254 "D:\Wade\Project\Robot_Arm\Holtek MCU\Program\Robot_Arm_Main_v3\Robot_Arm_Main_v3.c"
 254  0049  0FA8        	mov a,168
 254  004A  80A3 0001   	lmov [291],a
 255  004C              #line 255 "D:\Wade\Project\Robot_Arm\Holtek MCU\Program\Robot_Arm_Main_v3\Robot_Arm_Main_v3.c"
 255  004C  0FFE        	mov a,254
 255  004D  80A8 0001   	lmov [296],a
 255  004F  0F07        	mov a,7
 255  0050  80A9 0001   	lmov [297],a
 256  0052              #line 256 "D:\Wade\Project\Robot_Arm\Holtek MCU\Program\Robot_Arm_Main_v3\Robot_Arm_Main_v3.c"
 256  0052  0F7C        	mov a,124
 256  0053  80A6 0001   	lmov [294],a
 256  0055  0F01        	mov a,1
 256  0056  80A7 0001   	lmov [295],a
 256  0058  0003        	ret
 256  0059              _time_setup endp
 256  0059              #line 256 "D:\Wade\Project\Robot_Arm\Holtek MCU\Program\Robot_Arm_Main_v3\Robot_Arm_Main_v3.c"
 256  0059              #pragma debug scope 1 1
 256  0059              ___pcs1 equ [338]
 256  0059              ___pds0 equ [339]
 256  0059              ___pfs1 equ [344]
 256  0059              ___pcs0 equ [337]
 256  0059              public _servo_setup
 256  0059              #pragma debug scope 8 1
 212  0059              #line 212 "D:\Wade\Project\Robot_Arm\Holtek MCU\Program\Robot_Arm_Main_v3\Robot_Arm_Main_v3.c"
 212  0000              _servo_setup .section 'code'
 212  0000              _servo_setup proc
 213  0000              #line 213 "D:\Wade\Project\Robot_Arm\Holtek MCU\Program\Robot_Arm_Main_v3\Robot_Arm_Main_v3.c"
 213  0000              	fcall _time_setup
 214  0007              #line 214 "D:\Wade\Project\Robot_Arm\Holtek MCU\Program\Robot_Arm_Main_v3\Robot_Arm_Main_v3.c"
 214  0007  0F22        	mov a,34
 214  0008  80D2 0001   	lmov [338],a
 215  000A              #line 215 "D:\Wade\Project\Robot_Arm\Holtek MCU\Program\Robot_Arm_Main_v3\Robot_Arm_Main_v3.c"
 215  000A  0F12        	mov a,18
 215  000B  80D3 0001   	lmov [339],a
 216  000D              #line 216 "D:\Wade\Project\Robot_Arm\Holtek MCU\Program\Robot_Arm_Main_v3\Robot_Arm_Main_v3.c"
 216  000D  0F80        	mov a,128
 216  000E  80D8 0001   	lmov [344],a
 217  0010              #line 217 "D:\Wade\Project\Robot_Arm\Holtek MCU\Program\Robot_Arm_Main_v3\Robot_Arm_Main_v3.c"
 217  0010  0F20        	mov a,32
 217  0011  80D1 0001   	lmov [337],a
 218  0013              #line 218 "D:\Wade\Project\Robot_Arm\Holtek MCU\Program\Robot_Arm_Main_v3\Robot_Arm_Main_v3.c"
 218  0013  31CE        	set [78].3
 218  0014  0FBE        	mov a,190
 218  0015  00D2        	mov [82],a
 218  0016  1F53        	clr [83]
 219  0017              #line 219 "D:\Wade\Project\Robot_Arm\Holtek MCU\Program\Robot_Arm_Main_v3\Robot_Arm_Main_v3.c"
 219  0017  B1B2 0001   	lset [306].3
 219  0019  0FBE        	mov a,190
 219  001A  80B6 0001   	lmov [310],a
 219  001C  9F37 0001   	lclr [311]
"File: Robot_Arm_Main_v3.c  Assembler  Version HGASM0202      Page 8

 220  001E              #line 220 "D:\Wade\Project\Robot_Arm\Holtek MCU\Program\Robot_Arm_Main_v3\Robot_Arm_Main_v3.c"
 220  001E  B1B9 0001   	lset [313].3
 220  0020  0FAA        	mov a,170
 220  0021  80BD 0001   	lmov [317],a
 220  0023  9F3E 0001   	lclr [318]
 221  0025              #line 221 "D:\Wade\Project\Robot_Arm\Holtek MCU\Program\Robot_Arm_Main_v3\Robot_Arm_Main_v3.c"
 221  0025  31C6        	set [70].3
 221  0026  0FBE        	mov a,190
 221  0027  00CA        	mov [74],a
 221  0028  1F4B        	clr [75]
 222  0029              #line 222 "D:\Wade\Project\Robot_Arm\Holtek MCU\Program\Robot_Arm_Main_v3\Robot_Arm_Main_v3.c"
 222  0029  B19A 0001   	lset [282].3
 222  002B  0FBE        	mov a,190
 222  002C  809E 0001   	lmov [286],a
 222  002E  9F1F 0001   	lclr [287]
 223  0030              #line 223 "D:\Wade\Project\Robot_Arm\Holtek MCU\Program\Robot_Arm_Main_v3\Robot_Arm_Main_v3.c"
 223  0030  B1A2 0001   	lset [290].3
 223  0032  0FBE        	mov a,190
 223  0033  80A6 0001   	lmov [294],a
 223  0035  9F27 0001   	lclr [295]
 223  0037  0003        	ret
 223  0038              _servo_setup endp
 223  0038              #line 223 "D:\Wade\Project\Robot_Arm\Holtek MCU\Program\Robot_Arm_Main_v3\Robot_Arm_Main_v3.c"
 223  0038              #pragma debug scope 1 1
 223  0038              ___ptm3c0 equ [298]
 223  0038              ___ptm3c1 equ [299]
 223  0038              ___mfi4 equ [55]
 223  0038              public _ptm_setup
 223  0038              #pragma debug scope 9 1
 260  0038              #line 260 "D:\Wade\Project\Robot_Arm\Holtek MCU\Program\Robot_Arm_Main_v3\Robot_Arm_Main_v3.c"
 260  0000              _ptm_setup .section 'code'
 260  0000              _ptm_setup proc
 261  0000              #line 261 "D:\Wade\Project\Robot_Arm\Holtek MCU\Program\Robot_Arm_Main_v3\Robot_Arm_Main_v3.c"
 261  0000  9F2A 0001   	lclr [298]
 262  0002              #line 262 "D:\Wade\Project\Robot_Arm\Holtek MCU\Program\Robot_Arm_Main_v3\Robot_Arm_Main_v3.c"
 262  0002  0FC1        	mov a,193
 262  0003  80AB 0001   	lmov [299],a
 263  0005              #line 263 "D:\Wade\Project\Robot_Arm\Holtek MCU\Program\Robot_Arm_Main_v3\Robot_Arm_Main_v3.c"
 263  0005  3010        	set [16].0
 264  0006              #line 264 "D:\Wade\Project\Robot_Arm\Holtek MCU\Program\Robot_Arm_Main_v3\Robot_Arm_Main_v3.c"
 264  0006  3113        	set [19].2
 265  0007              #line 265 "D:\Wade\Project\Robot_Arm\Holtek MCU\Program\Robot_Arm_Main_v3\Robot_Arm_Main_v3.c"
 265  0007  30B7        	set [55].1
 266  0008              #line 266 "D:\Wade\Project\Robot_Arm\Holtek MCU\Program\Robot_Arm_Main_v3\Robot_Arm_Main_v3.c"
 266  0008  36B7        	clr [55].5
 266  0009  0003        	ret
 266  000A              _ptm_setup endp
 266  000A              #line 266 "D:\Wade\Project\Robot_Arm\Holtek MCU\Program\Robot_Arm_Main_v3\Robot_Arm_Main_v3.c"
 266  000A              #pragma debug scope 1 1
 266  000A              ___ptm3al equ [302]
 266  000A              ___ptm3ah equ [303]
 266  000A              public _ptm_delay
 266  000A              #pragma debug scope 10 1
 270  000A              #line 270 "D:\Wade\Project\Robot_Arm\Holtek MCU\Program\Robot_Arm_Main_v3\Robot_Arm_Main_v3.c"
 270  0000              _ptm_delay .section 'code'
 270  0000              _ptm_delay proc
 270  0000              public _ptm_delay_2
 270  0000  0002[           local _ptm_delay_2 db 2 dup(?)	; 2,0
            00
            ]
"File: Robot_Arm_Main_v3.c  Assembler  Version HGASM0202      Page 9

 270  0002              #pragma debug variable 12 10 _ptm_delay_2+0 "tm"
 271  0002              #line 271 "D:\Wade\Project\Robot_Arm\Holtek MCU\Program\Robot_Arm_Main_v3\Robot_Arm_Main_v3.c"
 271  0000  0700     R  	mov a,_ptm_delay_2[0]
 271  0001  80AE 0001   	lmov [302],a
 272  0003              #line 272 "D:\Wade\Project\Robot_Arm\Holtek MCU\Program\Robot_Arm_Main_v3\Robot_Arm_Main_v3.c"
 272  0003  0700     R  	mov a,_ptm_delay_2[1]
 272  0004  80AF 0001   	lmov [303],a
 273  0006              #line 273 "D:\Wade\Project\Robot_Arm\Holtek MCU\Program\Robot_Arm_Main_v3\Robot_Arm_Main_v3.c"
 273  0006  B1AA 0001   	lset [298].3
 273  0008              _L22:
 274  0008              #line 274 "D:\Wade\Project\Robot_Arm\Holtek MCU\Program\Robot_Arm_Main_v3\Robot_Arm_Main_v3.c"
 274  0008  3AB7        	snz [55].5
 274  0009  2800     R  	jmp _L22
 275  000A              #line 275 "D:\Wade\Project\Robot_Arm\Holtek MCU\Program\Robot_Arm_Main_v3\Robot_Arm_Main_v3.c"
 275  000A  B5AA 0001   	lclr [298].3
 276  000C              #line 276 "D:\Wade\Project\Robot_Arm\Holtek MCU\Program\Robot_Arm_Main_v3\Robot_Arm_Main_v3.c"
 276  000C  36B7        	clr [55].5
 276  000D  0003        	ret
 276  000E              _ptm_delay endp
 276  000E              #line 276 "D:\Wade\Project\Robot_Arm\Holtek MCU\Program\Robot_Arm_Main_v3\Robot_Arm_Main_v3.c"
 276  000E              #pragma debug scope 1 1
 276  000E              ___pd equ [30]
 276  000E              public _motor_callb
 276  000E              #pragma debug scope 11 1
 280  000E              #line 280 "D:\Wade\Project\Robot_Arm\Holtek MCU\Program\Robot_Arm_Main_v3\Robot_Arm_Main_v3.c"
 280  0000              _motor_callb .section 'code'
 280  0000              _motor_callb proc
 281  0000              #line 281 "D:\Wade\Project\Robot_Arm\Holtek MCU\Program\Robot_Arm_Main_v3\Robot_Arm_Main_v3.c"
 281  0000  369E        	clr [30].5
 282  0001              #line 282 "D:\Wade\Project\Robot_Arm\Holtek MCU\Program\Robot_Arm_Main_v3\Robot_Arm_Main_v3.c"
 282  0001  361E        	clr [30].4
 283  0002              #line 283 "D:\Wade\Project\Robot_Arm\Holtek MCU\Program\Robot_Arm_Main_v3\Robot_Arm_Main_v3.c"
 283  0002  2800     R  	jmp _L24
 283  0003              _L25:
 285  0003              #line 285 "D:\Wade\Project\Robot_Arm\Holtek MCU\Program\Robot_Arm_Main_v3\Robot_Arm_Main_v3.c"
 285  0003  359E        	clr [30].3
 286  0004              #line 286 "D:\Wade\Project\Robot_Arm\Holtek MCU\Program\Robot_Arm_Main_v3\Robot_Arm_Main_v3.c"
 286  0004  0F20        	mov a,32
 286  0005  0080     R  	mov _ptm_delay_2[0],a
 286  0006  0F03        	mov a,3
 286  0007  0080     R  	mov _ptm_delay_2[1],a
 286  0008              	fcall _ptm_delay
 287  000F              #line 287 "D:\Wade\Project\Robot_Arm\Holtek MCU\Program\Robot_Arm_Main_v3\Robot_Arm_Main_v3.c"
 287  000F  319E        	set [30].3
 288  0010              #line 288 "D:\Wade\Project\Robot_Arm\Holtek MCU\Program\Robot_Arm_Main_v3\Robot_Arm_Main_v3.c"
 288  0010  0F20        	mov a,32
 288  0011  0080     R  	mov _ptm_delay_2[0],a
 288  0012  0F03        	mov a,3
 288  0013  0080     R  	mov _ptm_delay_2[1],a
 288  0014              	fcall _ptm_delay
 288  001B              _L24:
 283  001B              #line 283 "D:\Wade\Project\Robot_Arm\Holtek MCU\Program\Robot_Arm_Main_v3\Robot_Arm_Main_v3.c"
 283  001B  3F1E        	sz [30].6
 283  001C  2800     R  	jmp _L25
 283  001D  0003        	ret
 283  001E              _motor_callb endp
 283  001E              #line 283 "D:\Wade\Project\Robot_Arm\Holtek MCU\Program\Robot_Arm_Main_v3\Robot_Arm_Main_v3.c"
 283  001E              #pragma debug scope 1 1
 283  001E              public _motor_deg
 283  001E              #pragma debug scope 12 1
"File: Robot_Arm_Main_v3.c  Assembler  Version HGASM0202      Page 10

 293  001E              #line 293 "D:\Wade\Project\Robot_Arm\Holtek MCU\Program\Robot_Arm_Main_v3\Robot_Arm_Main_v3.c"
 293  0000              _motor_deg .section 'code'
 293  0000              _motor_deg proc
 293  0000              public _motor_deg_2
 293  0000  0007[           local _motor_deg_2 db 7 dup(?)	; 4,3
            00
            ]
 293  0007              #pragma debug variable 10 12 _motor_deg_2+0 "deg"
 293  0007              #pragma debug variable 12 12 _motor_deg_2+2 "time"
 293  0007              #pragma debug variable 10 12 _motor_deg_2+4 "j"
 295  0007              #line 295 "D:\Wade\Project\Robot_Arm\Holtek MCU\Program\Robot_Arm_Main_v3\Robot_Arm_Main_v3.c"
 295  0000  1F00     R  	clr _motor_deg_2[4]
 295  0001  1F00     R  	clr _motor_deg_2[5]
 295  0002              _L27:
 295  0002              #line 295 "D:\Wade\Project\Robot_Arm\Holtek MCU\Program\Robot_Arm_Main_v3\Robot_Arm_Main_v3.c"
 295  0002  0700     R  	mov a,_motor_deg_2[4]
 295  0003  0200     R  	sub a,_motor_deg_2[0]
 295  0004  0700     R  	mov a,_motor_deg_2[5]
 295  0005  1200     R  	sbc a,_motor_deg_2[1]
 295  0006  3F0A        	sz cz
 295  0007  2800     R  	jmp _L26
 295  0008  1F00     R  	clr _motor_deg_2[6]
 295  0009              _L30:
 299  0009              #line 299 "D:\Wade\Project\Robot_Arm\Holtek MCU\Program\Robot_Arm_Main_v3\Robot_Arm_Main_v3.c"
 299  0009  359E        	clr [30].3
 300  000A              #line 300 "D:\Wade\Project\Robot_Arm\Holtek MCU\Program\Robot_Arm_Main_v3\Robot_Arm_Main_v3.c"
 300  000A  0700     R  	mov a,_motor_deg_2[2]
 300  000B  0080     R  	mov _ptm_delay_2[0],a
 300  000C  0700     R  	mov a,_motor_deg_2[3]
 300  000D  0080     R  	mov _ptm_delay_2[1],a
 300  000E              	fcall _ptm_delay
 301  0015              #line 301 "D:\Wade\Project\Robot_Arm\Holtek MCU\Program\Robot_Arm_Main_v3\Robot_Arm_Main_v3.c"
 301  0015  319E        	set [30].3
 302  0016              #line 302 "D:\Wade\Project\Robot_Arm\Holtek MCU\Program\Robot_Arm_Main_v3\Robot_Arm_Main_v3.c"
 302  0016  0700     R  	mov a,_motor_deg_2[2]
 302  0017  0080     R  	mov _ptm_delay_2[0],a
 302  0018  0700     R  	mov a,_motor_deg_2[3]
 302  0019  0080     R  	mov _ptm_delay_2[1],a
 302  001A              	fcall _ptm_delay
 302  0021  1480     R  	inc _motor_deg_2[6]
 297  0022              #line 297 "D:\Wade\Project\Robot_Arm\Holtek MCU\Program\Robot_Arm_Main_v3\Robot_Arm_Main_v3.c"
 297  0022  0700     R  	mov a,_motor_deg_2[6]
 297  0023  0A09        	sub a,9
 297  0024  390A        	snz z
 297  0025  2800     R  	jmp _L30
 295  0026              #line 295 "D:\Wade\Project\Robot_Arm\Holtek MCU\Program\Robot_Arm_Main_v3\Robot_Arm_Main_v3.c"
 295  0026  1480     R  	inc _motor_deg_2[4]
 295  0027  3D0A        	sz z
 295  0028  1480     R  	inc _motor_deg_2[5]
 295  0029  2800     R  	jmp _L27
 295  002A              _L26:
 295  002A  0003        	ret
 295  002B              _motor_deg endp
 295  002B              #line 295 "D:\Wade\Project\Robot_Arm\Holtek MCU\Program\Robot_Arm_Main_v3\Robot_Arm_Main_v3.c"
 295  002B              #pragma debug scope 1 1
 295  002B              public _delay
 295  002B              #pragma debug scope 13 1
 308  002B              #line 308 "D:\Wade\Project\Robot_Arm\Holtek MCU\Program\Robot_Arm_Main_v3\Robot_Arm_Main_v3.c"
 308  0000              _delay .section 'code'
 308  0000              _delay proc
"File: Robot_Arm_Main_v3.c  Assembler  Version HGASM0202      Page 11

 308  0000              public _delay_2
 308  0000  0002[           local _delay_2 db 2 dup(?)	; 2,0
            00
            ]
 308  0002              #pragma debug variable 10 13 _delay_2+0 "var"
 310  0002              #line 310 "D:\Wade\Project\Robot_Arm\Holtek MCU\Program\Robot_Arm_Main_v3\Robot_Arm_Main_v3.c"
 310  0000  1F00     E  	clr rb
 310  0001  1F00     E  	clr rc
 310  0002              _L32:
 310  0002              #line 310 "D:\Wade\Project\Robot_Arm\Holtek MCU\Program\Robot_Arm_Main_v3\Robot_Arm_Main_v3.c"
 310  0002  0700     E  	mov a,rb
 310  0003  0200     R  	sub a,_delay_2[0]
 310  0004  0700     E  	mov a,rc
 310  0005  1200     R  	sbc a,_delay_2[1]
 310  0006  3F0A        	sz cz
 310  0007  2800     R  	jmp _L31
 310  0008  1F00     E  	clr ra
 310  0009              _L35:
 312  0009              #line 312 "D:\Wade\Project\Robot_Arm\Holtek MCU\Program\Robot_Arm_Main_v3\Robot_Arm_Main_v3.c"
 312  0009              ;# 312 "D:\Wade\Project\Robot_Arm\Holtek MCU\Program\Robot_Arm_Main_v3\Robot_Arm_Main_v3.c" 1
 312  0009  0000        	nop
 312  000A  1480     E  	inc ra
 311  000B              #line 311 "D:\Wade\Project\Robot_Arm\Holtek MCU\Program\Robot_Arm_Main_v3\Robot_Arm_Main_v3.c"
 311  000B  0700     E  	mov a,ra
 311  000C  0A19        	sub a,25
 311  000D  390A        	snz z
 311  000E  2800     R  	jmp _L35
 310  000F              #line 310 "D:\Wade\Project\Robot_Arm\Holtek MCU\Program\Robot_Arm_Main_v3\Robot_Arm_Main_v3.c"
 310  000F  1480     E  	inc rb
 310  0010  3D0A        	sz z
 310  0011  1480     E  	inc rc
 310  0012  2800     R  	jmp _L32
 310  0013              _L31:
 310  0013  0003        	ret
 310  0014              _delay endp
 310  0014              #line 310 "D:\Wade\Project\Robot_Arm\Holtek MCU\Program\Robot_Arm_Main_v3\Robot_Arm_Main_v3.c"
 310  0014              #pragma debug scope 1 1
 310  0014              ___wdtc equ [62]
 310  0014              ___scc equ [58]
 310  0014              ___hircc equ [59]
 310  0014              ___pdc equ [31]
 310  0014              ___pdpu equ [32]
 310  0014              ___pcc equ [28]
 310  0014              public _main
 310  0014              #pragma debug scope 14 1
  42  0014              #line 42 "D:\Wade\Project\Robot_Arm\Holtek MCU\Program\Robot_Arm_Main_v3\Robot_Arm_Main_v3.c"
  42  0014              IFDEF WITH_DEFAULT_STARTUP
  42  0014              extern _main_initial0:near
  42  0014              extern _main_startup:near
  42  0014              ENDIF
  42  0014              
  42  0014              ROMBANK 0 @start
  42  0000              @start .section com_l 'code'
  42  0000              _main_startup1:
  42  0000              @start .section com_e 'code'
  42  0000  0F00     R  	mov a,bank _main
  42  0001  008B        	mov bp,a
  42  0002  2800     R  	jmp _main
  42  0003              
  42  0000              _main .section 'code'
"File: Robot_Arm_Main_v3.c  Assembler  Version HGASM0202      Page 12

  42  0000              _main proc
  42  0000  00              local _main_2 db 1 dup(?)
  43  0001              #line 43 "D:\Wade\Project\Robot_Arm\Holtek MCU\Program\Robot_Arm_Main_v3\Robot_Arm_Main_v3.c"
  43  0000  0FAB        	mov a,171
  43  0001  00BE        	mov [62],a
  45  0002              #line 45 "D:\Wade\Project\Robot_Arm\Holtek MCU\Program\Robot_Arm_Main_v3\Robot_Arm_Main_v3.c"
  45  0002  0F01        	mov a,1
  45  0003  00BA        	mov [58],a
  46  0004              #line 46 "D:\Wade\Project\Robot_Arm\Holtek MCU\Program\Robot_Arm_Main_v3\Robot_Arm_Main_v3.c"
  46  0004  0F0B        	mov a,11
  46  0005  00BB        	mov [59],a
  49  0006              #line 49 "D:\Wade\Project\Robot_Arm\Holtek MCU\Program\Robot_Arm_Main_v3\Robot_Arm_Main_v3.c"
  49  0006              	fcall _UART_Setup
  52  000D              #line 52 "D:\Wade\Project\Robot_Arm\Holtek MCU\Program\Robot_Arm_Main_v3\Robot_Arm_Main_v3.c"
  52  000D              	fcall _servo_setup
  55  0014              #line 55 "D:\Wade\Project\Robot_Arm\Holtek MCU\Program\Robot_Arm_Main_v3\Robot_Arm_Main_v3.c"
  55  0014  361F        	clr [31].4
  56  0015              #line 56 "D:\Wade\Project\Robot_Arm\Holtek MCU\Program\Robot_Arm_Main_v3\Robot_Arm_Main_v3.c"
  56  0015  369F        	clr [31].5
  57  0016              #line 57 "D:\Wade\Project\Robot_Arm\Holtek MCU\Program\Robot_Arm_Main_v3\Robot_Arm_Main_v3.c"
  57  0016  359F        	clr [31].3
  58  0017              #line 58 "D:\Wade\Project\Robot_Arm\Holtek MCU\Program\Robot_Arm_Main_v3\Robot_Arm_Main_v3.c"
  58  0017  331F        	set [31].6
  59  0018              #line 59 "D:\Wade\Project\Robot_Arm\Holtek MCU\Program\Robot_Arm_Main_v3\Robot_Arm_Main_v3.c"
  59  0018  3320        	set [32].6
  62  0019              #line 62 "D:\Wade\Project\Robot_Arm\Holtek MCU\Program\Robot_Arm_Main_v3\Robot_Arm_Main_v3.c"
  62  0019  341C        	clr [28].0
  63  001A              #line 63 "D:\Wade\Project\Robot_Arm\Holtek MCU\Program\Robot_Arm_Main_v3\Robot_Arm_Main_v3.c"
  63  001A  301B        	set [27].0
  70  001B              #line 70 "D:\Wade\Project\Robot_Arm\Holtek MCU\Program\Robot_Arm_Main_v3\Robot_Arm_Main_v3.c"
  70  001B  1F00     E  	clr rb
  70  001C  1F00     E  	clr rc
  70  001D              _L38:
  71  001D              #line 71 "D:\Wade\Project\Robot_Arm\Holtek MCU\Program\Robot_Arm_Main_v3\Robot_Arm_Main_v3.c"
  71  001D  0F00     R  	mov a,low offset _R_Data
  71  001E  0300     E  	add a,rb
  71  001F  0083        	mov mp,a
  71  0020  0F00     R  	mov a,high offset _R_Data
  71  0021  1300     E  	adc a,rc
  71  0022  0084        	mov sbp,a
  71  0023  0F20        	mov a,32
  71  0024  0082        	mov ir,a
  70  0025              #line 70 "D:\Wade\Project\Robot_Arm\Holtek MCU\Program\Robot_Arm_Main_v3\Robot_Arm_Main_v3.c"
  70  0025  1480     E  	inc rb
  70  0026  3D0A        	sz z
  70  0027  1480     E  	inc rc
  70  0028  0700     E  	mov a,rb
  70  0029  0C0A        	xor a,10
  70  002A  0500     E  	or a,rc
  70  002B  390A        	snz z
  70  002C  2800     R  	jmp _L38
  74  002D              #line 74 "D:\Wade\Project\Robot_Arm\Holtek MCU\Program\Robot_Arm_Main_v3\Robot_Arm_Main_v3.c"
  74  002D              	fcall _motor_callb
  75  0034              #line 75 "D:\Wade\Project\Robot_Arm\Holtek MCU\Program\Robot_Arm_Main_v3\Robot_Arm_Main_v3.c"
  75  0034  321E        	set [30].4
  76  0035              #line 76 "D:\Wade\Project\Robot_Arm\Holtek MCU\Program\Robot_Arm_Main_v3\Robot_Arm_Main_v3.c"
  76  0035  0F20        	mov a,32
  76  0036  0080     R  	mov _motor_deg_2[2],a
  76  0037  0F03        	mov a,3
  76  0038  0080     R  	mov _motor_deg_2[3],a
"File: Robot_Arm_Main_v3.c  Assembler  Version HGASM0202      Page 13

  76  0039  0F68        	mov a,104
  76  003A  0080     R  	mov _motor_deg_2[0],a
  76  003B  0F01        	mov a,1
  76  003C  0080     R  	mov _motor_deg_2[1],a
  76  003D              	fcall _motor_deg
  77  0044              #line 77 "D:\Wade\Project\Robot_Arm\Holtek MCU\Program\Robot_Arm_Main_v3\Robot_Arm_Main_v3.c"
  77  0044  0F88        	mov a,-120
  77  0045  0080     R  	mov _delay_2[0],a
  77  0046  0F13        	mov a,19
  77  0047  0080     R  	mov _delay_2[1],a
  77  0048              	fcall _delay
  78  004F              #line 78 "D:\Wade\Project\Robot_Arm\Holtek MCU\Program\Robot_Arm_Main_v3\Robot_Arm_Main_v3.c"
  78  004F  329E        	set [30].5
  78  0050              _L59:
  83  0050              #line 83 "D:\Wade\Project\Robot_Arm\Holtek MCU\Program\Robot_Arm_Main_v3\Robot_Arm_Main_v3.c"
  83  0050  0700     R  	mov a,_R_Data[0]
  83  0051  0A41        	sub a,65
  83  0052  390A        	snz z
  83  0053  2800     R  	jmp _L39
  85  0054              #line 85 "D:\Wade\Project\Robot_Arm\Holtek MCU\Program\Robot_Arm_Main_v3\Robot_Arm_Main_v3.c"
  85  0054  0F30        	mov a,48
  85  0055  0300     R  	add a,_R_Data[3]
  85  0056  0080     E  	mov rf,a
  85  0057  0FEB        	mov a,235
  85  0058  1F00     E  	clr rg
  85  0059  1380     E  	adcm a,rg
  85  005A  1B10        	rrca intc
  85  005B  3410        	clr intc.0
  85  005C  0700     R  	mov a,_R_Data[1]
  85  005D  00D9        	mov mduwr0,a
  85  005E  0F64        	mov a,100
  85  005F  00DD        	mov mduwr4,a
  85  0060  1F5A        	clr mduwr1
  85  0061  0F00        	mov a,0
  85  0062  00DE        	mov mduwr5,a
  85  0063  0F06        	mov a,6
  85  0064              _LI1:
  85  0064  1785        	sdz acc
  85  0065  2800     R  	jmp _LI1
  85  0066  0759        	mov a,mduwr0
  85  0067  0080     E  	mov rb,a
  85  0068  075A        	mov a,mduwr1
  85  0069  0080     E  	mov rc,a
  85  006A  3C0A        	sz c
  85  006B  3010        	set intc.0
  85  006C  0700     E  	mov a,rb
  85  006D  0380     E  	addm a,rf
  85  006E  0700     E  	mov a,rc
  85  006F  1380     E  	adcm a,rg
  85  0070  0700     R  	mov a,_R_Data[2]
  85  0071  0080     E  	mov rd,a
  85  0072  1F00     E  	clr re
  85  0073  340A        	clr c
  85  0074  1A00     E  	rlca rd
  85  0075  0080     E  	mov rb,a
  85  0076  1A00     E  	rlca re
  85  0077  0080     E  	mov rc,a
  85  0078  340A        	clr c
  85  0079  1A80     E  	rlc rb
  85  007A  1A80     E  	rlc rc
"File: Robot_Arm_Main_v3.c  Assembler  Version HGASM0202      Page 14

  85  007B  0700     E  	mov a,rb
  85  007C  0380     E  	addm a,rd
  85  007D  0700     E  	mov a,rc
  85  007E  1380     E  	adcm a,re
  85  007F  340A        	clr c
  85  0080  1A80     E  	rlc rd
  85  0081  1A80     E  	rlc re
  85  0082  0700     E  	mov a,rd
  85  0083  0300     E  	add a,rf
  85  0084  0080     E  	mov rb,a
  85  0085  0700     E  	mov a,re
  85  0086  1300     E  	adc a,rg
  85  0087  0080     E  	mov rc,a
  86  0088              #line 86 "D:\Wade\Project\Robot_Arm\Holtek MCU\Program\Robot_Arm_Main_v3\Robot_Arm_Main_v3.c"
  86  0088  0FAE        	mov a,174
  86  0089  0200     E  	sub a,rb
  86  008A  0080     E  	mov ra,a
  86  008B  0700     E  	mov a,ra
  86  008C  0200     E  	sub a,rb
  86  008D  00D2        	mov [82],a
  86  008E  0FAE        	mov a,174
  86  008F  0200     E  	sub a,rb
  86  0090  0080     E  	mov rf,a
  86  0091  0F01        	mov a,1
  86  0092  1200     E  	sbc a,rc
  86  0093  0080     E  	mov rg,a
  86  0094  0700     E  	mov a,rf
  86  0095  0080     E  	mov rd,a
  86  0096  0700     E  	mov a,rg
  86  0097  0080     E  	mov re,a
  86  0098  0700     E  	mov a,rd
  86  0099  0200     E  	sub a,rb
  86  009A  0080     E  	mov rd,a
  86  009B  0700     E  	mov a,re
  86  009C  1200     E  	sbc a,rc
  86  009D  0080     E  	mov re,a
  86  009E  0700     E  	mov a,re
  86  009F  00D3        	mov [83],a
  87  00A0              #line 87 "D:\Wade\Project\Robot_Arm\Holtek MCU\Program\Robot_Arm_Main_v3\Robot_Arm_Main_v3.c"
  87  00A0  0F01        	mov a,1
  87  00A1  0080     R  	mov _delay_2[0],a
  87  00A2  1F00     R  	clr _delay_2[1]
  87  00A3              	fcall _delay
  87  00AA              _L39:
  89  00AA              #line 89 "D:\Wade\Project\Robot_Arm\Holtek MCU\Program\Robot_Arm_Main_v3\Robot_Arm_Main_v3.c"
  89  00AA  0700     R  	mov a,_R_Data[0]
  89  00AB  0A42        	sub a,66
  89  00AC  390A        	snz z
  89  00AD  2800     R  	jmp _L40
  91  00AE              #line 91 "D:\Wade\Project\Robot_Arm\Holtek MCU\Program\Robot_Arm_Main_v3\Robot_Arm_Main_v3.c"
  91  00AE  0F30        	mov a,48
  91  00AF  0300     R  	add a,_R_Data[3]
  91  00B0  0080     E  	mov rf,a
  91  00B1  0FEB        	mov a,235
  91  00B2  1F00     E  	clr rg
  91  00B3  1380     E  	adcm a,rg
  91  00B4  1B10        	rrca intc
  91  00B5  3410        	clr intc.0
  91  00B6  0700     R  	mov a,_R_Data[1]
  91  00B7  00D9        	mov mduwr0,a
"File: Robot_Arm_Main_v3.c  Assembler  Version HGASM0202      Page 15

  91  00B8  0F64        	mov a,100
  91  00B9  00DD        	mov mduwr4,a
  91  00BA  1F5A        	clr mduwr1
  91  00BB  0F00        	mov a,0
  91  00BC  00DE        	mov mduwr5,a
  91  00BD  0F06        	mov a,6
  91  00BE              _LI2:
  91  00BE  1785        	sdz acc
  91  00BF  2800     R  	jmp _LI2
  91  00C0  0759        	mov a,mduwr0
  91  00C1  0080     E  	mov rb,a
  91  00C2  075A        	mov a,mduwr1
  91  00C3  0080     E  	mov rc,a
  91  00C4  3C0A        	sz c
  91  00C5  3010        	set intc.0
  91  00C6  0700     E  	mov a,rb
  91  00C7  0380     E  	addm a,rf
  91  00C8  0700     E  	mov a,rc
  91  00C9  1380     E  	adcm a,rg
  91  00CA  0700     R  	mov a,_R_Data[2]
  91  00CB  0080     E  	mov rd,a
  91  00CC  1F00     E  	clr re
  91  00CD  340A        	clr c
  91  00CE  1A00     E  	rlca rd
  91  00CF  0080     E  	mov rb,a
  91  00D0  1A00     E  	rlca re
  91  00D1  0080     E  	mov rc,a
  91  00D2  340A        	clr c
  91  00D3  1A80     E  	rlc rb
  91  00D4  1A80     E  	rlc rc
  91  00D5  0700     E  	mov a,rb
  91  00D6  0380     E  	addm a,rd
  91  00D7  0700     E  	mov a,rc
  91  00D8  1380     E  	adcm a,re
  91  00D9  340A        	clr c
  91  00DA  1A80     E  	rlc rd
  91  00DB  1A80     E  	rlc re
  91  00DC  0700     E  	mov a,rd
  91  00DD  0300     E  	add a,rf
  91  00DE  0080     E  	mov rb,a
  91  00DF  0700     E  	mov a,re
  91  00E0  1300     E  	adc a,rg
  91  00E1  0080     E  	mov rc,a
  92  00E2              #line 92 "D:\Wade\Project\Robot_Arm\Holtek MCU\Program\Robot_Arm_Main_v3\Robot_Arm_Main_v3.c"
  92  00E2  0FAE        	mov a,174
  92  00E3  0200     E  	sub a,rb
  92  00E4  0080     E  	mov ra,a
  92  00E5  0700     E  	mov a,ra
  92  00E6  0200     E  	sub a,rb
  92  00E7  80B6 0001   	lmov [310],a
  92  00E9  0FAE        	mov a,174
  92  00EA  0200     E  	sub a,rb
  92  00EB  0080     E  	mov rf,a
  92  00EC  0F01        	mov a,1
  92  00ED  1200     E  	sbc a,rc
  92  00EE  0080     E  	mov rg,a
  92  00EF  0700     E  	mov a,rf
  92  00F0  0080     E  	mov rd,a
  92  00F1  0700     E  	mov a,rg
  92  00F2  0080     E  	mov re,a
"File: Robot_Arm_Main_v3.c  Assembler  Version HGASM0202      Page 16

  92  00F3  0700     E  	mov a,rd
  92  00F4  0200     E  	sub a,rb
  92  00F5  0080     E  	mov rd,a
  92  00F6  0700     E  	mov a,re
  92  00F7  1200     E  	sbc a,rc
  92  00F8  0080     E  	mov re,a
  92  00F9  0700     E  	mov a,re
  92  00FA  80B7 0001   	lmov [311],a
  93  00FC              #line 93 "D:\Wade\Project\Robot_Arm\Holtek MCU\Program\Robot_Arm_Main_v3\Robot_Arm_Main_v3.c"
  93  00FC  0F01        	mov a,1
  93  00FD  0080     R  	mov _delay_2[0],a
  93  00FE  1F00     R  	clr _delay_2[1]
  93  00FF              	fcall _delay
  93  0106              _L40:
  95  0106              #line 95 "D:\Wade\Project\Robot_Arm\Holtek MCU\Program\Robot_Arm_Main_v3\Robot_Arm_Main_v3.c"
  95  0106  0700     R  	mov a,_R_Data[0]
  95  0107  0A43        	sub a,67
  95  0108  390A        	snz z
  95  0109  2800     R  	jmp _L41
  97  010A              #line 97 "D:\Wade\Project\Robot_Arm\Holtek MCU\Program\Robot_Arm_Main_v3\Robot_Arm_Main_v3.c"
  97  010A  0F30        	mov a,48
  97  010B  0300     R  	add a,_R_Data[3]
  97  010C  0080     E  	mov rf,a
  97  010D  0FEB        	mov a,235
  97  010E  1F00     E  	clr rg
  97  010F  1380     E  	adcm a,rg
  97  0110  1B10        	rrca intc
  97  0111  3410        	clr intc.0
  97  0112  0700     R  	mov a,_R_Data[1]
  97  0113  00D9        	mov mduwr0,a
  97  0114  0F64        	mov a,100
  97  0115  00DD        	mov mduwr4,a
  97  0116  1F5A        	clr mduwr1
  97  0117  0F00        	mov a,0
  97  0118  00DE        	mov mduwr5,a
  97  0119  0F06        	mov a,6
  97  011A              _LI3:
  97  011A  1785        	sdz acc
  97  011B  2800     R  	jmp _LI3
  97  011C  0759        	mov a,mduwr0
  97  011D  0080     E  	mov rb,a
  97  011E  075A        	mov a,mduwr1
  97  011F  0080     E  	mov rc,a
  97  0120  3C0A        	sz c
  97  0121  3010        	set intc.0
  97  0122  0700     E  	mov a,rb
  97  0123  0380     E  	addm a,rf
  97  0124  0700     E  	mov a,rc
  97  0125  1380     E  	adcm a,rg
  97  0126  0700     R  	mov a,_R_Data[2]
  97  0127  0080     E  	mov rd,a
  97  0128  1F00     E  	clr re
  97  0129  340A        	clr c
  97  012A  1A00     E  	rlca rd
  97  012B  0080     E  	mov rb,a
  97  012C  1A00     E  	rlca re
  97  012D  0080     E  	mov rc,a
  97  012E  340A        	clr c
  97  012F  1A80     E  	rlc rb
  97  0130  1A80     E  	rlc rc
"File: Robot_Arm_Main_v3.c  Assembler  Version HGASM0202      Page 17

  97  0131  0700     E  	mov a,rb
  97  0132  0380     E  	addm a,rd
  97  0133  0700     E  	mov a,rc
  97  0134  1380     E  	adcm a,re
  97  0135  340A        	clr c
  97  0136  1A80     E  	rlc rd
  97  0137  1A80     E  	rlc re
  97  0138  0700     E  	mov a,rd
  97  0139  0300     E  	add a,rf
  97  013A  0080     E  	mov rb,a
  97  013B  0700     E  	mov a,re
  97  013C  1300     E  	adc a,rg
  97  013D  0080     E  	mov rc,a
  98  013E              #line 98 "D:\Wade\Project\Robot_Arm\Holtek MCU\Program\Robot_Arm_Main_v3\Robot_Arm_Main_v3.c"
  98  013E  0F9A        	mov a,154
  98  013F  0200     E  	sub a,rb
  98  0140  0080     E  	mov ra,a
  98  0141  0700     E  	mov a,ra
  98  0142  0200     E  	sub a,rb
  98  0143  80BD 0001   	lmov [317],a
  98  0145  0F9A        	mov a,154
  98  0146  0200     E  	sub a,rb
  98  0147  0080     E  	mov rf,a
  98  0148  0F01        	mov a,1
  98  0149  1200     E  	sbc a,rc
  98  014A  0080     E  	mov rg,a
  98  014B  0700     E  	mov a,rf
  98  014C  0080     E  	mov rd,a
  98  014D  0700     E  	mov a,rg
  98  014E  0080     E  	mov re,a
  98  014F  0700     E  	mov a,rd
  98  0150  0200     E  	sub a,rb
  98  0151  0080     E  	mov rd,a
  98  0152  0700     E  	mov a,re
  98  0153  1200     E  	sbc a,rc
  98  0154  0080     E  	mov re,a
  98  0155  0700     E  	mov a,re
  98  0156  80BE 0001   	lmov [318],a
  99  0158              #line 99 "D:\Wade\Project\Robot_Arm\Holtek MCU\Program\Robot_Arm_Main_v3\Robot_Arm_Main_v3.c"
  99  0158  0F01        	mov a,1
  99  0159  0080     R  	mov _delay_2[0],a
  99  015A  1F00     R  	clr _delay_2[1]
  99  015B              	fcall _delay
  99  0162              _L41:
 101  0162              #line 101 "D:\Wade\Project\Robot_Arm\Holtek MCU\Program\Robot_Arm_Main_v3\Robot_Arm_Main_v3.c"
 101  0162  0700     R  	mov a,_R_Data[0]
 101  0163  0A44        	sub a,68
 101  0164  390A        	snz z
 101  0165  2800     R  	jmp _L42
 103  0166              #line 103 "D:\Wade\Project\Robot_Arm\Holtek MCU\Program\Robot_Arm_Main_v3\Robot_Arm_Main_v3.c"
 103  0166  0F30        	mov a,48
 103  0167  0300     R  	add a,_R_Data[3]
 103  0168  0080     E  	mov rf,a
 103  0169  0FEB        	mov a,235
 103  016A  1F00     E  	clr rg
 103  016B  1380     E  	adcm a,rg
 103  016C  1B10        	rrca intc
 103  016D  3410        	clr intc.0
 103  016E  0700     R  	mov a,_R_Data[1]
 103  016F  00D9        	mov mduwr0,a
"File: Robot_Arm_Main_v3.c  Assembler  Version HGASM0202      Page 18

 103  0170  0F64        	mov a,100
 103  0171  00DD        	mov mduwr4,a
 103  0172  1F5A        	clr mduwr1
 103  0173  0F00        	mov a,0
 103  0174  00DE        	mov mduwr5,a
 103  0175  0F06        	mov a,6
 103  0176              _LI4:
 103  0176  1785        	sdz acc
 103  0177  2800     R  	jmp _LI4
 103  0178  0759        	mov a,mduwr0
 103  0179  0080     E  	mov rb,a
 103  017A  075A        	mov a,mduwr1
 103  017B  0080     E  	mov rc,a
 103  017C  3C0A        	sz c
 103  017D  3010        	set intc.0
 103  017E  0700     E  	mov a,rb
 103  017F  0380     E  	addm a,rf
 103  0180  0700     E  	mov a,rc
 103  0181  1380     E  	adcm a,rg
 103  0182  0700     R  	mov a,_R_Data[2]
 103  0183  0080     E  	mov rd,a
 103  0184  1F00     E  	clr re
 103  0185  340A        	clr c
 103  0186  1A00     E  	rlca rd
 103  0187  0080     E  	mov rb,a
 103  0188  1A00     E  	rlca re
 103  0189  0080     E  	mov rc,a
 103  018A  340A        	clr c
 103  018B  1A80     E  	rlc rb
 103  018C  1A80     E  	rlc rc
 103  018D  0700     E  	mov a,rb
 103  018E  0380     E  	addm a,rd
 103  018F  0700     E  	mov a,rc
 103  0190  1380     E  	adcm a,re
 103  0191  340A        	clr c
 103  0192  1A80     E  	rlc rd
 103  0193  1A80     E  	rlc re
 103  0194  0700     E  	mov a,rd
 103  0195  0300     E  	add a,rf
 103  0196  0080     E  	mov rb,a
 103  0197  0700     E  	mov a,re
 103  0198  1300     E  	adc a,rg
 103  0199  0080     E  	mov rc,a
 104  019A              #line 104 "D:\Wade\Project\Robot_Arm\Holtek MCU\Program\Robot_Arm_Main_v3\Robot_Arm_Main_v3.c"
 104  019A  0F9A        	mov a,154
 104  019B  0200     E  	sub a,rb
 104  019C  0080     E  	mov ra,a
 104  019D  0700     E  	mov a,ra
 104  019E  0200     E  	sub a,rb
 104  019F  00CA        	mov [74],a
 104  01A0  0F9A        	mov a,154
 104  01A1  0200     E  	sub a,rb
 104  01A2  0080     E  	mov rf,a
 104  01A3  0F01        	mov a,1
 104  01A4  1200     E  	sbc a,rc
 104  01A5  0080     E  	mov rg,a
 104  01A6  0700     E  	mov a,rf
 104  01A7  0080     E  	mov rd,a
 104  01A8  0700     E  	mov a,rg
 104  01A9  0080     E  	mov re,a
"File: Robot_Arm_Main_v3.c  Assembler  Version HGASM0202      Page 19

 104  01AA  0700     E  	mov a,rd
 104  01AB  0200     E  	sub a,rb
 104  01AC  0080     E  	mov rd,a
 104  01AD  0700     E  	mov a,re
 104  01AE  1200     E  	sbc a,rc
 104  01AF  0080     E  	mov re,a
 104  01B0  0700     E  	mov a,re
 104  01B1  00CB        	mov [75],a
 105  01B2              #line 105 "D:\Wade\Project\Robot_Arm\Holtek MCU\Program\Robot_Arm_Main_v3\Robot_Arm_Main_v3.c"
 105  01B2  0F01        	mov a,1
 105  01B3  0080     R  	mov _delay_2[0],a
 105  01B4  1F00     R  	clr _delay_2[1]
 105  01B5              	fcall _delay
 105  01BC              _L42:
 107  01BC              #line 107 "D:\Wade\Project\Robot_Arm\Holtek MCU\Program\Robot_Arm_Main_v3\Robot_Arm_Main_v3.c"
 107  01BC  0700     R  	mov a,_R_Data[0]
 107  01BD  0A45        	sub a,69
 107  01BE  390A        	snz z
 107  01BF  2800     R  	jmp _L43
 109  01C0              #line 109 "D:\Wade\Project\Robot_Arm\Holtek MCU\Program\Robot_Arm_Main_v3\Robot_Arm_Main_v3.c"
 109  01C0  0F30        	mov a,48
 109  01C1  0300     R  	add a,_R_Data[3]
 109  01C2  0080     E  	mov rf,a
 109  01C3  0FEB        	mov a,235
 109  01C4  1F00     E  	clr rg
 109  01C5  1380     E  	adcm a,rg
 109  01C6  1B10        	rrca intc
 109  01C7  3410        	clr intc.0
 109  01C8  0700     R  	mov a,_R_Data[1]
 109  01C9  00D9        	mov mduwr0,a
 109  01CA  0F64        	mov a,100
 109  01CB  00DD        	mov mduwr4,a
 109  01CC  1F5A        	clr mduwr1
 109  01CD  0F00        	mov a,0
 109  01CE  00DE        	mov mduwr5,a
 109  01CF  0F06        	mov a,6
 109  01D0              _LI5:
 109  01D0  1785        	sdz acc
 109  01D1  2800     R  	jmp _LI5
 109  01D2  0759        	mov a,mduwr0
 109  01D3  0080     E  	mov rb,a
 109  01D4  075A        	mov a,mduwr1
 109  01D5  0080     E  	mov rc,a
 109  01D6  3C0A        	sz c
 109  01D7  3010        	set intc.0
 109  01D8  0700     E  	mov a,rb
 109  01D9  0380     E  	addm a,rf
 109  01DA  0700     E  	mov a,rc
 109  01DB  1380     E  	adcm a,rg
 109  01DC  0700     R  	mov a,_R_Data[2]
 109  01DD  0080     E  	mov rd,a
 109  01DE  1F00     E  	clr re
 109  01DF  340A        	clr c
 109  01E0  1A00     E  	rlca rd
 109  01E1  0080     E  	mov rb,a
 109  01E2  1A00     E  	rlca re
 109  01E3  0080     E  	mov rc,a
 109  01E4  340A        	clr c
 109  01E5  1A80     E  	rlc rb
 109  01E6  1A80     E  	rlc rc
"File: Robot_Arm_Main_v3.c  Assembler  Version HGASM0202      Page 20

 109  01E7  0700     E  	mov a,rb
 109  01E8  0380     E  	addm a,rd
 109  01E9  0700     E  	mov a,rc
 109  01EA  1380     E  	adcm a,re
 109  01EB  340A        	clr c
 109  01EC  1A80     E  	rlc rd
 109  01ED  1A80     E  	rlc re
 109  01EE  0700     E  	mov a,rd
 109  01EF  0300     E  	add a,rf
 109  01F0  0080     E  	mov rb,a
 109  01F1  0700     E  	mov a,re
 109  01F2  1300     E  	adc a,rg
 109  01F3  0080     E  	mov rc,a
 110  01F4              #line 110 "D:\Wade\Project\Robot_Arm\Holtek MCU\Program\Robot_Arm_Main_v3\Robot_Arm_Main_v3.c"
 110  01F4  0F9A        	mov a,154
 110  01F5  0200     E  	sub a,rb
 110  01F6  0080     E  	mov ra,a
 110  01F7  0700     E  	mov a,ra
 110  01F8  0200     E  	sub a,rb
 110  01F9  809E 0001   	lmov [286],a
 110  01FB  0F9A        	mov a,154
 110  01FC  0200     E  	sub a,rb
 110  01FD  0080     E  	mov rf,a
 110  01FE  0F01        	mov a,1
 110  01FF  1200     E  	sbc a,rc
 110  0200  0080     E  	mov rg,a
 110  0201  0700     E  	mov a,rf
 110  0202  0080     E  	mov rd,a
 110  0203  0700     E  	mov a,rg
 110  0204  0080     E  	mov re,a
 110  0205  0700     E  	mov a,rd
 110  0206  0200     E  	sub a,rb
 110  0207  0080     E  	mov rd,a
 110  0208  0700     E  	mov a,re
 110  0209  1200     E  	sbc a,rc
 110  020A  0080     E  	mov re,a
 110  020B  0700     E  	mov a,re
 110  020C  809F 0001   	lmov [287],a
 111  020E              #line 111 "D:\Wade\Project\Robot_Arm\Holtek MCU\Program\Robot_Arm_Main_v3\Robot_Arm_Main_v3.c"
 111  020E  0F01        	mov a,1
 111  020F  0080     R  	mov _delay_2[0],a
 111  0210  1F00     R  	clr _delay_2[1]
 111  0211              	fcall _delay
 111  0218              _L43:
 114  0218              #line 114 "D:\Wade\Project\Robot_Arm\Holtek MCU\Program\Robot_Arm_Main_v3\Robot_Arm_Main_v3.c"
 114  0218  0700     R  	mov a,_R_Data[0]
 114  0219  0A46        	sub a,70
 114  021A  390A        	snz z
 114  021B  2800     R  	jmp _L44
 116  021C              #line 116 "D:\Wade\Project\Robot_Arm\Holtek MCU\Program\Robot_Arm_Main_v3\Robot_Arm_Main_v3.c"
 116  021C  0F30        	mov a,48
 116  021D  0300     R  	add a,_R_Data[3]
 116  021E  0080     E  	mov rd,a
 116  021F  0FEB        	mov a,235
 116  0220  1F00     E  	clr re
 116  0221  1380     E  	adcm a,re
 116  0222  1B10        	rrca intc
 116  0223  3410        	clr intc.0
 116  0224  0700     R  	mov a,_R_Data[1]
 116  0225  00D9        	mov mduwr0,a
"File: Robot_Arm_Main_v3.c  Assembler  Version HGASM0202      Page 21

 116  0226  0F64        	mov a,100
 116  0227  00DD        	mov mduwr4,a
 116  0228  1F5A        	clr mduwr1
 116  0229  0F00        	mov a,0
 116  022A  00DE        	mov mduwr5,a
 116  022B  0F06        	mov a,6
 116  022C              _LI6:
 116  022C  1785        	sdz acc
 116  022D  2800     R  	jmp _LI6
 116  022E  0759        	mov a,mduwr0
 116  022F  0080     E  	mov rb,a
 116  0230  075A        	mov a,mduwr1
 116  0231  0080     E  	mov rc,a
 116  0232  3C0A        	sz c
 116  0233  3010        	set intc.0
 116  0234  0700     E  	mov a,rd
 116  0235  0380     E  	addm a,rb
 116  0236  0700     E  	mov a,re
 116  0237  1380     E  	adcm a,rc
 116  0238  0700     R  	mov a,_R_Data[2]
 116  0239  0080     E  	mov rf,a
 116  023A  1F00     E  	clr rg
 116  023B  340A        	clr c
 116  023C  1A00     E  	rlca rf
 116  023D  0080     E  	mov rd,a
 116  023E  1A00     E  	rlca rg
 116  023F  0080     E  	mov re,a
 116  0240  340A        	clr c
 116  0241  1A80     E  	rlc rd
 116  0242  1A80     E  	rlc re
 116  0243  0700     E  	mov a,rf
 116  0244  0380     E  	addm a,rd
 116  0245  0700     E  	mov a,rg
 116  0246  1380     E  	adcm a,re
 116  0247  340A        	clr c
 116  0248  1A80     E  	rlc rd
 116  0249  1A80     E  	rlc re
 116  024A  0700     E  	mov a,rd
 116  024B  0380     E  	addm a,rb
 116  024C  0700     E  	mov a,re
 116  024D  1380     E  	adcm a,rc
 117  024E              #line 117 "D:\Wade\Project\Robot_Arm\Holtek MCU\Program\Robot_Arm_Main_v3\Robot_Arm_Main_v3.c"
 117  024E  0F55        	mov a,85
 117  024F  0380     E  	addm a,rb
 117  0250  0F00        	mov a,0
 117  0251  1380     E  	adcm a,rc
 117  0252  0700     E  	mov a,rb
 117  0253  0300     E  	add a,rb
 117  0254  80A6 0001   	lmov [294],a
 117  0256  340A        	clr c
 117  0257  1A80     E  	rlc rb
 117  0258  1A80     E  	rlc rc
 117  0259  0700     E  	mov a,rc
 117  025A  80A7 0001   	lmov [295],a
 118  025C              #line 118 "D:\Wade\Project\Robot_Arm\Holtek MCU\Program\Robot_Arm_Main_v3\Robot_Arm_Main_v3.c"
 118  025C  0F01        	mov a,1
 118  025D  0080     R  	mov _delay_2[0],a
 118  025E  1F00     R  	clr _delay_2[1]
 118  025F              	fcall _delay
 118  0266              _L44:
"File: Robot_Arm_Main_v3.c  Assembler  Version HGASM0202      Page 22

 122  0266              #line 122 "D:\Wade\Project\Robot_Arm\Holtek MCU\Program\Robot_Arm_Main_v3\Robot_Arm_Main_v3.c"
 122  0266  0700     R  	mov a,_Data[0]
 122  0267  0A4C        	sub a,76
 122  0268  3D0A        	sz z
 122  0269  2800     R  	jmp _L45
 122  026A              _L48:
 131  026A              #line 131 "D:\Wade\Project\Robot_Arm\Holtek MCU\Program\Robot_Arm_Main_v3\Robot_Arm_Main_v3.c"
 131  026A  0700     R  	mov a,_Data[0]
 131  026B  0A53        	sub a,83
 131  026C  390A        	snz z
 131  026D  2800     R  	jmp _L47
 131  026E  2800     R  	jmp _L70
 131  026F              _L45:
 124  026F              #line 124 "D:\Wade\Project\Robot_Arm\Holtek MCU\Program\Robot_Arm_Main_v3\Robot_Arm_Main_v3.c"
 124  026F  341B        	clr [27].0
 125  0270              #line 125 "D:\Wade\Project\Robot_Arm\Holtek MCU\Program\Robot_Arm_Main_v3\Robot_Arm_Main_v3.c"
 125  0270  369E        	clr [30].5
 126  0271              #line 126 "D:\Wade\Project\Robot_Arm\Holtek MCU\Program\Robot_Arm_Main_v3\Robot_Arm_Main_v3.c"
 126  0271  321E        	set [30].4
 127  0272              #line 127 "D:\Wade\Project\Robot_Arm\Holtek MCU\Program\Robot_Arm_Main_v3\Robot_Arm_Main_v3.c"
 127  0272  0F01        	mov a,1
 127  0273  0080     R  	mov _delay_2[0],a
 127  0274  1F00     R  	clr _delay_2[1]
 127  0275              	fcall _delay
 128  027C              #line 128 "D:\Wade\Project\Robot_Arm\Holtek MCU\Program\Robot_Arm_Main_v3\Robot_Arm_Main_v3.c"
 128  027C  1F00     E  	clr rb
 128  027D  1F00     E  	clr rc
 128  027E              _L49:
 129  027E              #line 129 "D:\Wade\Project\Robot_Arm\Holtek MCU\Program\Robot_Arm_Main_v3\Robot_Arm_Main_v3.c"
 129  027E  0F00     R  	mov a,low offset _Data
 129  027F  0300     E  	add a,rb
 129  0280  0083        	mov mp,a
 129  0281  0F00     R  	mov a,high offset _Data
 129  0282  1300     E  	adc a,rc
 129  0283  0084        	mov sbp,a
 129  0284  0F20        	mov a,32
 129  0285  0082        	mov ir,a
 128  0286              #line 128 "D:\Wade\Project\Robot_Arm\Holtek MCU\Program\Robot_Arm_Main_v3\Robot_Arm_Main_v3.c"
 128  0286  1480     E  	inc rb
 128  0287  3D0A        	sz z
 128  0288  1480     E  	inc rc
 128  0289  0700     E  	mov a,rb
 128  028A  0C0A        	xor a,10
 128  028B  0500     E  	or a,rc
 128  028C  390A        	snz z
 128  028D  2800     R  	jmp _L49
 128  028E  2800     R  	jmp _L48
 128  028F              _L70:
 133  028F              #line 133 "D:\Wade\Project\Robot_Arm\Holtek MCU\Program\Robot_Arm_Main_v3\Robot_Arm_Main_v3.c"
 133  028F  301B        	set [27].0
 134  0290              #line 134 "D:\Wade\Project\Robot_Arm\Holtek MCU\Program\Robot_Arm_Main_v3\Robot_Arm_Main_v3.c"
 134  0290  329E        	set [30].5
 135  0291              #line 135 "D:\Wade\Project\Robot_Arm\Holtek MCU\Program\Robot_Arm_Main_v3\Robot_Arm_Main_v3.c"
 135  0291  0F01        	mov a,1
 135  0292  0080     R  	mov _delay_2[0],a
 135  0293  1F00     R  	clr _delay_2[1]
 135  0294              	fcall _delay
 136  029B              #line 136 "D:\Wade\Project\Robot_Arm\Holtek MCU\Program\Robot_Arm_Main_v3\Robot_Arm_Main_v3.c"
 136  029B  1F00     E  	clr rb
 136  029C  1F00     E  	clr rc
"File: Robot_Arm_Main_v3.c  Assembler  Version HGASM0202      Page 23

 136  029D              _L52:
 137  029D              #line 137 "D:\Wade\Project\Robot_Arm\Holtek MCU\Program\Robot_Arm_Main_v3\Robot_Arm_Main_v3.c"
 137  029D  0F00     R  	mov a,low offset _Data
 137  029E  0300     E  	add a,rb
 137  029F  0083        	mov mp,a
 137  02A0  0F00     R  	mov a,high offset _Data
 137  02A1  1300     E  	adc a,rc
 137  02A2  0084        	mov sbp,a
 137  02A3  0F20        	mov a,32
 137  02A4  0082        	mov ir,a
 136  02A5              #line 136 "D:\Wade\Project\Robot_Arm\Holtek MCU\Program\Robot_Arm_Main_v3\Robot_Arm_Main_v3.c"
 136  02A5  1480     E  	inc rb
 136  02A6  3D0A        	sz z
 136  02A7  1480     E  	inc rc
 136  02A8  0700     E  	mov a,rb
 136  02A9  0C0A        	xor a,10
 136  02AA  0500     E  	or a,rc
 136  02AB  390A        	snz z
 136  02AC  2800     R  	jmp _L52
 136  02AD              _L47:
 139  02AD              #line 139 "D:\Wade\Project\Robot_Arm\Holtek MCU\Program\Robot_Arm_Main_v3\Robot_Arm_Main_v3.c"
 139  02AD  0700     R  	mov a,_Data[0]
 139  02AE  0A52        	sub a,82
 139  02AF  390A        	snz z
 139  02B0  2800     R  	jmp _L51
 141  02B1              #line 141 "D:\Wade\Project\Robot_Arm\Holtek MCU\Program\Robot_Arm_Main_v3\Robot_Arm_Main_v3.c"
 141  02B1  369E        	clr [30].5
 142  02B2              #line 142 "D:\Wade\Project\Robot_Arm\Holtek MCU\Program\Robot_Arm_Main_v3\Robot_Arm_Main_v3.c"
 142  02B2  361E        	clr [30].4
 143  02B3              #line 143 "D:\Wade\Project\Robot_Arm\Holtek MCU\Program\Robot_Arm_Main_v3\Robot_Arm_Main_v3.c"
 143  02B3  0F01        	mov a,1
 143  02B4  0080     R  	mov _delay_2[0],a
 143  02B5  1F00     R  	clr _delay_2[1]
 143  02B6              	fcall _delay
 144  02BD              #line 144 "D:\Wade\Project\Robot_Arm\Holtek MCU\Program\Robot_Arm_Main_v3\Robot_Arm_Main_v3.c"
 144  02BD  1F00     E  	clr rb
 144  02BE  1F00     E  	clr rc
 144  02BF              _L55:
 145  02BF              #line 145 "D:\Wade\Project\Robot_Arm\Holtek MCU\Program\Robot_Arm_Main_v3\Robot_Arm_Main_v3.c"
 145  02BF  0F00     R  	mov a,low offset _Data
 145  02C0  0300     E  	add a,rb
 145  02C1  0083        	mov mp,a
 145  02C2  0F00     R  	mov a,high offset _Data
 145  02C3  1300     E  	adc a,rc
 145  02C4  0084        	mov sbp,a
 145  02C5  0F20        	mov a,32
 145  02C6  0082        	mov ir,a
 144  02C7              #line 144 "D:\Wade\Project\Robot_Arm\Holtek MCU\Program\Robot_Arm_Main_v3\Robot_Arm_Main_v3.c"
 144  02C7  1480     E  	inc rb
 144  02C8  3D0A        	sz z
 144  02C9  1480     E  	inc rc
 144  02CA  0700     E  	mov a,rb
 144  02CB  0C0A        	xor a,10
 144  02CC  0500     E  	or a,rc
 144  02CD  390A        	snz z
 144  02CE  2800     R  	jmp _L55
 144  02CF              _L51:
 149  02CF              #line 149 "D:\Wade\Project\Robot_Arm\Holtek MCU\Program\Robot_Arm_Main_v3\Robot_Arm_Main_v3.c"
 149  02CF  0700     R  	mov a,_Data[0]
 149  02D0  0A4B        	sub a,75
"File: Robot_Arm_Main_v3.c  Assembler  Version HGASM0202      Page 24

 149  02D1  390A        	snz z
 149  02D2  2800     R  	jmp _L54
 149  02D3  1F00     E  	clr rb
 149  02D4  1F00     E  	clr rc
 149  02D5              _L57:
 152  02D5              #line 152 "D:\Wade\Project\Robot_Arm\Holtek MCU\Program\Robot_Arm_Main_v3\Robot_Arm_Main_v3.c"
 152  02D5  0F00     R  	mov a,low offset _Data
 152  02D6  0300     E  	add a,rb
 152  02D7  0083        	mov mp,a
 152  02D8  0F00     R  	mov a,high offset _Data
 152  02D9  1300     E  	adc a,rc
 152  02DA  0084        	mov sbp,a
 152  02DB  0F20        	mov a,32
 152  02DC  0082        	mov ir,a
 151  02DD              #line 151 "D:\Wade\Project\Robot_Arm\Holtek MCU\Program\Robot_Arm_Main_v3\Robot_Arm_Main_v3.c"
 151  02DD  1480     E  	inc rb
 151  02DE  3D0A        	sz z
 151  02DF  1480     E  	inc rc
 151  02E0  0700     E  	mov a,rb
 151  02E1  0C0A        	xor a,10
 151  02E2  0500     E  	or a,rc
 151  02E3  390A        	snz z
 151  02E4  2800     R  	jmp _L57
 153  02E5              #line 153 "D:\Wade\Project\Robot_Arm\Holtek MCU\Program\Robot_Arm_Main_v3\Robot_Arm_Main_v3.c"
 153  02E5  0FBE        	mov a,190
 153  02E6  00D2        	mov [82],a
 153  02E7  1F53        	clr [83]
 154  02E8              #line 154 "D:\Wade\Project\Robot_Arm\Holtek MCU\Program\Robot_Arm_Main_v3\Robot_Arm_Main_v3.c"
 154  02E8  0FBE        	mov a,190
 154  02E9  80B6 0001   	lmov [310],a
 154  02EB  9F37 0001   	lclr [311]
 155  02ED              #line 155 "D:\Wade\Project\Robot_Arm\Holtek MCU\Program\Robot_Arm_Main_v3\Robot_Arm_Main_v3.c"
 155  02ED  0FAA        	mov a,170
 155  02EE  80BD 0001   	lmov [317],a
 155  02F0  9F3E 0001   	lclr [318]
 156  02F2              #line 156 "D:\Wade\Project\Robot_Arm\Holtek MCU\Program\Robot_Arm_Main_v3\Robot_Arm_Main_v3.c"
 156  02F2  0FBE        	mov a,190
 156  02F3  00CA        	mov [74],a
 156  02F4  1F4B        	clr [75]
 157  02F5              #line 157 "D:\Wade\Project\Robot_Arm\Holtek MCU\Program\Robot_Arm_Main_v3\Robot_Arm_Main_v3.c"
 157  02F5  0FBE        	mov a,190
 157  02F6  809E 0001   	lmov [286],a
 157  02F8  9F1F 0001   	lclr [287]
 158  02FA              #line 158 "D:\Wade\Project\Robot_Arm\Holtek MCU\Program\Robot_Arm_Main_v3\Robot_Arm_Main_v3.c"
 158  02FA  0FBE        	mov a,190
 158  02FB  80A6 0001   	lmov [294],a
 158  02FD  9F27 0001   	lclr [295]
 160  02FF              #line 160 "D:\Wade\Project\Robot_Arm\Holtek MCU\Program\Robot_Arm_Main_v3\Robot_Arm_Main_v3.c"
 160  02FF              	fcall _motor_callb
 161  0306              #line 161 "D:\Wade\Project\Robot_Arm\Holtek MCU\Program\Robot_Arm_Main_v3\Robot_Arm_Main_v3.c"
 161  0306  321E        	set [30].4
 162  0307              #line 162 "D:\Wade\Project\Robot_Arm\Holtek MCU\Program\Robot_Arm_Main_v3\Robot_Arm_Main_v3.c"
 162  0307  0F20        	mov a,32
 162  0308  0080     R  	mov _motor_deg_2[2],a
 162  0309  0F03        	mov a,3
 162  030A  0080     R  	mov _motor_deg_2[3],a
 162  030B  0F68        	mov a,104
 162  030C  0080     R  	mov _motor_deg_2[0],a
 162  030D  0F01        	mov a,1
 162  030E  0080     R  	mov _motor_deg_2[1],a
"File: Robot_Arm_Main_v3.c  Assembler  Version HGASM0202      Page 25

 162  030F              	fcall _motor_deg
 163  0316              #line 163 "D:\Wade\Project\Robot_Arm\Holtek MCU\Program\Robot_Arm_Main_v3\Robot_Arm_Main_v3.c"
 163  0316  0F88        	mov a,-120
 163  0317  0080     R  	mov _delay_2[0],a
 163  0318  0F13        	mov a,19
 163  0319  0080     R  	mov _delay_2[1],a
 163  031A              	fcall _delay
 164  0321              #line 164 "D:\Wade\Project\Robot_Arm\Holtek MCU\Program\Robot_Arm_Main_v3\Robot_Arm_Main_v3.c"
 164  0321  329E        	set [30].5
 164  0322              _L54:
 149  0322              #line 149 "D:\Wade\Project\Robot_Arm\Holtek MCU\Program\Robot_Arm_Main_v3\Robot_Arm_Main_v3.c"
 149  0322  1F00     R  	clr _main_2[0]
 149  0323              _L60:
 169  0323              #line 169 "D:\Wade\Project\Robot_Arm\Holtek MCU\Program\Robot_Arm_Main_v3\Robot_Arm_Main_v3.c"
 169  0323  359E        	clr [30].3
 170  0324              #line 170 "D:\Wade\Project\Robot_Arm\Holtek MCU\Program\Robot_Arm_Main_v3\Robot_Arm_Main_v3.c"
 170  0324  0F14        	mov a,20
 170  0325  0080     R  	mov _ptm_delay_2[0],a
 170  0326  0F05        	mov a,5
 170  0327  0080     R  	mov _ptm_delay_2[1],a
 170  0328              	fcall _ptm_delay
 171  032F              #line 171 "D:\Wade\Project\Robot_Arm\Holtek MCU\Program\Robot_Arm_Main_v3\Robot_Arm_Main_v3.c"
 171  032F  319E        	set [30].3
 172  0330              #line 172 "D:\Wade\Project\Robot_Arm\Holtek MCU\Program\Robot_Arm_Main_v3\Robot_Arm_Main_v3.c"
 172  0330  0F14        	mov a,20
 172  0331  0080     R  	mov _ptm_delay_2[0],a
 172  0332  0F05        	mov a,5
 172  0333  0080     R  	mov _ptm_delay_2[1],a
 172  0334              	fcall _ptm_delay
 172  033B  1480     R  	inc _main_2[0]
 167  033C              #line 167 "D:\Wade\Project\Robot_Arm\Holtek MCU\Program\Robot_Arm_Main_v3\Robot_Arm_Main_v3.c"
 167  033C  0700     R  	mov a,_main_2[0]
 167  033D  0A09        	sub a,9
 167  033E  390A        	snz z
 167  033F  2800     R  	jmp _L60
 167  0340  2800     R  	jmp _L59
 167  0341  2800     R  	jmp $
 167  0342              _main endp
 167  0342              
 167  0342              @dummy endp
 167  0342              
 167  0342              #line 167 "D:\Wade\Project\Robot_Arm\Holtek MCU\Program\Robot_Arm_Main_v3\Robot_Arm_Main_v3.c"
 167  0342              #pragma debug scope 1 1
 167  0342              public _kn
 167  0000              @HCCINIT	.section 'data'
   9  0000              #line 9 "D:\Wade\Project\Robot_Arm\Holtek MCU\Program\Robot_Arm_Main_v3\Robot_Arm_Main_v3.c"
   9  0000              @HCCINIT_kn .section 'data'
   9  0000              _kn label byte
   9  0000              #pragma debug variable 10 1 _kn "kn"
   9  0000              	db 0
   9  0000              @ROMDATA_BASE .section inpage 'code'
   9  0000              	db 0
   9  0001              @HCCINIT_kn .section 'data'
   9  0001              	db 0
   9  0001              @ROMDATA_BASE .section inpage 'code'
   9  0001              	db 0
   9  0002              @HCCINIT_kn .section 'data'
   8  0002              #line 8 "D:\Wade\Project\Robot_Arm\Holtek MCU\Program\Robot_Arm_Main_v3\Robot_Arm_Main_v3.c"
   8  0002              public _Data
   8  0000              @HCCINIT0_Data .section 'data'
"File: Robot_Arm_Main_v3.c  Assembler  Version HGASM0202      Page 26

   8  0000  000A[       _Data	db 10 dup(0)
            00
            ]
   8  000A              #pragma debug array 42 8 10 1
   8  000A              #pragma debug array 42 8 10 1
   8  000A              #pragma debug variable 42 1 _Data "Data"
   8  000A              
   8  0000              @HCCINIT .section 'data'
   7  0000              #line 7 "D:\Wade\Project\Robot_Arm\Holtek MCU\Program\Robot_Arm_Main_v3\Robot_Arm_Main_v3.c"
   7  0000              public _R_Data
   7  0000              @HCCINIT0_R_Data .section 'data'
   7  0000  000A[       _R_Data	db 10 dup(0)
            00
            ]
   7  000A              #pragma debug variable 42 1 _R_Data "R_Data"
   7  000A              
   7  0000              @HCCINIT .section 'data'
   7  0000              #pragma debug struct_end
   7  0000              #pragma debug struct_end
   7  0000              #pragma debug union_end
   7  0000              #pragma debug union_end
   7  0000              #pragma debug variable 44 1 ___intc0 "__intc0" 1
   7  0000              #pragma debug struct_end
   7  0000              #pragma debug struct_end
   7  0000              #pragma debug union_end
   7  0000              #pragma debug union_end
   7  0000              #pragma debug variable 46 1 ___intc3 "__intc3" 1
   7  0000              #pragma debug struct_end
   7  0000              #pragma debug struct_end
   7  0000              #pragma debug union_end
   7  0000              #pragma debug union_end
   7  0000              #pragma debug variable 48 1 ___pc "__pc" 1
   7  0000              #pragma debug struct_end
   7  0000              #pragma debug struct_end
   7  0000              #pragma debug union_end
   7  0000              #pragma debug union_end
   7  0000              #pragma debug variable 50 1 ___pcc "__pcc" 1
   7  0000              #pragma debug struct_end
   7  0000              #pragma debug struct_end
   7  0000              #pragma debug union_end
   7  0000              #pragma debug union_end
   7  0000              #pragma debug variable 52 1 ___pd "__pd" 1
   7  0000              #pragma debug struct_end
   7  0000              #pragma debug struct_end
   7  0000              #pragma debug union_end
   7  0000              #pragma debug union_end
   7  0000              #pragma debug variable 54 1 ___pdc "__pdc" 1
   7  0000              #pragma debug struct_end
   7  0000              #pragma debug struct_end
   7  0000              #pragma debug union_end
   7  0000              #pragma debug union_end
   7  0000              #pragma debug variable 56 1 ___pdpu "__pdpu" 1
   7  0000              #pragma debug struct_end
   7  0000              #pragma debug struct_end
   7  0000              #pragma debug union_end
   7  0000              #pragma debug union_end
   7  0000              #pragma debug variable 58 1 ___mfi4 "__mfi4" 1
   7  0000              #pragma debug struct_end
   7  0000              #pragma debug struct_end
   7  0000              #pragma debug union_end
"File: Robot_Arm_Main_v3.c  Assembler  Version HGASM0202      Page 27

   7  0000              #pragma debug union_end
   7  0000              #pragma debug variable 60 1 ___mfi5 "__mfi5" 1
   7  0000              #pragma debug struct_end
   7  0000              #pragma debug struct_end
   7  0000              #pragma debug union_end
   7  0000              #pragma debug union_end
   7  0000              #pragma debug variable 62 1 ___scc "__scc" 1
   7  0000              #pragma debug struct_end
   7  0000              #pragma debug struct_end
   7  0000              #pragma debug union_end
   7  0000              #pragma debug union_end
   7  0000              #pragma debug variable 64 1 ___hircc "__hircc" 1
   7  0000              #pragma debug struct_end
   7  0000              #pragma debug struct_end
   7  0000              #pragma debug union_end
   7  0000              #pragma debug union_end
   7  0000              #pragma debug variable 66 1 ___wdtc "__wdtc" 1
   7  0000              #pragma debug struct_end
   7  0000              #pragma debug struct_end
   7  0000              #pragma debug union_end
   7  0000              #pragma debug union_end
   7  0000              #pragma debug variable 68 1 ___ptm0c0 "__ptm0c0" 1
   7  0000              #pragma debug struct_end
   7  0000              #pragma debug struct_end
   7  0000              #pragma debug union_end
   7  0000              #pragma debug union_end
   7  0000              #pragma debug variable 70 1 ___ptm0c1 "__ptm0c1" 1
   7  0000              #pragma debug variable 8 1 ___ptm0al "__ptm0al" 1
   7  0000              #pragma debug variable 8 1 ___ptm0ah "__ptm0ah" 1
   7  0000              #pragma debug struct_end
   7  0000              #pragma debug struct_end
   7  0000              #pragma debug union_end
   7  0000              #pragma debug union_end
   7  0000              #pragma debug variable 72 1 ___ptm0rpl "__ptm0rpl" 1
   7  0000              #pragma debug struct_end
   7  0000              #pragma debug struct_end
   7  0000              #pragma debug union_end
   7  0000              #pragma debug union_end
   7  0000              #pragma debug variable 74 1 ___ptm0rph "__ptm0rph" 1
   7  0000              #pragma debug struct_end
   7  0000              #pragma debug struct_end
   7  0000              #pragma debug union_end
   7  0000              #pragma debug union_end
   7  0000              #pragma debug variable 76 1 ___stm0c0 "__stm0c0" 1
   7  0000              #pragma debug struct_end
   7  0000              #pragma debug struct_end
   7  0000              #pragma debug union_end
   7  0000              #pragma debug union_end
   7  0000              #pragma debug variable 78 1 ___stm0c1 "__stm0c1" 1
   7  0000              #pragma debug variable 8 1 ___stm0al "__stm0al" 1
   7  0000              #pragma debug variable 8 1 ___stm0ah "__stm0ah" 1
   7  0000              #pragma debug struct_end
   7  0000              #pragma debug struct_end
   7  0000              #pragma debug union_end
   7  0000              #pragma debug union_end
   7  0000              #pragma debug variable 80 1 ___stm0rp "__stm0rp" 1
   7  0000              #pragma debug struct_end
   7  0000              #pragma debug struct_end
   7  0000              #pragma debug union_end
   7  0000              #pragma debug union_end
"File: Robot_Arm_Main_v3.c  Assembler  Version HGASM0202      Page 28

   7  0000              #pragma debug variable 82 1 ___u0sr "__u0sr" 1
   7  0000              #pragma debug struct_end
   7  0000              #pragma debug struct_end
   7  0000              #pragma debug union_end
   7  0000              #pragma debug union_end
   7  0000              #pragma debug variable 84 1 ___u0cr1 "__u0cr1" 1
   7  0000              #pragma debug struct_end
   7  0000              #pragma debug struct_end
   7  0000              #pragma debug union_end
   7  0000              #pragma debug union_end
   7  0000              #pragma debug variable 86 1 ___u0cr2 "__u0cr2" 1
   7  0000              #pragma debug variable 8 1 ___txr_rxr0 "__txr_rxr0" 1
   7  0000              #pragma debug variable 8 1 ___brg0 "__brg0" 1
   7  0000              #pragma debug struct_end
   7  0000              #pragma debug struct_end
   7  0000              #pragma debug union_end
   7  0000              #pragma debug union_end
   7  0000              #pragma debug variable 88 1 ___ptm1c0 "__ptm1c0" 1
   7  0000              #pragma debug struct_end
   7  0000              #pragma debug struct_end
   7  0000              #pragma debug union_end
   7  0000              #pragma debug union_end
   7  0000              #pragma debug variable 90 1 ___ptm1c1 "__ptm1c1" 1
   7  0000              #pragma debug variable 8 1 ___ptm1al "__ptm1al" 1
   7  0000              #pragma debug variable 8 1 ___ptm1ah "__ptm1ah" 1
   7  0000              #pragma debug struct_end
   7  0000              #pragma debug struct_end
   7  0000              #pragma debug union_end
   7  0000              #pragma debug union_end
   7  0000              #pragma debug variable 92 1 ___ptm1rpl "__ptm1rpl" 1
   7  0000              #pragma debug struct_end
   7  0000              #pragma debug struct_end
   7  0000              #pragma debug union_end
   7  0000              #pragma debug union_end
   7  0000              #pragma debug variable 94 1 ___ptm1rph "__ptm1rph" 1
   7  0000              #pragma debug struct_end
   7  0000              #pragma debug struct_end
   7  0000              #pragma debug union_end
   7  0000              #pragma debug union_end
   7  0000              #pragma debug variable 96 1 ___ptm2c0 "__ptm2c0" 1
   7  0000              #pragma debug struct_end
   7  0000              #pragma debug struct_end
   7  0000              #pragma debug union_end
   7  0000              #pragma debug union_end
   7  0000              #pragma debug variable 98 1 ___ptm2c1 "__ptm2c1" 1
   7  0000              #pragma debug variable 8 1 ___ptm2al "__ptm2al" 1
   7  0000              #pragma debug variable 8 1 ___ptm2ah "__ptm2ah" 1
   7  0000              #pragma debug struct_end
   7  0000              #pragma debug struct_end
   7  0000              #pragma debug union_end
   7  0000              #pragma debug union_end
   7  0000              #pragma debug variable 100 1 ___ptm2rpl "__ptm2rpl" 1
   7  0000              #pragma debug struct_end
   7  0000              #pragma debug struct_end
   7  0000              #pragma debug union_end
   7  0000              #pragma debug union_end
   7  0000              #pragma debug variable 102 1 ___ptm2rph "__ptm2rph" 1
   7  0000              #pragma debug struct_end
   7  0000              #pragma debug struct_end
   7  0000              #pragma debug union_end
"File: Robot_Arm_Main_v3.c  Assembler  Version HGASM0202      Page 29

   7  0000              #pragma debug union_end
   7  0000              #pragma debug variable 104 1 ___ptm3c0 "__ptm3c0" 1
   7  0000              #pragma debug struct_end
   7  0000              #pragma debug struct_end
   7  0000              #pragma debug union_end
   7  0000              #pragma debug union_end
   7  0000              #pragma debug variable 106 1 ___ptm3c1 "__ptm3c1" 1
   7  0000              #pragma debug variable 8 1 ___ptm3al "__ptm3al" 1
   7  0000              #pragma debug variable 8 1 ___ptm3ah "__ptm3ah" 1
   7  0000              #pragma debug struct_end
   7  0000              #pragma debug struct_end
   7  0000              #pragma debug union_end
   7  0000              #pragma debug union_end
   7  0000              #pragma debug variable 108 1 ___stm1c0 "__stm1c0" 1
   7  0000              #pragma debug struct_end
   7  0000              #pragma debug struct_end
   7  0000              #pragma debug union_end
   7  0000              #pragma debug union_end
   7  0000              #pragma debug variable 110 1 ___stm1c1 "__stm1c1" 1
   7  0000              #pragma debug variable 8 1 ___stm1al "__stm1al" 1
   7  0000              #pragma debug variable 8 1 ___stm1ah "__stm1ah" 1
   7  0000              #pragma debug struct_end
   7  0000              #pragma debug struct_end
   7  0000              #pragma debug union_end
   7  0000              #pragma debug union_end
   7  0000              #pragma debug variable 112 1 ___stm1rp "__stm1rp" 1
   7  0000              #pragma debug struct_end
   7  0000              #pragma debug struct_end
   7  0000              #pragma debug union_end
   7  0000              #pragma debug union_end
   7  0000              #pragma debug variable 114 1 ___stm2c0 "__stm2c0" 1
   7  0000              #pragma debug struct_end
   7  0000              #pragma debug struct_end
   7  0000              #pragma debug union_end
   7  0000              #pragma debug union_end
   7  0000              #pragma debug variable 116 1 ___stm2c1 "__stm2c1" 1
   7  0000              #pragma debug variable 8 1 ___stm2al "__stm2al" 1
   7  0000              #pragma debug variable 8 1 ___stm2ah "__stm2ah" 1
   7  0000              #pragma debug struct_end
   7  0000              #pragma debug struct_end
   7  0000              #pragma debug union_end
   7  0000              #pragma debug union_end
   7  0000              #pragma debug variable 118 1 ___stm2rp "__stm2rp" 1
   7  0000              #pragma debug struct_end
   7  0000              #pragma debug struct_end
   7  0000              #pragma debug union_end
   7  0000              #pragma debug union_end
   7  0000              #pragma debug variable 120 1 ___pas1 "__pas1" 1
   7  0000              #pragma debug struct_end
   7  0000              #pragma debug struct_end
   7  0000              #pragma debug union_end
   7  0000              #pragma debug union_end
   7  0000              #pragma debug variable 122 1 ___pcs0 "__pcs0" 1
   7  0000              #pragma debug struct_end
   7  0000              #pragma debug struct_end
   7  0000              #pragma debug union_end
   7  0000              #pragma debug union_end
   7  0000              #pragma debug variable 124 1 ___pcs1 "__pcs1" 1
   7  0000              #pragma debug struct_end
   7  0000              #pragma debug struct_end
"File: Robot_Arm_Main_v3.c  Assembler  Version HGASM0202      Page 30

   7  0000              #pragma debug union_end
   7  0000              #pragma debug union_end
   7  0000              #pragma debug variable 126 1 ___pds0 "__pds0" 1
   7  0000              #pragma debug struct_end
   7  0000              #pragma debug struct_end
   7  0000              #pragma debug union_end
   7  0000              #pragma debug union_end
   7  0000              #pragma debug variable 128 1 ___pfs1 "__pfs1" 1
   7  0000              extern r1:byte
   7  0000              extern r2:byte
   7  0000              extern r3:byte
   7  0000              extern r4:byte
   7  0000              extern r5:byte
   7  0000              extern r6:byte
   7  0000              extern r7:byte
  42  0000              #line 42 "D:\Wade\Project\Robot_Arm\Holtek MCU\Program\Robot_Arm_Main_v3\Robot_Arm_Main_v3.c"
  42  0000              @code .section at 0 'code'
  42  0000  1F0B        	clr bp
  42  0001  2800     R  	jmp _main_startup1
  42  0002              
  42  0002              
  42  0002              ; 
  42  0002              ; Generated by holtek-gcc v3.19, Wed Oct 20 14:42:44 2021
  42  0002              ; Rebuild 718
  42  0002              ; end of file


        0 Errors, 0