"File: Robot_Arm_Main_7(from v5).c  Assembler  Version HGASM0202      Page 1


   1  0000              ; Generated by holtek-gcc v3.19, Tue Dec 21 12:41:51 2021
   2  0000              ; 
   3  0000              ; Configuration:
   4  0000              ;       with long instruction
   5  0000              ;       Multi-ROM, Multi-RAM
   6  0000              ;       bits_per_rom_unit:16
   7  0000              ;       with mp1
   8  0000              ;       with tbhp, address(0x9)
   9  0000              ;          Use tabrd-const
  10  0000              ;       
  11  0000              ; SFR address of long-instruction arch:
  12  0000              ;    mp0 = -1,1,0
  13  0000              ;    mp1 = 4,3,2
  14  0000              ;    mp2 = 14,13,12
  15  0000              ;    tbp = 9,7,8
  16  0000              ;    acc = 5
  17  0000              ;    pcl = 6
  18  0000              ;    status = 10
  19  0000              ;    bp = 11
  20  0000              ;    intc = 16
  21  0000              ;       
  22  0000              ;       
  23  0000              ; use 'tabrdc' instead of 'tabrd'
  24  0000              ;       
  25  0000              
  26  0000              #pragma translator "holtek-gcc 4.6.4" "3.19" "build 20130711"
  27  0000              ; Rebuild 718
  28  0000              
  29  0000              ir equ [2]
  30  0000              mp equ [3]
  31  0000              sbp equ [4]
  32  0000              acc equ [5]
  33  0000              bp equ [11]
  34  0000              tblp equ [7]
  35  0000              tbhp equ [9]
  36  0000              status equ [10]
  37  0000              c equ [10].0
  38  0000              ac equ [10].1
  39  0000              z equ [10].2
  40  0000              ov equ [10].3
  41  0000              cz equ [10].6
  42  0000              sc equ [10].7
  43  0000              intc equ [16]
  44  0000              mduwr0 equ [59h]
  45  0000              mduwr1 equ [5ah]
  46  0000              mduwr2 equ [5bh]
  47  0000              mduwr3 equ [5ch]
  48  0000              mduwr4 equ [5dh]
  49  0000              mduwr5 equ [5eh]
  50  0000              mduwrctrl equ [5fh]
  51  0000              
  52  0000              extern ra:byte
  53  0000              extern rb:byte
  54  0000              extern rc:byte
  55  0000              extern rd:byte
  56  0000              extern re:byte
  57  0000              extern rf:byte
  58  0000              extern rg:byte
  59  0000              extern rh:byte
"File: Robot_Arm_Main_7(from v5).ASM  Assembler  Version HGASM0202      Page 2

  60  0000              extern _Crom2Prom:near
  61  0000              extern _Crom2PromNext:near
  62  0000              
  63  0000              RAMBANK 0 @BITDATASEC, @BITDATASEC1
  64  0000              @HCCINIT	.section 'data'
  65  0000              @HCCINIT0	.section 'data'
  66  0000              @BITDATASEC	 .section 'data'
  67  0000              @BITDATASEC1	 .section 'data'
  68  0000              
  69  0000              #pragma debug scope 1 1
  70  0000              	extern __DELAY3:near
  71  0000              	extern __DELAYX3:near
  72  0000              	extern __DELAYX6:near
  73  0000              	extern __DELAYY5:near
  74  0000              	extern __DELAYY3:near
  75  0000              	extern _builtin_holtek_delay_2:byte
  76  0000              ___pas1 equ [334]
  77  0000              ___u0cr1 equ [273]
  78  0000              ___u0cr2 equ [274]
  79  0000              ___brg0 equ [276]
  80  0000              ___mfi5 equ [56]
  81  0000              ___intc3 equ [19]
  82  0000              ___intc0 equ [16]
  83  0000              public _UART_Setup
  84  0000              #pragma debug scope 2 1

 189  0000              #line 189 "d:\wade\project\robot_arm\holtek_mcu\program\robot_arm_main_v7(from v5)\Robot_Arm_Main_7(from v5).c"
 189  0000              _UART_Setup .section 'code'
 189  0000              _UART_Setup proc
 190  0000              #line 190 "d:\wade\project\robot_arm\holtek_mcu\program\robot_arm_main_v7(from v5)\Robot_Arm_Main_7(from v5).c"
 190  0000  0FF0        	mov a,240
 190  0001  80CE 0001   	lmov [334],a
 191  0003              #line 191 "d:\wade\project\robot_arm\holtek_mcu\program\robot_arm_main_v7(from v5)\Robot_Arm_Main_7(from v5).c"
 191  0003  0F80        	mov a,128
 191  0004  8091 0001   	lmov [273],a
 192  0006              #line 192 "d:\wade\project\robot_arm\holtek_mcu\program\robot_arm_main_v7(from v5)\Robot_Arm_Main_7(from v5).c"
 192  0006  0F64        	mov a,100
 192  0007  8092 0001   	lmov [274],a
 193  0009              #line 193 "d:\wade\project\robot_arm\holtek_mcu\program\robot_arm_main_v7(from v5)\Robot_Arm_Main_7(from v5).c"
 193  0009  0F19        	mov a,25
 193  000A  8094 0001   	lmov [276],a
 194  000C              #line 194 "d:\wade\project\robot_arm\holtek_mcu\program\robot_arm_main_v7(from v5)\Robot_Arm_Main_7(from v5).c"
 194  000C  3038        	set [56].0
 195  000D              #line 195 "d:\wade\project\robot_arm\holtek_mcu\program\robot_arm_main_v7(from v5)\Robot_Arm_Main_7(from v5).c"
 195  000D  3638        	clr [56].4
 196  000E              #line 196 "d:\wade\project\robot_arm\holtek_mcu\program\robot_arm_main_v7(from v5)\Robot_Arm_Main_7(from v5).c"
 196  000E  3193        	set [19].3
 197  000F              #line 197 "d:\wade\project\robot_arm\holtek_mcu\program\robot_arm_main_v7(from v5)\Robot_Arm_Main_7(from v5).c"
 197  000F  3010        	set [16].0
 197  0010  0003        	ret
 197  0011              _UART_Setup endp
 197  0011              #line 197 "d:\wade\project\robot_arm\holtek_mcu\program\robot_arm_main_v7(from v5)\Robot_Arm_Main_7(from v5).c"
 197  0011              #pragma debug scope 1 1
 197  0011              ___u0sr equ [272]
 197  0011              ___txr_rxr0 equ [275]
 197  0011              public _Read_Data
 197  0011              #pragma debug scope 3 1
 201  0011              #line 201 "d:\wade\project\robot_arm\holtek_mcu\program\robot_arm_main_v7(from v5)\Robot_Arm_Main_7(from v5).c"
 201  0000              _Read_Data .section 'code'
 201  0000              _Read_Data proc
"File: Robot_Arm_Main_7(from v5).c  Assembler  Version HGASM0202      Page 3

 201  0000              _L4:
 202  0000              #line 202 "d:\wade\project\robot_arm\holtek_mcu\program\robot_arm_main_v7(from v5)\Robot_Arm_Main_7(from v5).c"
 202  0000  B990 0001   	lsnz [272].3
 202  0002  2800     R  	jmp _L4
 203  0003              #line 203 "d:\wade\project\robot_arm\holtek_mcu\program\robot_arm_main_v7(from v5)\Robot_Arm_Main_7(from v5).c"
 203  0003  0700     R  	mov a,_kn[0]
 203  0004  0080     E  	mov rb,a
 203  0005  0700     R  	mov a,_kn[1]
 203  0006  0080     E  	mov rc,a
 203  0007  8713 0001   	lmov a,[275]
 203  0009  0080     E  	mov ra,a
 203  000A  0F00     R  	mov a,low offset _R_Data
 203  000B  0300     E  	add a,rb
 203  000C  0083        	mov mp,a
 203  000D  0F00     R  	mov a,high offset _R_Data
 203  000E  1300     E  	adc a,rc
 203  000F  0084        	mov sbp,a
 203  0010  0700     E  	mov a,ra
 203  0011  0082        	mov ir,a
 204  0012              #line 204 "d:\wade\project\robot_arm\holtek_mcu\program\robot_arm_main_v7(from v5)\Robot_Arm_Main_7(from v5).c"
 204  0012  0700     E  	mov a,ra
 204  0013  0A2F        	sub a,47
 204  0014  3D0A        	sz z
 204  0015  2800     R  	jmp _L5
 204  0016  0F09        	mov a,9
 204  0017  0200     E  	sub a,rb
 204  0018  0F00        	mov a,0
 204  0019  1200     E  	sbc a,rc
 204  001A  3C0A        	sz c
 204  001B  2800     R  	jmp _L6
 204  001C              _L5:
 204  001C              #pragma debug scope 4 3
 204  001C              ;begin block, line: 204.-1
 206  001C              #line 206 "d:\wade\project\robot_arm\holtek_mcu\program\robot_arm_main_v7(from v5)\Robot_Arm_Main_7(from v5).c"
 206  001C  1F00     R  	clr _kn[0]
 206  001D  1F00     R  	clr _kn[1]
 208  001E              #line 208 "d:\wade\project\robot_arm\holtek_mcu\program\robot_arm_main_v7(from v5)\Robot_Arm_Main_7(from v5).c"
 208  001E  1F00     E  	clr rb
 208  001F  1F00     E  	clr rc
 208  0020              _L8:
 209  0020              #line 209 "d:\wade\project\robot_arm\holtek_mcu\program\robot_arm_main_v7(from v5)\Robot_Arm_Main_7(from v5).c"
 209  0020  0F00     R  	mov a,low offset _R_Data
 209  0021  0300     E  	add a,rb
 209  0022  0083        	mov mp,a
 209  0023  0F00     R  	mov a,high offset _R_Data
 209  0024  1300     E  	adc a,rc
 209  0025  0084        	mov sbp,a
 209  0026              	fcall _Crom2Prom
 209  002D  0080     E  	mov ra,a
 209  002E  0F00     R  	mov a,low offset _Data
 209  002F  0300     E  	add a,rb
 209  0030  0083        	mov mp,a
 209  0031  0F00     R  	mov a,high offset _Data
 209  0032  1300     E  	adc a,rc
 209  0033  0084        	mov sbp,a
 209  0034  0700     E  	mov a,ra
 209  0035  0082        	mov ir,a
 208  0036              #line 208 "d:\wade\project\robot_arm\holtek_mcu\program\robot_arm_main_v7(from v5)\Robot_Arm_Main_7(from v5).c"
 208  0036  1480     E  	inc rb
 208  0037  3D0A        	sz z
"File: Robot_Arm_Main_7(from v5).c  Assembler  Version HGASM0202      Page 4

 208  0038  1480     E  	inc rc
 208  0039  0700     E  	mov a,rb
 208  003A  0C0A        	xor a,10
 208  003B  0500     E  	or a,rc
 208  003C  390A        	snz z
 208  003D  2800     R  	jmp _L8
 208  003E  2800     R  	jmp _L2
 208  003F              _L6:
 208  003F              #pragma debug scope 3 1
 211  003F              #line 211 "d:\wade\project\robot_arm\holtek_mcu\program\robot_arm_main_v7(from v5)\Robot_Arm_Main_7(from v5).c"
 211  003F  0F01        	mov a,1
 211  0040  0300     E  	add a,rb
 211  0041  0080     R  	mov _kn[0],a
 211  0042  0F00        	mov a,0
 211  0043  1300     E  	adc a,rc
 211  0044  0080     R  	mov _kn[1],a
 211  0045              _L2:
 211  0045  0003        	ret
 211  0046              _Read_Data endp
 211  0046              #line 211 "d:\wade\project\robot_arm\holtek_mcu\program\robot_arm_main_v7(from v5)\Robot_Arm_Main_7(from v5).c"
 211  0046              #pragma debug scope 1 1
 211  0046              ___pc equ [27]
 211  0046              public _Uart_R
 211  0046              #pragma debug scope 5 1
 181  0046              #line 181 "d:\wade\project\robot_arm\holtek_mcu\program\robot_arm_main_v7(from v5)\Robot_Arm_Main_7(from v5).c"
 181  0046              rombank 0 @Uart_R_code
 181  0000              @Uart_R_code .section at 60 'code'
 181  0000  0080     E  	mov r1,a
 181  0001  070B        	mov a,bp
 181  0002  1F0B        	clr bp
 181  0003  2800     R  	jmp _Uart_R
 181  0004              ROMBANK 0 _Uart_R
 181  0004              #pragma debug scope 1 1
 181  0004              @dummy60 endp
 181  0004              #pragma debug scope 6 1
 181  0000              _Uart_R .section 'code'
 181  0000              _Uart_R proc
 181  0000  0080     E  	mov r2,a
 181  0001  070A        	mov a, status
 181  0002  0080     E  	mov r3,a
 181  0003  0703        	mov a,mp
 181  0004  0080     E  	mov r4,a
 181  0005  0704        	mov a,sbp
 181  0006  0080     E  	mov r5,a
 181  0007  0707        	mov a,tblp
 181  0008  0080     E  	mov r6,a
 181  0009  0709        	mov a,tbhp
 181  000A  0080     E  	mov r7,a
 182  000B              #line 182 "d:\wade\project\robot_arm\holtek_mcu\program\robot_arm_main_v7(from v5)\Robot_Arm_Main_7(from v5).c"
 182  000B  341B        	clr [27].0
 183  000C              #line 183 "d:\wade\project\robot_arm\holtek_mcu\program\robot_arm_main_v7(from v5)\Robot_Arm_Main_7(from v5).c"
 183  000C              	fcall _Read_Data
 184  0013              #line 184 "d:\wade\project\robot_arm\holtek_mcu\program\robot_arm_main_v7(from v5)\Robot_Arm_Main_7(from v5).c"
 184  0013  3638        	clr [56].4
 185  0014              #line 185 "d:\wade\project\robot_arm\holtek_mcu\program\robot_arm_main_v7(from v5)\Robot_Arm_Main_7(from v5).c"
 185  0014  301B        	set [27].0
 185  0015  0700     E  	mov a,r2
 185  0016  008B        	mov bp,a
 185  0017  0700     E  	mov a,r3
 185  0018  008A        	mov status,a
"File: Robot_Arm_Main_7(from v5).c  Assembler  Version HGASM0202      Page 5

 185  0019  0700     E  	mov a,r4
 185  001A  0083        	mov mp,a
 185  001B  0700     E  	mov a,r5
 185  001C  0084        	mov sbp,a
 185  001D  0700     E  	mov a,r6
 185  001E  0087        	mov tblp,a
 185  001F  0700     E  	mov a,r7
 185  0020  0089        	mov tbhp,a
 185  0021  1D05        	tabrdc acc
 185  0022  0700     E  	mov a,r1
 185  0023  0004        	reti
 185  0024              _Uart_R endp
 185  0024              
 185  0024              #line 185 "d:\wade\project\robot_arm\holtek_mcu\program\robot_arm_main_v7(from v5)\Robot_Arm_Main_7(from v5).c"
 185  0024              #pragma debug scope 1 1
 185  0024              ___stm0c0 equ [78]
 185  0024              ___stm0c1 equ [79]
 185  0024              ___stm0rp equ [84]
 185  0024              ___stm0al equ [82]
 185  0024              ___stm0ah equ [83]
 185  0024              ___stm1c0 equ [306]
 185  0024              ___stm1c1 equ [307]
 185  0024              ___stm1rp equ [312]
 185  0024              ___stm1al equ [310]
 185  0024              ___stm1ah equ [311]
 185  0024              ___stm2c0 equ [313]
 185  0024              ___stm2c1 equ [314]
 185  0024              ___stm2rp equ [319]
 185  0024              ___stm2al equ [317]
 185  0024              ___stm2ah equ [318]
 185  0024              ___ptm0c0 equ [70]
 185  0024              ___ptm0c1 equ [71]
 185  0024              ___ptm0rpl equ [76]
 185  0024              ___ptm0rph equ [77]
 185  0024              ___ptm0al equ [74]
 185  0024              ___ptm0ah equ [75]
 185  0024              ___ptm1c0 equ [282]
 185  0024              ___ptm1c1 equ [283]
 185  0024              ___ptm1rpl equ [288]
 185  0024              ___ptm1rph equ [289]
 185  0024              ___ptm1al equ [286]
 185  0024              ___ptm1ah equ [287]
 185  0024              ___ptm2c0 equ [290]
 185  0024              ___ptm2c1 equ [291]
 185  0024              ___ptm2rpl equ [296]
 185  0024              ___ptm2rph equ [297]
 185  0024              ___ptm2al equ [294]
 185  0024              ___ptm2ah equ [295]
 185  0024              public _time_setup
 185  0024              #pragma debug scope 7 1
 237  0024              #line 237 "d:\wade\project\robot_arm\holtek_mcu\program\robot_arm_main_v7(from v5)\Robot_Arm_Main_7(from v5).c"
 237  0000              _time_setup .section 'code'
 237  0000              _time_setup proc
 238  0000              #line 238 "d:\wade\project\robot_arm\holtek_mcu\program\robot_arm_main_v7(from v5)\Robot_Arm_Main_7(from v5).c"
 238  0000  0F30        	mov a,48
 238  0001  00CE        	mov [78],a
 239  0002              #line 239 "d:\wade\project\robot_arm\holtek_mcu\program\robot_arm_main_v7(from v5)\Robot_Arm_Main_7(from v5).c"
 239  0002  0FA8        	mov a,168
 239  0003  00CF        	mov [79],a
 240  0004              #line 240 "d:\wade\project\robot_arm\holtek_mcu\program\robot_arm_main_v7(from v5)\Robot_Arm_Main_7(from v5).c"
"File: Robot_Arm_Main_7(from v5).c  Assembler  Version HGASM0202      Page 6

 240  0004  0F19        	mov a,25
 240  0005  00D4        	mov [84],a
 241  0006              #line 241 "d:\wade\project\robot_arm\holtek_mcu\program\robot_arm_main_v7(from v5)\Robot_Arm_Main_7(from v5).c"
 241  0006  0F90        	mov a,144
 241  0007  00D2        	mov [82],a
 241  0008  0F01        	mov a,1
 241  0009  00D3        	mov [83],a
 243  000A              #line 243 "d:\wade\project\robot_arm\holtek_mcu\program\robot_arm_main_v7(from v5)\Robot_Arm_Main_7(from v5).c"
 243  000A  0F30        	mov a,48
 243  000B  80B2 0001   	lmov [306],a
 244  000D              #line 244 "d:\wade\project\robot_arm\holtek_mcu\program\robot_arm_main_v7(from v5)\Robot_Arm_Main_7(from v5).c"
 244  000D  0FA8        	mov a,168
 244  000E  80B3 0001   	lmov [307],a
 245  0010              #line 245 "d:\wade\project\robot_arm\holtek_mcu\program\robot_arm_main_v7(from v5)\Robot_Arm_Main_7(from v5).c"
 245  0010  0F19        	mov a,25
 245  0011  80B8 0001   	lmov [312],a
 246  0013              #line 246 "d:\wade\project\robot_arm\holtek_mcu\program\robot_arm_main_v7(from v5)\Robot_Arm_Main_7(from v5).c"
 246  0013  0F90        	mov a,144
 246  0014  80B6 0001   	lmov [310],a
 246  0016  0F01        	mov a,1
 246  0017  80B7 0001   	lmov [311],a
 248  0019              #line 248 "d:\wade\project\robot_arm\holtek_mcu\program\robot_arm_main_v7(from v5)\Robot_Arm_Main_7(from v5).c"
 248  0019  0F30        	mov a,48
 248  001A  80B9 0001   	lmov [313],a
 249  001C              #line 249 "d:\wade\project\robot_arm\holtek_mcu\program\robot_arm_main_v7(from v5)\Robot_Arm_Main_7(from v5).c"
 249  001C  0FA8        	mov a,168
 249  001D  80BA 0001   	lmov [314],a
 250  001F              #line 250 "d:\wade\project\robot_arm\holtek_mcu\program\robot_arm_main_v7(from v5)\Robot_Arm_Main_7(from v5).c"
 250  001F  0F19        	mov a,25
 250  0020  80BF 0001   	lmov [319],a
 251  0022              #line 251 "d:\wade\project\robot_arm\holtek_mcu\program\robot_arm_main_v7(from v5)\Robot_Arm_Main_7(from v5).c"
 251  0022  0F90        	mov a,144
 251  0023  80BD 0001   	lmov [317],a
 251  0025  0F01        	mov a,1
 251  0026  80BE 0001   	lmov [318],a
 253  0028              #line 253 "d:\wade\project\robot_arm\holtek_mcu\program\robot_arm_main_v7(from v5)\Robot_Arm_Main_7(from v5).c"
 253  0028  0F30        	mov a,48
 253  0029  00C6        	mov [70],a
 254  002A              #line 254 "d:\wade\project\robot_arm\holtek_mcu\program\robot_arm_main_v7(from v5)\Robot_Arm_Main_7(from v5).c"
 254  002A  0FA8        	mov a,168
 254  002B  00C7        	mov [71],a
 255  002C              #line 255 "d:\wade\project\robot_arm\holtek_mcu\program\robot_arm_main_v7(from v5)\Robot_Arm_Main_7(from v5).c"
 255  002C  0FFE        	mov a,254
 255  002D  00CC        	mov [76],a
 255  002E  0F07        	mov a,7
 255  002F  00CD        	mov [77],a
 256  0030              #line 256 "d:\wade\project\robot_arm\holtek_mcu\program\robot_arm_main_v7(from v5)\Robot_Arm_Main_7(from v5).c"
 256  0030  0F90        	mov a,144
 256  0031  00CA        	mov [74],a
 256  0032  0F01        	mov a,1
 256  0033  00CB        	mov [75],a
 258  0034              #line 258 "d:\wade\project\robot_arm\holtek_mcu\program\robot_arm_main_v7(from v5)\Robot_Arm_Main_7(from v5).c"
 258  0034  0F30        	mov a,48
 258  0035  809A 0001   	lmov [282],a
 259  0037              #line 259 "d:\wade\project\robot_arm\holtek_mcu\program\robot_arm_main_v7(from v5)\Robot_Arm_Main_7(from v5).c"
 259  0037  0FA8        	mov a,168
 259  0038  809B 0001   	lmov [283],a
 260  003A              #line 260 "d:\wade\project\robot_arm\holtek_mcu\program\robot_arm_main_v7(from v5)\Robot_Arm_Main_7(from v5).c"
 260  003A  0FFE        	mov a,254
 260  003B  80A0 0001   	lmov [288],a
"File: Robot_Arm_Main_7(from v5).c  Assembler  Version HGASM0202      Page 7

 260  003D  0F07        	mov a,7
 260  003E  80A1 0001   	lmov [289],a
 261  0040              #line 261 "d:\wade\project\robot_arm\holtek_mcu\program\robot_arm_main_v7(from v5)\Robot_Arm_Main_7(from v5).c"
 261  0040  0F90        	mov a,144
 261  0041  809E 0001   	lmov [286],a
 261  0043  0F01        	mov a,1
 261  0044  809F 0001   	lmov [287],a
 263  0046              #line 263 "d:\wade\project\robot_arm\holtek_mcu\program\robot_arm_main_v7(from v5)\Robot_Arm_Main_7(from v5).c"
 263  0046  0F30        	mov a,48
 263  0047  80A2 0001   	lmov [290],a
 264  0049              #line 264 "d:\wade\project\robot_arm\holtek_mcu\program\robot_arm_main_v7(from v5)\Robot_Arm_Main_7(from v5).c"
 264  0049  0FA8        	mov a,168
 264  004A  80A3 0001   	lmov [291],a
 265  004C              #line 265 "d:\wade\project\robot_arm\holtek_mcu\program\robot_arm_main_v7(from v5)\Robot_Arm_Main_7(from v5).c"
 265  004C  0FFE        	mov a,254
 265  004D  80A8 0001   	lmov [296],a
 265  004F  0F07        	mov a,7
 265  0050  80A9 0001   	lmov [297],a
 266  0052              #line 266 "d:\wade\project\robot_arm\holtek_mcu\program\robot_arm_main_v7(from v5)\Robot_Arm_Main_7(from v5).c"
 266  0052  0F7C        	mov a,124
 266  0053  80A6 0001   	lmov [294],a
 266  0055  0F01        	mov a,1
 266  0056  80A7 0001   	lmov [295],a
 266  0058  0003        	ret
 266  0059              _time_setup endp
 266  0059              #line 266 "d:\wade\project\robot_arm\holtek_mcu\program\robot_arm_main_v7(from v5)\Robot_Arm_Main_7(from v5).c"
 266  0059              #pragma debug scope 1 1
 266  0059              ___pcs1 equ [338]
 266  0059              ___pds0 equ [339]
 266  0059              ___pfs1 equ [344]
 266  0059              ___pcs0 equ [337]
 266  0059              public _servo_setup
 266  0059              #pragma debug scope 8 1
 215  0059              #line 215 "d:\wade\project\robot_arm\holtek_mcu\program\robot_arm_main_v7(from v5)\Robot_Arm_Main_7(from v5).c"
 215  0000              _servo_setup .section 'code'
 215  0000              _servo_setup proc
 216  0000              #line 216 "d:\wade\project\robot_arm\holtek_mcu\program\robot_arm_main_v7(from v5)\Robot_Arm_Main_7(from v5).c"
 216  0000              	fcall _time_setup
 217  0007              #line 217 "d:\wade\project\robot_arm\holtek_mcu\program\robot_arm_main_v7(from v5)\Robot_Arm_Main_7(from v5).c"
 217  0007  0F22        	mov a,34
 217  0008  80D2 0001   	lmov [338],a
 218  000A              #line 218 "d:\wade\project\robot_arm\holtek_mcu\program\robot_arm_main_v7(from v5)\Robot_Arm_Main_7(from v5).c"
 218  000A  0F12        	mov a,18
 218  000B  80D3 0001   	lmov [339],a
 219  000D              #line 219 "d:\wade\project\robot_arm\holtek_mcu\program\robot_arm_main_v7(from v5)\Robot_Arm_Main_7(from v5).c"
 219  000D  0F80        	mov a,128
 219  000E  80D8 0001   	lmov [344],a
 220  0010              #line 220 "d:\wade\project\robot_arm\holtek_mcu\program\robot_arm_main_v7(from v5)\Robot_Arm_Main_7(from v5).c"
 220  0010  0F20        	mov a,32
 220  0011  80D1 0001   	lmov [337],a
 221  0013              #line 221 "d:\wade\project\robot_arm\holtek_mcu\program\robot_arm_main_v7(from v5)\Robot_Arm_Main_7(from v5).c"
 221  0013  31CE        	set [78].3
 222  0014              #line 222 "d:\wade\project\robot_arm\holtek_mcu\program\robot_arm_main_v7(from v5)\Robot_Arm_Main_7(from v5).c"
 222  0014  B1B2 0001   	lset [306].3
 223  0016              #line 223 "d:\wade\project\robot_arm\holtek_mcu\program\robot_arm_main_v7(from v5)\Robot_Arm_Main_7(from v5).c"
 223  0016  B1B9 0001   	lset [313].3
 224  0018              #line 224 "d:\wade\project\robot_arm\holtek_mcu\program\robot_arm_main_v7(from v5)\Robot_Arm_Main_7(from v5).c"
 224  0018  31C6        	set [70].3
 225  0019              #line 225 "d:\wade\project\robot_arm\holtek_mcu\program\robot_arm_main_v7(from v5)\Robot_Arm_Main_7(from v5).c"
 225  0019  B19A 0001   	lset [282].3
"File: Robot_Arm_Main_7(from v5).c  Assembler  Version HGASM0202      Page 8

 226  001B              #line 226 "d:\wade\project\robot_arm\holtek_mcu\program\robot_arm_main_v7(from v5)\Robot_Arm_Main_7(from v5).c"
 226  001B  B1A2 0001   	lset [290].3
 228  001D              #line 228 "d:\wade\project\robot_arm\holtek_mcu\program\robot_arm_main_v7(from v5)\Robot_Arm_Main_7(from v5).c"
 228  001D  1F52        	clr [82]
 228  001E  0F01        	mov a,1
 228  001F  00D3        	mov [83],a
 229  0020              #line 229 "d:\wade\project\robot_arm\holtek_mcu\program\robot_arm_main_v7(from v5)\Robot_Arm_Main_7(from v5).c"
 229  0020  9F36 0001   	lclr [310]
 229  0022  0F01        	mov a,1
 229  0023  80B7 0001   	lmov [311],a
 230  0025              #line 230 "d:\wade\project\robot_arm\holtek_mcu\program\robot_arm_main_v7(from v5)\Robot_Arm_Main_7(from v5).c"
 230  0025  9F3D 0001   	lclr [317]
 230  0027  0F01        	mov a,1
 230  0028  80BE 0001   	lmov [318],a
 231  002A              #line 231 "d:\wade\project\robot_arm\holtek_mcu\program\robot_arm_main_v7(from v5)\Robot_Arm_Main_7(from v5).c"
 231  002A  1F4A        	clr [74]
 231  002B  0F01        	mov a,1
 231  002C  00CB        	mov [75],a
 232  002D              #line 232 "d:\wade\project\robot_arm\holtek_mcu\program\robot_arm_main_v7(from v5)\Robot_Arm_Main_7(from v5).c"
 232  002D  9F1E 0001   	lclr [286]
 232  002F  0F01        	mov a,1
 232  0030  809F 0001   	lmov [287],a
 233  0032              #line 233 "d:\wade\project\robot_arm\holtek_mcu\program\robot_arm_main_v7(from v5)\Robot_Arm_Main_7(from v5).c"
 233  0032  0F0A        	mov a,10
 233  0033  80A6 0001   	lmov [294],a
 233  0035  0F01        	mov a,1
 233  0036  80A7 0001   	lmov [295],a
 233  0038  0003        	ret
 233  0039              _servo_setup endp
 233  0039              #line 233 "d:\wade\project\robot_arm\holtek_mcu\program\robot_arm_main_v7(from v5)\Robot_Arm_Main_7(from v5).c"
 233  0039              #pragma debug scope 1 1
 233  0039              ___ptm3c0 equ [298]
 233  0039              ___ptm3c1 equ [299]
 233  0039              ___mfi4 equ [55]
 233  0039              public _ptm_setup
 233  0039              #pragma debug scope 9 1
 270  0039              #line 270 "d:\wade\project\robot_arm\holtek_mcu\program\robot_arm_main_v7(from v5)\Robot_Arm_Main_7(from v5).c"
 270  0000              _ptm_setup .section 'code'
 270  0000              _ptm_setup proc
 271  0000              #line 271 "d:\wade\project\robot_arm\holtek_mcu\program\robot_arm_main_v7(from v5)\Robot_Arm_Main_7(from v5).c"
 271  0000  9F2A 0001   	lclr [298]
 272  0002              #line 272 "d:\wade\project\robot_arm\holtek_mcu\program\robot_arm_main_v7(from v5)\Robot_Arm_Main_7(from v5).c"
 272  0002  0FC1        	mov a,193
 272  0003  80AB 0001   	lmov [299],a
 273  0005              #line 273 "d:\wade\project\robot_arm\holtek_mcu\program\robot_arm_main_v7(from v5)\Robot_Arm_Main_7(from v5).c"
 273  0005  3513        	clr [19].2
 274  0006              #line 274 "d:\wade\project\robot_arm\holtek_mcu\program\robot_arm_main_v7(from v5)\Robot_Arm_Main_7(from v5).c"
 274  0006  30B7        	set [55].1
 275  0007              #line 275 "d:\wade\project\robot_arm\holtek_mcu\program\robot_arm_main_v7(from v5)\Robot_Arm_Main_7(from v5).c"
 275  0007  36B7        	clr [55].5
 275  0008  0003        	ret
 275  0009              _ptm_setup endp
 275  0009              #line 275 "d:\wade\project\robot_arm\holtek_mcu\program\robot_arm_main_v7(from v5)\Robot_Arm_Main_7(from v5).c"
 275  0009              #pragma debug scope 1 1
 275  0009              ___ptm3al equ [302]
 275  0009              ___ptm3ah equ [303]
 275  0009              public _ptm_delay
 275  0009              #pragma debug scope 10 1
 279  0009              #line 279 "d:\wade\project\robot_arm\holtek_mcu\program\robot_arm_main_v7(from v5)\Robot_Arm_Main_7(from v5).c"
 279  0000              _ptm_delay .section 'code'
"File: Robot_Arm_Main_7(from v5).c  Assembler  Version HGASM0202      Page 9

 279  0000              _ptm_delay proc
 279  0000              public _ptm_delay_2
 279  0000  0002[           local _ptm_delay_2 db 2 dup(?)	; 2,0
            00
            ]
 279  0002              #pragma debug variable 12 10 _ptm_delay_2+0 "tm"
 280  0002              #line 280 "d:\wade\project\robot_arm\holtek_mcu\program\robot_arm_main_v7(from v5)\Robot_Arm_Main_7(from v5).c"
 280  0000  0700     R  	mov a,_ptm_delay_2[0]
 280  0001  80AE 0001   	lmov [302],a
 281  0003              #line 281 "d:\wade\project\robot_arm\holtek_mcu\program\robot_arm_main_v7(from v5)\Robot_Arm_Main_7(from v5).c"
 281  0003  0700     R  	mov a,_ptm_delay_2[1]
 281  0004  80AF 0001   	lmov [303],a
 282  0006              #line 282 "d:\wade\project\robot_arm\holtek_mcu\program\robot_arm_main_v7(from v5)\Robot_Arm_Main_7(from v5).c"
 282  0006  B1AA 0001   	lset [298].3
 282  0008              _L22:
 283  0008              #line 283 "d:\wade\project\robot_arm\holtek_mcu\program\robot_arm_main_v7(from v5)\Robot_Arm_Main_7(from v5).c"
 283  0008  3AB7        	snz [55].5
 283  0009  2800     R  	jmp _L22
 284  000A              #line 284 "d:\wade\project\robot_arm\holtek_mcu\program\robot_arm_main_v7(from v5)\Robot_Arm_Main_7(from v5).c"
 284  000A  B5AA 0001   	lclr [298].3
 285  000C              #line 285 "d:\wade\project\robot_arm\holtek_mcu\program\robot_arm_main_v7(from v5)\Robot_Arm_Main_7(from v5).c"
 285  000C  36B7        	clr [55].5
 285  000D  0003        	ret
 285  000E              _ptm_delay endp
 285  000E              #line 285 "d:\wade\project\robot_arm\holtek_mcu\program\robot_arm_main_v7(from v5)\Robot_Arm_Main_7(from v5).c"
 285  000E              #pragma debug scope 1 1
 285  000E              ___pd equ [30]
 285  000E              public _motor_callb
 285  000E              #pragma debug scope 11 1
 289  000E              #line 289 "d:\wade\project\robot_arm\holtek_mcu\program\robot_arm_main_v7(from v5)\Robot_Arm_Main_7(from v5).c"
 289  0000              _motor_callb .section 'code'
 289  0000              _motor_callb proc
 290  0000              #line 290 "d:\wade\project\robot_arm\holtek_mcu\program\robot_arm_main_v7(from v5)\Robot_Arm_Main_7(from v5).c"
 290  0000  369E        	clr [30].5
 291  0001              #line 291 "d:\wade\project\robot_arm\holtek_mcu\program\robot_arm_main_v7(from v5)\Robot_Arm_Main_7(from v5).c"
 291  0001  361E        	clr [30].4
 292  0002              #line 292 "d:\wade\project\robot_arm\holtek_mcu\program\robot_arm_main_v7(from v5)\Robot_Arm_Main_7(from v5).c"
 292  0002  2800     R  	jmp _L24
 292  0003              _L25:
 294  0003              #line 294 "d:\wade\project\robot_arm\holtek_mcu\program\robot_arm_main_v7(from v5)\Robot_Arm_Main_7(from v5).c"
 294  0003  359E        	clr [30].3
 295  0004              #line 295 "d:\wade\project\robot_arm\holtek_mcu\program\robot_arm_main_v7(from v5)\Robot_Arm_Main_7(from v5).c"
 295  0004  0F20        	mov a,32
 295  0005  0080     R  	mov _ptm_delay_2[0],a
 295  0006  0F03        	mov a,3
 295  0007  0080     R  	mov _ptm_delay_2[1],a
 295  0008              	fcall _ptm_delay
 296  000F              #line 296 "d:\wade\project\robot_arm\holtek_mcu\program\robot_arm_main_v7(from v5)\Robot_Arm_Main_7(from v5).c"
 296  000F  319E        	set [30].3
 297  0010              #line 297 "d:\wade\project\robot_arm\holtek_mcu\program\robot_arm_main_v7(from v5)\Robot_Arm_Main_7(from v5).c"
 297  0010  0F20        	mov a,32
 297  0011  0080     R  	mov _ptm_delay_2[0],a
 297  0012  0F03        	mov a,3
 297  0013  0080     R  	mov _ptm_delay_2[1],a
 297  0014              	fcall _ptm_delay
 297  001B              _L24:
 292  001B              #line 292 "d:\wade\project\robot_arm\holtek_mcu\program\robot_arm_main_v7(from v5)\Robot_Arm_Main_7(from v5).c"
 292  001B  3F1E        	sz [30].6
 292  001C  2800     R  	jmp _L25
 292  001D  0003        	ret
"File: Robot_Arm_Main_7(from v5).c  Assembler  Version HGASM0202      Page 10

 292  001E              _motor_callb endp
 292  001E              #line 292 "d:\wade\project\robot_arm\holtek_mcu\program\robot_arm_main_v7(from v5)\Robot_Arm_Main_7(from v5).c"
 292  001E              #pragma debug scope 1 1
 292  001E              public _motor_deg
 292  001E              #pragma debug scope 12 1
 302  001E              #line 302 "d:\wade\project\robot_arm\holtek_mcu\program\robot_arm_main_v7(from v5)\Robot_Arm_Main_7(from v5).c"
 302  0000              _motor_deg .section 'code'
 302  0000              _motor_deg proc
 302  0000              public _motor_deg_2
 302  0000  0007[           local _motor_deg_2 db 7 dup(?)	; 4,3
            00
            ]
 302  0007              #pragma debug variable 10 12 _motor_deg_2+0 "deg"
 302  0007              #pragma debug variable 12 12 _motor_deg_2+2 "time"
 302  0007              #pragma debug variable 10 12 _motor_deg_2+4 "j"
 304  0007              #line 304 "d:\wade\project\robot_arm\holtek_mcu\program\robot_arm_main_v7(from v5)\Robot_Arm_Main_7(from v5).c"
 304  0000  1F00     R  	clr _motor_deg_2[4]
 304  0001  1F00     R  	clr _motor_deg_2[5]
 304  0002              _L27:
 304  0002              #line 304 "d:\wade\project\robot_arm\holtek_mcu\program\robot_arm_main_v7(from v5)\Robot_Arm_Main_7(from v5).c"
 304  0002  0700     R  	mov a,_motor_deg_2[4]
 304  0003  0200     R  	sub a,_motor_deg_2[0]
 304  0004  0700     R  	mov a,_motor_deg_2[5]
 304  0005  1200     R  	sbc a,_motor_deg_2[1]
 304  0006  3F0A        	sz cz
 304  0007  2800     R  	jmp _L26
 304  0008  1F00     R  	clr _motor_deg_2[6]
 304  0009              _L30:
 308  0009              #line 308 "d:\wade\project\robot_arm\holtek_mcu\program\robot_arm_main_v7(from v5)\Robot_Arm_Main_7(from v5).c"
 308  0009  359E        	clr [30].3
 309  000A              #line 309 "d:\wade\project\robot_arm\holtek_mcu\program\robot_arm_main_v7(from v5)\Robot_Arm_Main_7(from v5).c"
 309  000A  0700     R  	mov a,_motor_deg_2[2]
 309  000B  0080     R  	mov _ptm_delay_2[0],a
 309  000C  0700     R  	mov a,_motor_deg_2[3]
 309  000D  0080     R  	mov _ptm_delay_2[1],a
 309  000E              	fcall _ptm_delay
 310  0015              #line 310 "d:\wade\project\robot_arm\holtek_mcu\program\robot_arm_main_v7(from v5)\Robot_Arm_Main_7(from v5).c"
 310  0015  319E        	set [30].3
 311  0016              #line 311 "d:\wade\project\robot_arm\holtek_mcu\program\robot_arm_main_v7(from v5)\Robot_Arm_Main_7(from v5).c"
 311  0016  0700     R  	mov a,_motor_deg_2[2]
 311  0017  0080     R  	mov _ptm_delay_2[0],a
 311  0018  0700     R  	mov a,_motor_deg_2[3]
 311  0019  0080     R  	mov _ptm_delay_2[1],a
 311  001A              	fcall _ptm_delay
 311  0021  1480     R  	inc _motor_deg_2[6]
 306  0022              #line 306 "d:\wade\project\robot_arm\holtek_mcu\program\robot_arm_main_v7(from v5)\Robot_Arm_Main_7(from v5).c"
 306  0022  0700     R  	mov a,_motor_deg_2[6]
 306  0023  0A09        	sub a,9
 306  0024  390A        	snz z
 306  0025  2800     R  	jmp _L30
 304  0026              #line 304 "d:\wade\project\robot_arm\holtek_mcu\program\robot_arm_main_v7(from v5)\Robot_Arm_Main_7(from v5).c"
 304  0026  1480     R  	inc _motor_deg_2[4]
 304  0027  3D0A        	sz z
 304  0028  1480     R  	inc _motor_deg_2[5]
 304  0029  2800     R  	jmp _L27
 304  002A              _L26:
 304  002A  0003        	ret
 304  002B              _motor_deg endp
 304  002B              #line 304 "d:\wade\project\robot_arm\holtek_mcu\program\robot_arm_main_v7(from v5)\Robot_Arm_Main_7(from v5).c"
 304  002B              #pragma debug scope 1 1
"File: Robot_Arm_Main_7(from v5).c  Assembler  Version HGASM0202      Page 11

 304  002B              public _delay
 304  002B              #pragma debug scope 13 1
 317  002B              #line 317 "d:\wade\project\robot_arm\holtek_mcu\program\robot_arm_main_v7(from v5)\Robot_Arm_Main_7(from v5).c"
 317  0000              _delay .section 'code'
 317  0000              _delay proc
 317  0000              public _delay_2
 317  0000  0002[           local _delay_2 db 2 dup(?)	; 2,0
            00
            ]
 317  0002              #pragma debug variable 10 13 _delay_2+0 "var"
 319  0002              #line 319 "d:\wade\project\robot_arm\holtek_mcu\program\robot_arm_main_v7(from v5)\Robot_Arm_Main_7(from v5).c"
 319  0000  1F00     E  	clr rb
 319  0001  1F00     E  	clr rc
 319  0002              _L32:
 319  0002              #line 319 "d:\wade\project\robot_arm\holtek_mcu\program\robot_arm_main_v7(from v5)\Robot_Arm_Main_7(from v5).c"
 319  0002  0700     E  	mov a,rb
 319  0003  0200     R  	sub a,_delay_2[0]
 319  0004  0700     E  	mov a,rc
 319  0005  1200     R  	sbc a,_delay_2[1]
 319  0006  3F0A        	sz cz
 319  0007  2800     R  	jmp _L31
 319  0008  1F00     E  	clr ra
 319  0009              _L35:
 321  0009              #line 321 "d:\wade\project\robot_arm\holtek_mcu\program\robot_arm_main_v7(from v5)\Robot_Arm_Main_7(from v5).c"
 321  0009              ;# 321 "d:\wade\project\robot_arm\holtek_mcu\program\robot_arm_main_v7(from v5)\Robot_Arm_Main_7(from v5).c" 1
 321  0009  0000        	nop
 321  000A  1480     E  	inc ra
 320  000B              #line 320 "d:\wade\project\robot_arm\holtek_mcu\program\robot_arm_main_v7(from v5)\Robot_Arm_Main_7(from v5).c"
 320  000B  0700     E  	mov a,ra
 320  000C  0A19        	sub a,25
 320  000D  390A        	snz z
 320  000E  2800     R  	jmp _L35
 319  000F              #line 319 "d:\wade\project\robot_arm\holtek_mcu\program\robot_arm_main_v7(from v5)\Robot_Arm_Main_7(from v5).c"
 319  000F  1480     E  	inc rb
 319  0010  3D0A        	sz z
 319  0011  1480     E  	inc rc
 319  0012  2800     R  	jmp _L32
 319  0013              _L31:
 319  0013  0003        	ret
 319  0014              _delay endp
 319  0014              #line 319 "d:\wade\project\robot_arm\holtek_mcu\program\robot_arm_main_v7(from v5)\Robot_Arm_Main_7(from v5).c"
 319  0014              #pragma debug scope 1 1
 319  0014              ___wdtc equ [62]
 319  0014              ___scc equ [58]
 319  0014              ___hircc equ [59]
 319  0014              ___pdc equ [31]
 319  0014              ___pdpu equ [32]
 319  0014              ___pcc equ [28]
 319  0014              public _main
 319  0014              #pragma debug scope 14 1
  43  0014              #line 43 "d:\wade\project\robot_arm\holtek_mcu\program\robot_arm_main_v7(from v5)\Robot_Arm_Main_7(from v5).c"
  43  0014              IFDEF WITH_DEFAULT_STARTUP
  43  0014              extern _main_initial0:near
  43  0014              extern _main_startup:near
  43  0014              ENDIF
  43  0014              
  43  0014              ROMBANK 0 @start
  43  0000              @start .section com_l 'code'
  43  0000              _main_startup1:
  43  0000              @start .section com_e 'code'
"File: Robot_Arm_Main_7(from v5).c  Assembler  Version HGASM0202      Page 12

  43  0000  0F00     R  	mov a,bank _main
  43  0001  008B        	mov bp,a
  43  0002  2800     R  	jmp _main
  43  0003              
  43  0000              _main .section 'code'
  43  0000              _main proc
  43  0000  00              local _main_2 db 1 dup(?)
  44  0001              #line 44 "d:\wade\project\robot_arm\holtek_mcu\program\robot_arm_main_v7(from v5)\Robot_Arm_Main_7(from v5).c"
  44  0000  0FAB        	mov a,171
  44  0001  00BE        	mov [62],a
  46  0002              #line 46 "d:\wade\project\robot_arm\holtek_mcu\program\robot_arm_main_v7(from v5)\Robot_Arm_Main_7(from v5).c"
  46  0002  0F01        	mov a,1
  46  0003  00BA        	mov [58],a
  47  0004              #line 47 "d:\wade\project\robot_arm\holtek_mcu\program\robot_arm_main_v7(from v5)\Robot_Arm_Main_7(from v5).c"
  47  0004  0F0B        	mov a,11
  47  0005  00BB        	mov [59],a
  50  0006              #line 50 "d:\wade\project\robot_arm\holtek_mcu\program\robot_arm_main_v7(from v5)\Robot_Arm_Main_7(from v5).c"
  50  0006              	fcall _UART_Setup
  53  000D              #line 53 "d:\wade\project\robot_arm\holtek_mcu\program\robot_arm_main_v7(from v5)\Robot_Arm_Main_7(from v5).c"
  53  000D              	fcall _servo_setup
  55  0014              #line 55 "d:\wade\project\robot_arm\holtek_mcu\program\robot_arm_main_v7(from v5)\Robot_Arm_Main_7(from v5).c"
  55  0014              	fcall _ptm_setup
  58  001B              #line 58 "d:\wade\project\robot_arm\holtek_mcu\program\robot_arm_main_v7(from v5)\Robot_Arm_Main_7(from v5).c"
  58  001B  361F        	clr [31].4
  59  001C              #line 59 "d:\wade\project\robot_arm\holtek_mcu\program\robot_arm_main_v7(from v5)\Robot_Arm_Main_7(from v5).c"
  59  001C  369F        	clr [31].5
  60  001D              #line 60 "d:\wade\project\robot_arm\holtek_mcu\program\robot_arm_main_v7(from v5)\Robot_Arm_Main_7(from v5).c"
  60  001D  359F        	clr [31].3
  61  001E              #line 61 "d:\wade\project\robot_arm\holtek_mcu\program\robot_arm_main_v7(from v5)\Robot_Arm_Main_7(from v5).c"
  61  001E  331F        	set [31].6
  62  001F              #line 62 "d:\wade\project\robot_arm\holtek_mcu\program\robot_arm_main_v7(from v5)\Robot_Arm_Main_7(from v5).c"
  62  001F  3320        	set [32].6
  65  0020              #line 65 "d:\wade\project\robot_arm\holtek_mcu\program\robot_arm_main_v7(from v5)\Robot_Arm_Main_7(from v5).c"
  65  0020  341C        	clr [28].0
  66  0021              #line 66 "d:\wade\project\robot_arm\holtek_mcu\program\robot_arm_main_v7(from v5)\Robot_Arm_Main_7(from v5).c"
  66  0021  301B        	set [27].0
  73  0022              #line 73 "d:\wade\project\robot_arm\holtek_mcu\program\robot_arm_main_v7(from v5)\Robot_Arm_Main_7(from v5).c"
  73  0022  1F00     E  	clr rb
  73  0023  1F00     E  	clr rc
  73  0024              _L38:
  74  0024              #line 74 "d:\wade\project\robot_arm\holtek_mcu\program\robot_arm_main_v7(from v5)\Robot_Arm_Main_7(from v5).c"
  74  0024  0F00     R  	mov a,low offset _R_Data
  74  0025  0300     E  	add a,rb
  74  0026  0083        	mov mp,a
  74  0027  0F00     R  	mov a,high offset _R_Data
  74  0028  1300     E  	adc a,rc
  74  0029  0084        	mov sbp,a
  74  002A  0F20        	mov a,32
  74  002B  0082        	mov ir,a
  73  002C              #line 73 "d:\wade\project\robot_arm\holtek_mcu\program\robot_arm_main_v7(from v5)\Robot_Arm_Main_7(from v5).c"
  73  002C  1480     E  	inc rb
  73  002D  3D0A        	sz z
  73  002E  1480     E  	inc rc
  73  002F  0700     E  	mov a,rb
  73  0030  0C0A        	xor a,10
  73  0031  0500     E  	or a,rc
  73  0032  390A        	snz z
  73  0033  2800     R  	jmp _L38
  77  0034              #line 77 "d:\wade\project\robot_arm\holtek_mcu\program\robot_arm_main_v7(from v5)\Robot_Arm_Main_7(from v5).c"
  77  0034              	fcall _motor_callb
"File: Robot_Arm_Main_7(from v5).c  Assembler  Version HGASM0202      Page 13

  78  003B              #line 78 "d:\wade\project\robot_arm\holtek_mcu\program\robot_arm_main_v7(from v5)\Robot_Arm_Main_7(from v5).c"
  78  003B  321E        	set [30].4
  79  003C              #line 79 "d:\wade\project\robot_arm\holtek_mcu\program\robot_arm_main_v7(from v5)\Robot_Arm_Main_7(from v5).c"
  79  003C  0F20        	mov a,32
  79  003D  0080     R  	mov _motor_deg_2[2],a
  79  003E  0F03        	mov a,3
  79  003F  0080     R  	mov _motor_deg_2[3],a
  79  0040  0F68        	mov a,104
  79  0041  0080     R  	mov _motor_deg_2[0],a
  79  0042  0F01        	mov a,1
  79  0043  0080     R  	mov _motor_deg_2[1],a
  79  0044              	fcall _motor_deg
  80  004B              #line 80 "d:\wade\project\robot_arm\holtek_mcu\program\robot_arm_main_v7(from v5)\Robot_Arm_Main_7(from v5).c"
  80  004B  0F88        	mov a,-120
  80  004C  0080     R  	mov _delay_2[0],a
  80  004D  0F13        	mov a,19
  80  004E  0080     R  	mov _delay_2[1],a
  80  004F              	fcall _delay
  81  0056              #line 81 "d:\wade\project\robot_arm\holtek_mcu\program\robot_arm_main_v7(from v5)\Robot_Arm_Main_7(from v5).c"
  81  0056  329E        	set [30].5
  81  0057              _L52:
  86  0057              #line 86 "d:\wade\project\robot_arm\holtek_mcu\program\robot_arm_main_v7(from v5)\Robot_Arm_Main_7(from v5).c"
  86  0057  0700     R  	mov a,_R_Data[0]
  86  0058  0A41        	sub a,65
  86  0059  390A        	snz z
  86  005A  2800     R  	jmp _L39
  88  005B              #line 88 "d:\wade\project\robot_arm\holtek_mcu\program\robot_arm_main_v7(from v5)\Robot_Arm_Main_7(from v5).c"
  88  005B  0F30        	mov a,48
  88  005C  0300     R  	add a,_R_Data[3]
  88  005D  0080     E  	mov rf,a
  88  005E  0FEB        	mov a,235
  88  005F  1F00     E  	clr rg
  88  0060  1380     E  	adcm a,rg
  88  0061  1B10        	rrca intc
  88  0062  3410        	clr intc.0
  88  0063  0700     R  	mov a,_R_Data[1]
  88  0064  00D9        	mov mduwr0,a
  88  0065  0F64        	mov a,100
  88  0066  00DD        	mov mduwr4,a
  88  0067  1F5A        	clr mduwr1
  88  0068  0F00        	mov a,0
  88  0069  00DE        	mov mduwr5,a
  88  006A  0F06        	mov a,6
  88  006B              _LI1:
  88  006B  1785        	sdz acc
  88  006C  2800     R  	jmp _LI1
  88  006D  0759        	mov a,mduwr0
  88  006E  0080     E  	mov rb,a
  88  006F  075A        	mov a,mduwr1
  88  0070  0080     E  	mov rc,a
  88  0071  3C0A        	sz c
  88  0072  3010        	set intc.0
  88  0073  0700     E  	mov a,rb
  88  0074  0380     E  	addm a,rf
  88  0075  0700     E  	mov a,rc
  88  0076  1380     E  	adcm a,rg
  88  0077  0700     R  	mov a,_R_Data[2]
  88  0078  0080     E  	mov rd,a
  88  0079  1F00     E  	clr re
  88  007A  340A        	clr c
"File: Robot_Arm_Main_7(from v5).c  Assembler  Version HGASM0202      Page 14

  88  007B  1A00     E  	rlca rd
  88  007C  0080     E  	mov rb,a
  88  007D  1A00     E  	rlca re
  88  007E  0080     E  	mov rc,a
  88  007F  340A        	clr c
  88  0080  1A80     E  	rlc rb
  88  0081  1A80     E  	rlc rc
  88  0082  0700     E  	mov a,rb
  88  0083  0380     E  	addm a,rd
  88  0084  0700     E  	mov a,rc
  88  0085  1380     E  	adcm a,re
  88  0086  340A        	clr c
  88  0087  1A80     E  	rlc rd
  88  0088  1A80     E  	rlc re
  88  0089  0700     E  	mov a,rd
  88  008A  0300     E  	add a,rf
  88  008B  0080     E  	mov rb,a
  88  008C  0700     E  	mov a,re
  88  008D  1300     E  	adc a,rg
  88  008E  0080     E  	mov rc,a
  89  008F              #line 89 "d:\wade\project\robot_arm\holtek_mcu\program\robot_arm_main_v7(from v5)\Robot_Arm_Main_7(from v5).c"
  89  008F  1B10        	rrca intc
  89  0090  3410        	clr intc.0
  89  0091  0700     E  	mov a,rb
  89  0092  00D9        	mov mduwr0,a
  89  0093  0700     E  	mov a,rc
  89  0094  00DA        	mov mduwr1,a
  89  0095  0F09        	mov a,9
  89  0096  00DD        	mov mduwr4,a
  89  0097  0F00        	mov a,0
  89  0098  00DE        	mov mduwr5,a
  89  0099  0F06        	mov a,6
  89  009A              _LI2:
  89  009A  1785        	sdz acc
  89  009B  2800     R  	jmp _LI2
  89  009C  0759        	mov a,mduwr0
  89  009D  0080     E  	mov rd,a
  89  009E  075A        	mov a,mduwr1
  89  009F  0080     E  	mov re,a
  89  00A0  3C0A        	sz c
  89  00A1  3010        	set intc.0
  89  00A2  0700     E  	mov a,rd
  89  00A3  0B14        	add a,20
  89  00A4  00D4        	mov [84],a
  90  00A5              #line 90 "d:\wade\project\robot_arm\holtek_mcu\program\robot_arm_main_v7(from v5)\Robot_Arm_Main_7(from v5).c"
  90  00A5  0700     E  	mov a,rb
  90  00A6  00D2        	mov [82],a
  90  00A7  0F00        	mov a,0
  90  00A8  0380     E  	addm a,rb
  90  00A9  0F01        	mov a,1
  90  00AA  1380     E  	adcm a,rc
  90  00AB  0700     E  	mov a,rc
  90  00AC  00D3        	mov [83],a
  91  00AD              #line 91 "d:\wade\project\robot_arm\holtek_mcu\program\robot_arm_main_v7(from v5)\Robot_Arm_Main_7(from v5).c"
  91  00AD  0F01        	mov a,1
  91  00AE  0080     R  	mov _delay_2[0],a
  91  00AF  1F00     R  	clr _delay_2[1]
  91  00B0              	fcall _delay
  91  00B7              _L39:
  93  00B7              #line 93 "d:\wade\project\robot_arm\holtek_mcu\program\robot_arm_main_v7(from v5)\Robot_Arm_Main_7(from v5).c"
"File: Robot_Arm_Main_7(from v5).c  Assembler  Version HGASM0202      Page 15

  93  00B7  0700     R  	mov a,_R_Data[0]
  93  00B8  0A42        	sub a,66
  93  00B9  390A        	snz z
  93  00BA  2800     R  	jmp _L40
  95  00BB              #line 95 "d:\wade\project\robot_arm\holtek_mcu\program\robot_arm_main_v7(from v5)\Robot_Arm_Main_7(from v5).c"
  95  00BB  0F30        	mov a,48
  95  00BC  0300     R  	add a,_R_Data[3]
  95  00BD  0080     E  	mov rf,a
  95  00BE  0FEB        	mov a,235
  95  00BF  1F00     E  	clr rg
  95  00C0  1380     E  	adcm a,rg
  95  00C1  1B10        	rrca intc
  95  00C2  3410        	clr intc.0
  95  00C3  0700     R  	mov a,_R_Data[1]
  95  00C4  00D9        	mov mduwr0,a
  95  00C5  0F64        	mov a,100
  95  00C6  00DD        	mov mduwr4,a
  95  00C7  1F5A        	clr mduwr1
  95  00C8  0F00        	mov a,0
  95  00C9  00DE        	mov mduwr5,a
  95  00CA  0F06        	mov a,6
  95  00CB              _LI3:
  95  00CB  1785        	sdz acc
  95  00CC  2800     R  	jmp _LI3
  95  00CD  0759        	mov a,mduwr0
  95  00CE  0080     E  	mov rb,a
  95  00CF  075A        	mov a,mduwr1
  95  00D0  0080     E  	mov rc,a
  95  00D1  3C0A        	sz c
  95  00D2  3010        	set intc.0
  95  00D3  0700     E  	mov a,rb
  95  00D4  0380     E  	addm a,rf
  95  00D5  0700     E  	mov a,rc
  95  00D6  1380     E  	adcm a,rg
  95  00D7  0700     R  	mov a,_R_Data[2]
  95  00D8  0080     E  	mov rd,a
  95  00D9  1F00     E  	clr re
  95  00DA  340A        	clr c
  95  00DB  1A00     E  	rlca rd
  95  00DC  0080     E  	mov rb,a
  95  00DD  1A00     E  	rlca re
  95  00DE  0080     E  	mov rc,a
  95  00DF  340A        	clr c
  95  00E0  1A80     E  	rlc rb
  95  00E1  1A80     E  	rlc rc
  95  00E2  0700     E  	mov a,rb
  95  00E3  0380     E  	addm a,rd
  95  00E4  0700     E  	mov a,rc
  95  00E5  1380     E  	adcm a,re
  95  00E6  340A        	clr c
  95  00E7  1A80     E  	rlc rd
  95  00E8  1A80     E  	rlc re
  95  00E9  0700     E  	mov a,rd
  95  00EA  0300     E  	add a,rf
  95  00EB  0080     E  	mov rb,a
  95  00EC  0700     E  	mov a,re
  95  00ED  1300     E  	adc a,rg
  95  00EE  0080     E  	mov rc,a
  96  00EF              #line 96 "d:\wade\project\robot_arm\holtek_mcu\program\robot_arm_main_v7(from v5)\Robot_Arm_Main_7(from v5).c"
  96  00EF  1B10        	rrca intc
"File: Robot_Arm_Main_7(from v5).c  Assembler  Version HGASM0202      Page 16

  96  00F0  3410        	clr intc.0
  96  00F1  0700     E  	mov a,rb
  96  00F2  00D9        	mov mduwr0,a
  96  00F3  0700     E  	mov a,rc
  96  00F4  00DA        	mov mduwr1,a
  96  00F5  0F09        	mov a,9
  96  00F6  00DD        	mov mduwr4,a
  96  00F7  0F00        	mov a,0
  96  00F8  00DE        	mov mduwr5,a
  96  00F9  0F06        	mov a,6
  96  00FA              _LI4:
  96  00FA  1785        	sdz acc
  96  00FB  2800     R  	jmp _LI4
  96  00FC  0759        	mov a,mduwr0
  96  00FD  0080     E  	mov rd,a
  96  00FE  075A        	mov a,mduwr1
  96  00FF  0080     E  	mov re,a
  96  0100  3C0A        	sz c
  96  0101  3010        	set intc.0
  96  0102  0700     E  	mov a,rd
  96  0103  0B14        	add a,20
  96  0104  80B8 0001   	lmov [312],a
  97  0106              #line 97 "d:\wade\project\robot_arm\holtek_mcu\program\robot_arm_main_v7(from v5)\Robot_Arm_Main_7(from v5).c"
  97  0106  0700     E  	mov a,rb
  97  0107  80B6 0001   	lmov [310],a
  97  0109  0F00        	mov a,0
  97  010A  0380     E  	addm a,rb
  97  010B  0F01        	mov a,1
  97  010C  1380     E  	adcm a,rc
  97  010D  0700     E  	mov a,rc
  97  010E  80B7 0001   	lmov [311],a
  98  0110              #line 98 "d:\wade\project\robot_arm\holtek_mcu\program\robot_arm_main_v7(from v5)\Robot_Arm_Main_7(from v5).c"
  98  0110  0F01        	mov a,1
  98  0111  0080     R  	mov _delay_2[0],a
  98  0112  1F00     R  	clr _delay_2[1]
  98  0113              	fcall _delay
  98  011A              _L40:
 100  011A              #line 100 "d:\wade\project\robot_arm\holtek_mcu\program\robot_arm_main_v7(from v5)\Robot_Arm_Main_7(from v5).c"
 100  011A  0700     R  	mov a,_R_Data[0]
 100  011B  0A43        	sub a,67
 100  011C  390A        	snz z
 100  011D  2800     R  	jmp _L41
 102  011E              #line 102 "d:\wade\project\robot_arm\holtek_mcu\program\robot_arm_main_v7(from v5)\Robot_Arm_Main_7(from v5).c"
 102  011E  0F30        	mov a,48
 102  011F  0300     R  	add a,_R_Data[3]
 102  0120  0080     E  	mov rf,a
 102  0121  0FEB        	mov a,235
 102  0122  1F00     E  	clr rg
 102  0123  1380     E  	adcm a,rg
 102  0124  1B10        	rrca intc
 102  0125  3410        	clr intc.0
 102  0126  0700     R  	mov a,_R_Data[1]
 102  0127  00D9        	mov mduwr0,a
 102  0128  0F64        	mov a,100
 102  0129  00DD        	mov mduwr4,a
 102  012A  1F5A        	clr mduwr1
 102  012B  0F00        	mov a,0
 102  012C  00DE        	mov mduwr5,a
 102  012D  0F06        	mov a,6
 102  012E              _LI5:
"File: Robot_Arm_Main_7(from v5).c  Assembler  Version HGASM0202      Page 17

 102  012E  1785        	sdz acc
 102  012F  2800     R  	jmp _LI5
 102  0130  0759        	mov a,mduwr0
 102  0131  0080     E  	mov rb,a
 102  0132  075A        	mov a,mduwr1
 102  0133  0080     E  	mov rc,a
 102  0134  3C0A        	sz c
 102  0135  3010        	set intc.0
 102  0136  0700     E  	mov a,rb
 102  0137  0380     E  	addm a,rf
 102  0138  0700     E  	mov a,rc
 102  0139  1380     E  	adcm a,rg
 102  013A  0700     R  	mov a,_R_Data[2]
 102  013B  0080     E  	mov rd,a
 102  013C  1F00     E  	clr re
 102  013D  340A        	clr c
 102  013E  1A00     E  	rlca rd
 102  013F  0080     E  	mov rb,a
 102  0140  1A00     E  	rlca re
 102  0141  0080     E  	mov rc,a
 102  0142  340A        	clr c
 102  0143  1A80     E  	rlc rb
 102  0144  1A80     E  	rlc rc
 102  0145  0700     E  	mov a,rb
 102  0146  0380     E  	addm a,rd
 102  0147  0700     E  	mov a,rc
 102  0148  1380     E  	adcm a,re
 102  0149  340A        	clr c
 102  014A  1A80     E  	rlc rd
 102  014B  1A80     E  	rlc re
 102  014C  0700     E  	mov a,rd
 102  014D  0300     E  	add a,rf
 102  014E  0080     E  	mov rb,a
 102  014F  0700     E  	mov a,re
 102  0150  1300     E  	adc a,rg
 102  0151  0080     E  	mov rc,a
 103  0152              #line 103 "d:\wade\project\robot_arm\holtek_mcu\program\robot_arm_main_v7(from v5)\Robot_Arm_Main_7(from v5).c"
 103  0152  1B10        	rrca intc
 103  0153  3410        	clr intc.0
 103  0154  0700     E  	mov a,rb
 103  0155  00D9        	mov mduwr0,a
 103  0156  0700     E  	mov a,rc
 103  0157  00DA        	mov mduwr1,a
 103  0158  0F09        	mov a,9
 103  0159  00DD        	mov mduwr4,a
 103  015A  0F00        	mov a,0
 103  015B  00DE        	mov mduwr5,a
 103  015C  0F06        	mov a,6
 103  015D              _LI6:
 103  015D  1785        	sdz acc
 103  015E  2800     R  	jmp _LI6
 103  015F  0759        	mov a,mduwr0
 103  0160  0080     E  	mov rd,a
 103  0161  075A        	mov a,mduwr1
 103  0162  0080     E  	mov re,a
 103  0163  3C0A        	sz c
 103  0164  3010        	set intc.0
 103  0165  0700     E  	mov a,rd
 103  0166  0B14        	add a,20
 103  0167  80BF 0001   	lmov [319],a
"File: Robot_Arm_Main_7(from v5).c  Assembler  Version HGASM0202      Page 18

 104  0169              #line 104 "d:\wade\project\robot_arm\holtek_mcu\program\robot_arm_main_v7(from v5)\Robot_Arm_Main_7(from v5).c"
 104  0169  0700     E  	mov a,rb
 104  016A  80BD 0001   	lmov [317],a
 104  016C  0F00        	mov a,0
 104  016D  0380     E  	addm a,rb
 104  016E  0F01        	mov a,1
 104  016F  1380     E  	adcm a,rc
 104  0170  0700     E  	mov a,rc
 104  0171  80BE 0001   	lmov [318],a
 105  0173              #line 105 "d:\wade\project\robot_arm\holtek_mcu\program\robot_arm_main_v7(from v5)\Robot_Arm_Main_7(from v5).c"
 105  0173  0F01        	mov a,1
 105  0174  0080     R  	mov _delay_2[0],a
 105  0175  1F00     R  	clr _delay_2[1]
 105  0176              	fcall _delay
 105  017D              _L41:
 107  017D              #line 107 "d:\wade\project\robot_arm\holtek_mcu\program\robot_arm_main_v7(from v5)\Robot_Arm_Main_7(from v5).c"
 107  017D  0700     R  	mov a,_R_Data[0]
 107  017E  0A44        	sub a,68
 107  017F  390A        	snz z
 107  0180  2800     R  	jmp _L42
 109  0181              #line 109 "d:\wade\project\robot_arm\holtek_mcu\program\robot_arm_main_v7(from v5)\Robot_Arm_Main_7(from v5).c"
 109  0181  0F30        	mov a,48
 109  0182  0300     R  	add a,_R_Data[3]
 109  0183  0080     E  	mov rf,a
 109  0184  0FEB        	mov a,235
 109  0185  1F00     E  	clr rg
 109  0186  1380     E  	adcm a,rg
 109  0187  1B10        	rrca intc
 109  0188  3410        	clr intc.0
 109  0189  0700     R  	mov a,_R_Data[1]
 109  018A  00D9        	mov mduwr0,a
 109  018B  0F64        	mov a,100
 109  018C  00DD        	mov mduwr4,a
 109  018D  1F5A        	clr mduwr1
 109  018E  0F00        	mov a,0
 109  018F  00DE        	mov mduwr5,a
 109  0190  0F06        	mov a,6
 109  0191              _LI7:
 109  0191  1785        	sdz acc
 109  0192  2800     R  	jmp _LI7
 109  0193  0759        	mov a,mduwr0
 109  0194  0080     E  	mov rb,a
 109  0195  075A        	mov a,mduwr1
 109  0196  0080     E  	mov rc,a
 109  0197  3C0A        	sz c
 109  0198  3010        	set intc.0
 109  0199  0700     E  	mov a,rb
 109  019A  0380     E  	addm a,rf
 109  019B  0700     E  	mov a,rc
 109  019C  1380     E  	adcm a,rg
 109  019D  0700     R  	mov a,_R_Data[2]
 109  019E  0080     E  	mov rd,a
 109  019F  1F00     E  	clr re
 109  01A0  340A        	clr c
 109  01A1  1A00     E  	rlca rd
 109  01A2  0080     E  	mov rb,a
 109  01A3  1A00     E  	rlca re
 109  01A4  0080     E  	mov rc,a
 109  01A5  340A        	clr c
 109  01A6  1A80     E  	rlc rb
"File: Robot_Arm_Main_7(from v5).c  Assembler  Version HGASM0202      Page 19

 109  01A7  1A80     E  	rlc rc
 109  01A8  0700     E  	mov a,rb
 109  01A9  0380     E  	addm a,rd
 109  01AA  0700     E  	mov a,rc
 109  01AB  1380     E  	adcm a,re
 109  01AC  340A        	clr c
 109  01AD  1A80     E  	rlc rd
 109  01AE  1A80     E  	rlc re
 109  01AF  0700     E  	mov a,rd
 109  01B0  0300     E  	add a,rf
 109  01B1  0080     E  	mov rb,a
 109  01B2  0700     E  	mov a,re
 109  01B3  1300     E  	adc a,rg
 109  01B4  0080     E  	mov rc,a
 110  01B5              #line 110 "d:\wade\project\robot_arm\holtek_mcu\program\robot_arm_main_v7(from v5)\Robot_Arm_Main_7(from v5).c"
 110  01B5  1F4C        	clr [76]
 110  01B6  1B10        	rrca intc
 110  01B7  3410        	clr intc.0
 110  01B8  0700     E  	mov a,rb
 110  01B9  00D9        	mov mduwr0,a
 110  01BA  0700     E  	mov a,rc
 110  01BB  00DA        	mov mduwr1,a
 110  01BC  0F09        	mov a,9
 110  01BD  00DD        	mov mduwr4,a
 110  01BE  0F00        	mov a,0
 110  01BF  00DE        	mov mduwr5,a
 110  01C0  0F06        	mov a,6
 110  01C1              _LI8:
 110  01C1  1785        	sdz acc
 110  01C2  2800     R  	jmp _LI8
 110  01C3  0759        	mov a,mduwr0
 110  01C4  0080     E  	mov rd,a
 110  01C5  075A        	mov a,mduwr1
 110  01C6  0080     E  	mov re,a
 110  01C7  3C0A        	sz c
 110  01C8  3010        	set intc.0
 110  01C9  0700     E  	mov a,rd
 110  01CA  0B14        	add a,20
 110  01CB  00CD        	mov [77],a
 111  01CC              #line 111 "d:\wade\project\robot_arm\holtek_mcu\program\robot_arm_main_v7(from v5)\Robot_Arm_Main_7(from v5).c"
 111  01CC  0700     E  	mov a,rb
 111  01CD  00CA        	mov [74],a
 111  01CE  0F00        	mov a,0
 111  01CF  0380     E  	addm a,rb
 111  01D0  0F01        	mov a,1
 111  01D1  1380     E  	adcm a,rc
 111  01D2  0700     E  	mov a,rc
 111  01D3  00CB        	mov [75],a
 112  01D4              #line 112 "d:\wade\project\robot_arm\holtek_mcu\program\robot_arm_main_v7(from v5)\Robot_Arm_Main_7(from v5).c"
 112  01D4  0F01        	mov a,1
 112  01D5  0080     R  	mov _delay_2[0],a
 112  01D6  1F00     R  	clr _delay_2[1]
 112  01D7              	fcall _delay
 112  01DE              _L42:
 114  01DE              #line 114 "d:\wade\project\robot_arm\holtek_mcu\program\robot_arm_main_v7(from v5)\Robot_Arm_Main_7(from v5).c"
 114  01DE  0700     R  	mov a,_R_Data[0]
 114  01DF  0A45        	sub a,69
 114  01E0  390A        	snz z
 114  01E1  2800     R  	jmp _L43
 116  01E2              #line 116 "d:\wade\project\robot_arm\holtek_mcu\program\robot_arm_main_v7(from v5)\Robot_Arm_Main_7(from v5).c"
"File: Robot_Arm_Main_7(from v5).c  Assembler  Version HGASM0202      Page 20

 116  01E2  0F30        	mov a,48
 116  01E3  0300     R  	add a,_R_Data[3]
 116  01E4  0080     E  	mov rf,a
 116  01E5  0FEB        	mov a,235
 116  01E6  1F00     E  	clr rg
 116  01E7  1380     E  	adcm a,rg
 116  01E8  1B10        	rrca intc
 116  01E9  3410        	clr intc.0
 116  01EA  0700     R  	mov a,_R_Data[1]
 116  01EB  00D9        	mov mduwr0,a
 116  01EC  0F64        	mov a,100
 116  01ED  00DD        	mov mduwr4,a
 116  01EE  1F5A        	clr mduwr1
 116  01EF  0F00        	mov a,0
 116  01F0  00DE        	mov mduwr5,a
 116  01F1  0F06        	mov a,6
 116  01F2              _LI9:
 116  01F2  1785        	sdz acc
 116  01F3  2800     R  	jmp _LI9
 116  01F4  0759        	mov a,mduwr0
 116  01F5  0080     E  	mov rb,a
 116  01F6  075A        	mov a,mduwr1
 116  01F7  0080     E  	mov rc,a
 116  01F8  3C0A        	sz c
 116  01F9  3010        	set intc.0
 116  01FA  0700     E  	mov a,rb
 116  01FB  0380     E  	addm a,rf
 116  01FC  0700     E  	mov a,rc
 116  01FD  1380     E  	adcm a,rg
 116  01FE  0700     R  	mov a,_R_Data[2]
 116  01FF  0080     E  	mov rd,a
 116  0200  1F00     E  	clr re
 116  0201  340A        	clr c
 116  0202  1A00     E  	rlca rd
 116  0203  0080     E  	mov rb,a
 116  0204  1A00     E  	rlca re
 116  0205  0080     E  	mov rc,a
 116  0206  340A        	clr c
 116  0207  1A80     E  	rlc rb
 116  0208  1A80     E  	rlc rc
 116  0209  0700     E  	mov a,rb
 116  020A  0380     E  	addm a,rd
 116  020B  0700     E  	mov a,rc
 116  020C  1380     E  	adcm a,re
 116  020D  340A        	clr c
 116  020E  1A80     E  	rlc rd
 116  020F  1A80     E  	rlc re
 116  0210  0700     E  	mov a,rd
 116  0211  0300     E  	add a,rf
 116  0212  0080     E  	mov rb,a
 116  0213  0700     E  	mov a,re
 116  0214  1300     E  	adc a,rg
 116  0215  0080     E  	mov rc,a
 117  0216              #line 117 "d:\wade\project\robot_arm\holtek_mcu\program\robot_arm_main_v7(from v5)\Robot_Arm_Main_7(from v5).c"
 117  0216  9F20 0001   	lclr [288]
 117  0218  1B10        	rrca intc
 117  0219  3410        	clr intc.0
 117  021A  0700     E  	mov a,rb
 117  021B  00D9        	mov mduwr0,a
 117  021C  0700     E  	mov a,rc
"File: Robot_Arm_Main_7(from v5).c  Assembler  Version HGASM0202      Page 21

 117  021D  00DA        	mov mduwr1,a
 117  021E  0F09        	mov a,9
 117  021F  00DD        	mov mduwr4,a
 117  0220  0F00        	mov a,0
 117  0221  00DE        	mov mduwr5,a
 117  0222  0F06        	mov a,6
 117  0223              _LI10:
 117  0223  1785        	sdz acc
 117  0224  2800     R  	jmp _LI10
 117  0225  0759        	mov a,mduwr0
 117  0226  0080     E  	mov rd,a
 117  0227  075A        	mov a,mduwr1
 117  0228  0080     E  	mov re,a
 117  0229  3C0A        	sz c
 117  022A  3010        	set intc.0
 117  022B  0700     E  	mov a,rd
 117  022C  0B14        	add a,20
 117  022D  80A1 0001   	lmov [289],a
 118  022F              #line 118 "d:\wade\project\robot_arm\holtek_mcu\program\robot_arm_main_v7(from v5)\Robot_Arm_Main_7(from v5).c"
 118  022F  0700     E  	mov a,rb
 118  0230  809E 0001   	lmov [286],a
 118  0232  0F00        	mov a,0
 118  0233  0380     E  	addm a,rb
 118  0234  0F01        	mov a,1
 118  0235  1380     E  	adcm a,rc
 118  0236  0700     E  	mov a,rc
 118  0237  809F 0001   	lmov [287],a
 119  0239              #line 119 "d:\wade\project\robot_arm\holtek_mcu\program\robot_arm_main_v7(from v5)\Robot_Arm_Main_7(from v5).c"
 119  0239  0F01        	mov a,1
 119  023A  0080     R  	mov _delay_2[0],a
 119  023B  1F00     R  	clr _delay_2[1]
 119  023C              	fcall _delay
 119  0243              _L43:
 122  0243              #line 122 "d:\wade\project\robot_arm\holtek_mcu\program\robot_arm_main_v7(from v5)\Robot_Arm_Main_7(from v5).c"
 122  0243  0700     R  	mov a,_R_Data[0]
 122  0244  0A46        	sub a,70
 122  0245  390A        	snz z
 122  0246  2800     R  	jmp _L44
 124  0247              #line 124 "d:\wade\project\robot_arm\holtek_mcu\program\robot_arm_main_v7(from v5)\Robot_Arm_Main_7(from v5).c"
 124  0247  0F30        	mov a,48
 124  0248  0300     R  	add a,_R_Data[3]
 124  0249  0080     E  	mov rf,a
 124  024A  0FEB        	mov a,235
 124  024B  1F00     E  	clr rg
 124  024C  1380     E  	adcm a,rg
 124  024D  1B10        	rrca intc
 124  024E  3410        	clr intc.0
 124  024F  0700     R  	mov a,_R_Data[1]
 124  0250  00D9        	mov mduwr0,a
 124  0251  0F64        	mov a,100
 124  0252  00DD        	mov mduwr4,a
 124  0253  1F5A        	clr mduwr1
 124  0254  0F00        	mov a,0
 124  0255  00DE        	mov mduwr5,a
 124  0256  0F06        	mov a,6
 124  0257              _LI11:
 124  0257  1785        	sdz acc
 124  0258  2800     R  	jmp _LI11
 124  0259  0759        	mov a,mduwr0
 124  025A  0080     E  	mov rb,a
"File: Robot_Arm_Main_7(from v5).c  Assembler  Version HGASM0202      Page 22

 124  025B  075A        	mov a,mduwr1
 124  025C  0080     E  	mov rc,a
 124  025D  3C0A        	sz c
 124  025E  3010        	set intc.0
 124  025F  0700     E  	mov a,rb
 124  0260  0380     E  	addm a,rf
 124  0261  0700     E  	mov a,rc
 124  0262  1380     E  	adcm a,rg
 124  0263  0700     R  	mov a,_R_Data[2]
 124  0264  0080     E  	mov rd,a
 124  0265  1F00     E  	clr re
 124  0266  340A        	clr c
 124  0267  1A00     E  	rlca rd
 124  0268  0080     E  	mov rb,a
 124  0269  1A00     E  	rlca re
 124  026A  0080     E  	mov rc,a
 124  026B  340A        	clr c
 124  026C  1A80     E  	rlc rb
 124  026D  1A80     E  	rlc rc
 124  026E  0700     E  	mov a,rb
 124  026F  0380     E  	addm a,rd
 124  0270  0700     E  	mov a,rc
 124  0271  1380     E  	adcm a,re
 124  0272  340A        	clr c
 124  0273  1A80     E  	rlc rd
 124  0274  1A80     E  	rlc re
 124  0275  0700     E  	mov a,rd
 124  0276  0300     E  	add a,rf
 124  0277  0080     E  	mov rb,a
 124  0278  0700     E  	mov a,re
 124  0279  1300     E  	adc a,rg
 124  027A  0080     E  	mov rc,a
 125  027B              #line 125 "d:\wade\project\robot_arm\holtek_mcu\program\robot_arm_main_v7(from v5)\Robot_Arm_Main_7(from v5).c"
 125  027B  9F28 0001   	lclr [296]
 125  027D  1B10        	rrca intc
 125  027E  3410        	clr intc.0
 125  027F  0700     E  	mov a,rb
 125  0280  00D9        	mov mduwr0,a
 125  0281  0700     E  	mov a,rc
 125  0282  00DA        	mov mduwr1,a
 125  0283  0F09        	mov a,9
 125  0284  00DD        	mov mduwr4,a
 125  0285  0F00        	mov a,0
 125  0286  00DE        	mov mduwr5,a
 125  0287  0F06        	mov a,6
 125  0288              _LI12:
 125  0288  1785        	sdz acc
 125  0289  2800     R  	jmp _LI12
 125  028A  0759        	mov a,mduwr0
 125  028B  0080     E  	mov rd,a
 125  028C  075A        	mov a,mduwr1
 125  028D  0080     E  	mov re,a
 125  028E  3C0A        	sz c
 125  028F  3010        	set intc.0
 125  0290  0700     E  	mov a,rd
 125  0291  0B14        	add a,20
 125  0292  80A9 0001   	lmov [297],a
 126  0294              #line 126 "d:\wade\project\robot_arm\holtek_mcu\program\robot_arm_main_v7(from v5)\Robot_Arm_Main_7(from v5).c"
 126  0294  0700     E  	mov a,rb
 126  0295  80A6 0001   	lmov [294],a
"File: Robot_Arm_Main_7(from v5).c  Assembler  Version HGASM0202      Page 23

 126  0297  0F00        	mov a,0
 126  0298  0380     E  	addm a,rb
 126  0299  0F01        	mov a,1
 126  029A  1380     E  	adcm a,rc
 126  029B  0700     E  	mov a,rc
 126  029C  80A7 0001   	lmov [295],a
 127  029E              #line 127 "d:\wade\project\robot_arm\holtek_mcu\program\robot_arm_main_v7(from v5)\Robot_Arm_Main_7(from v5).c"
 127  029E  0F01        	mov a,1
 127  029F  0080     R  	mov _delay_2[0],a
 127  02A0  1F00     R  	clr _delay_2[1]
 127  02A1              	fcall _delay
 127  02A8              _L44:
 131  02A8              #line 131 "d:\wade\project\robot_arm\holtek_mcu\program\robot_arm_main_v7(from v5)\Robot_Arm_Main_7(from v5).c"
 131  02A8  0700     R  	mov a,_R_Data[0]
 131  02A9  0A4C        	sub a,76
 131  02AA  390A        	snz z
 131  02AB  2800     R  	jmp _L45
 133  02AC              #line 133 "d:\wade\project\robot_arm\holtek_mcu\program\robot_arm_main_v7(from v5)\Robot_Arm_Main_7(from v5).c"
 133  02AC  341B        	clr [27].0
 134  02AD              #line 134 "d:\wade\project\robot_arm\holtek_mcu\program\robot_arm_main_v7(from v5)\Robot_Arm_Main_7(from v5).c"
 134  02AD  369E        	clr [30].5
 135  02AE              #line 135 "d:\wade\project\robot_arm\holtek_mcu\program\robot_arm_main_v7(from v5)\Robot_Arm_Main_7(from v5).c"
 135  02AE  321E        	set [30].4
 136  02AF              #line 136 "d:\wade\project\robot_arm\holtek_mcu\program\robot_arm_main_v7(from v5)\Robot_Arm_Main_7(from v5).c"
 136  02AF  0F01        	mov a,1
 136  02B0  0080     R  	mov _delay_2[0],a
 136  02B1  1F00     R  	clr _delay_2[1]
 136  02B2              	fcall _delay
 136  02B9              _L45:
 138  02B9              #line 138 "d:\wade\project\robot_arm\holtek_mcu\program\robot_arm_main_v7(from v5)\Robot_Arm_Main_7(from v5).c"
 138  02B9  0700     R  	mov a,_R_Data[0]
 138  02BA  0A53        	sub a,83
 138  02BB  390A        	snz z
 138  02BC  2800     R  	jmp _L46
 140  02BD              #line 140 "d:\wade\project\robot_arm\holtek_mcu\program\robot_arm_main_v7(from v5)\Robot_Arm_Main_7(from v5).c"
 140  02BD  301B        	set [27].0
 141  02BE              #line 141 "d:\wade\project\robot_arm\holtek_mcu\program\robot_arm_main_v7(from v5)\Robot_Arm_Main_7(from v5).c"
 141  02BE  329E        	set [30].5
 142  02BF              #line 142 "d:\wade\project\robot_arm\holtek_mcu\program\robot_arm_main_v7(from v5)\Robot_Arm_Main_7(from v5).c"
 142  02BF  0F01        	mov a,1
 142  02C0  0080     R  	mov _delay_2[0],a
 142  02C1  1F00     R  	clr _delay_2[1]
 142  02C2              	fcall _delay
 142  02C9              _L46:
 144  02C9              #line 144 "d:\wade\project\robot_arm\holtek_mcu\program\robot_arm_main_v7(from v5)\Robot_Arm_Main_7(from v5).c"
 144  02C9  0700     R  	mov a,_R_Data[0]
 144  02CA  0A52        	sub a,82
 144  02CB  390A        	snz z
 144  02CC  2800     R  	jmp _L47
 146  02CD              #line 146 "d:\wade\project\robot_arm\holtek_mcu\program\robot_arm_main_v7(from v5)\Robot_Arm_Main_7(from v5).c"
 146  02CD  369E        	clr [30].5
 147  02CE              #line 147 "d:\wade\project\robot_arm\holtek_mcu\program\robot_arm_main_v7(from v5)\Robot_Arm_Main_7(from v5).c"
 147  02CE  361E        	clr [30].4
 148  02CF              #line 148 "d:\wade\project\robot_arm\holtek_mcu\program\robot_arm_main_v7(from v5)\Robot_Arm_Main_7(from v5).c"
 148  02CF  0F01        	mov a,1
 148  02D0  0080     R  	mov _delay_2[0],a
 148  02D1  1F00     R  	clr _delay_2[1]
 148  02D2              	fcall _delay
 148  02D9              _L47:
 152  02D9              #line 152 "d:\wade\project\robot_arm\holtek_mcu\program\robot_arm_main_v7(from v5)\Robot_Arm_Main_7(from v5).c"
"File: Robot_Arm_Main_7(from v5).c  Assembler  Version HGASM0202      Page 24

 152  02D9  0700     R  	mov a,_R_Data[0]
 152  02DA  0A4B        	sub a,75
 152  02DB  390A        	snz z
 152  02DC  2800     R  	jmp _L48
 152  02DD  1F00     E  	clr rb
 152  02DE  1F00     E  	clr rc
 152  02DF              _L50:
 155  02DF              #line 155 "d:\wade\project\robot_arm\holtek_mcu\program\robot_arm_main_v7(from v5)\Robot_Arm_Main_7(from v5).c"
 155  02DF  0F00     R  	mov a,low offset _R_Data
 155  02E0  0300     E  	add a,rb
 155  02E1  0083        	mov mp,a
 155  02E2  0F00     R  	mov a,high offset _R_Data
 155  02E3  1300     E  	adc a,rc
 155  02E4  0084        	mov sbp,a
 155  02E5  0F00        	mov a,0
 155  02E6  0082        	mov ir,a
 154  02E7              #line 154 "d:\wade\project\robot_arm\holtek_mcu\program\robot_arm_main_v7(from v5)\Robot_Arm_Main_7(from v5).c"
 154  02E7  1480     E  	inc rb
 154  02E8  3D0A        	sz z
 154  02E9  1480     E  	inc rc
 154  02EA  0700     E  	mov a,rb
 154  02EB  0C0A        	xor a,10
 154  02EC  0500     E  	or a,rc
 154  02ED  390A        	snz z
 154  02EE  2800     R  	jmp _L50
 156  02EF              #line 156 "d:\wade\project\robot_arm\holtek_mcu\program\robot_arm_main_v7(from v5)\Robot_Arm_Main_7(from v5).c"
 156  02EF  1F52        	clr [82]
 156  02F0  0F01        	mov a,1
 156  02F1  00D3        	mov [83],a
 157  02F2              #line 157 "d:\wade\project\robot_arm\holtek_mcu\program\robot_arm_main_v7(from v5)\Robot_Arm_Main_7(from v5).c"
 157  02F2  9F36 0001   	lclr [310]
 157  02F4  0F01        	mov a,1
 157  02F5  80B7 0001   	lmov [311],a
 158  02F7              #line 158 "d:\wade\project\robot_arm\holtek_mcu\program\robot_arm_main_v7(from v5)\Robot_Arm_Main_7(from v5).c"
 158  02F7  9F3D 0001   	lclr [317]
 158  02F9  0F01        	mov a,1
 158  02FA  80BE 0001   	lmov [318],a
 159  02FC              #line 159 "d:\wade\project\robot_arm\holtek_mcu\program\robot_arm_main_v7(from v5)\Robot_Arm_Main_7(from v5).c"
 159  02FC  1F4A        	clr [74]
 159  02FD  0F01        	mov a,1
 159  02FE  00CB        	mov [75],a
 160  02FF              #line 160 "d:\wade\project\robot_arm\holtek_mcu\program\robot_arm_main_v7(from v5)\Robot_Arm_Main_7(from v5).c"
 160  02FF  9F1E 0001   	lclr [286]
 160  0301  0F01        	mov a,1
 160  0302  809F 0001   	lmov [287],a
 161  0304              #line 161 "d:\wade\project\robot_arm\holtek_mcu\program\robot_arm_main_v7(from v5)\Robot_Arm_Main_7(from v5).c"
 161  0304  0F0A        	mov a,10
 161  0305  80A6 0001   	lmov [294],a
 161  0307  0F01        	mov a,1
 161  0308  80A7 0001   	lmov [295],a
 163  030A              #line 163 "d:\wade\project\robot_arm\holtek_mcu\program\robot_arm_main_v7(from v5)\Robot_Arm_Main_7(from v5).c"
 163  030A              	fcall _motor_callb
 164  0311              #line 164 "d:\wade\project\robot_arm\holtek_mcu\program\robot_arm_main_v7(from v5)\Robot_Arm_Main_7(from v5).c"
 164  0311  321E        	set [30].4
 165  0312              #line 165 "d:\wade\project\robot_arm\holtek_mcu\program\robot_arm_main_v7(from v5)\Robot_Arm_Main_7(from v5).c"
 165  0312  0F20        	mov a,32
 165  0313  0080     R  	mov _motor_deg_2[2],a
 165  0314  0F03        	mov a,3
 165  0315  0080     R  	mov _motor_deg_2[3],a
 165  0316  0F68        	mov a,104
"File: Robot_Arm_Main_7(from v5).c  Assembler  Version HGASM0202      Page 25

 165  0317  0080     R  	mov _motor_deg_2[0],a
 165  0318  0F01        	mov a,1
 165  0319  0080     R  	mov _motor_deg_2[1],a
 165  031A              	fcall _motor_deg
 166  0321              #line 166 "d:\wade\project\robot_arm\holtek_mcu\program\robot_arm_main_v7(from v5)\Robot_Arm_Main_7(from v5).c"
 166  0321  0F88        	mov a,-120
 166  0322  0080     R  	mov _delay_2[0],a
 166  0323  0F13        	mov a,19
 166  0324  0080     R  	mov _delay_2[1],a
 166  0325              	fcall _delay
 167  032C              #line 167 "d:\wade\project\robot_arm\holtek_mcu\program\robot_arm_main_v7(from v5)\Robot_Arm_Main_7(from v5).c"
 167  032C  329E        	set [30].5
 167  032D              _L48:
 152  032D              #line 152 "d:\wade\project\robot_arm\holtek_mcu\program\robot_arm_main_v7(from v5)\Robot_Arm_Main_7(from v5).c"
 152  032D  1F00     R  	clr _main_2[0]
 152  032E              _L53:
 172  032E              #line 172 "d:\wade\project\robot_arm\holtek_mcu\program\robot_arm_main_v7(from v5)\Robot_Arm_Main_7(from v5).c"
 172  032E  359E        	clr [30].3
 173  032F              #line 173 "d:\wade\project\robot_arm\holtek_mcu\program\robot_arm_main_v7(from v5)\Robot_Arm_Main_7(from v5).c"
 173  032F  0F14        	mov a,20
 173  0330  0080     R  	mov _ptm_delay_2[0],a
 173  0331  0F05        	mov a,5
 173  0332  0080     R  	mov _ptm_delay_2[1],a
 173  0333              	fcall _ptm_delay
 174  033A              #line 174 "d:\wade\project\robot_arm\holtek_mcu\program\robot_arm_main_v7(from v5)\Robot_Arm_Main_7(from v5).c"
 174  033A  319E        	set [30].3
 175  033B              #line 175 "d:\wade\project\robot_arm\holtek_mcu\program\robot_arm_main_v7(from v5)\Robot_Arm_Main_7(from v5).c"
 175  033B  0F14        	mov a,20
 175  033C  0080     R  	mov _ptm_delay_2[0],a
 175  033D  0F05        	mov a,5
 175  033E  0080     R  	mov _ptm_delay_2[1],a
 175  033F              	fcall _ptm_delay
 175  0346  1480     R  	inc _main_2[0]
 170  0347              #line 170 "d:\wade\project\robot_arm\holtek_mcu\program\robot_arm_main_v7(from v5)\Robot_Arm_Main_7(from v5).c"
 170  0347  0700     R  	mov a,_main_2[0]
 170  0348  0A09        	sub a,9
 170  0349  390A        	snz z
 170  034A  2800     R  	jmp _L53
 170  034B  2800     R  	jmp _L52
 170  034C  2800     R  	jmp $
 170  034D              _main endp
 170  034D              
 170  034D              @dummy endp
 170  034D              
 170  034D              #line 170 "d:\wade\project\robot_arm\holtek_mcu\program\robot_arm_main_v7(from v5)\Robot_Arm_Main_7(from v5).c"
 170  034D              #pragma debug scope 1 1
 170  034D              public _kn
 170  0000              @HCCINIT	.section 'data'
   9  0000              #line 9 "d:\wade\project\robot_arm\holtek_mcu\program\robot_arm_main_v7(from v5)\Robot_Arm_Main_7(from v5).c"
   9  0000              @HCCINIT_kn .section 'data'
   9  0000              _kn label byte
   9  0000              #pragma debug variable 10 1 _kn "kn"
   9  0000              	db 0
   9  0000              @ROMDATA_BASE .section inpage 'code'
   9  0000              	db 0
   9  0001              @HCCINIT_kn .section 'data'
   9  0001              	db 0
   9  0001              @ROMDATA_BASE .section inpage 'code'
   9  0001              	db 0
   9  0002              @HCCINIT_kn .section 'data'
"File: Robot_Arm_Main_7(from v5).c  Assembler  Version HGASM0202      Page 26

   8  0002              #line 8 "d:\wade\project\robot_arm\holtek_mcu\program\robot_arm_main_v7(from v5)\Robot_Arm_Main_7(from v5).c"
   8  0002              public _Data
   8  0000              @HCCINIT0_Data .section 'data'
   8  0000  000A[       _Data	db 10 dup(0)
            00
            ]
   8  000A              #pragma debug array 42 8 10 1
   8  000A              #pragma debug array 42 8 10 1
   8  000A              #pragma debug variable 42 1 _Data "Data"
   8  000A              
   8  0000              @HCCINIT .section 'data'
   7  0000              #line 7 "d:\wade\project\robot_arm\holtek_mcu\program\robot_arm_main_v7(from v5)\Robot_Arm_Main_7(from v5).c"
   7  0000              public _R_Data
   7  0000              @HCCINIT0_R_Data .section 'data'
   7  0000  000A[       _R_Data	db 10 dup(0)
            00
            ]
   7  000A              #pragma debug variable 42 1 _R_Data "R_Data"
   7  000A              
   7  0000              @HCCINIT .section 'data'
   7  0000              #pragma debug struct_end
   7  0000              #pragma debug struct_end
   7  0000              #pragma debug union_end
   7  0000              #pragma debug union_end
   7  0000              #pragma debug variable 44 1 ___intc0 "__intc0" 1
   7  0000              #pragma debug struct_end
   7  0000              #pragma debug struct_end
   7  0000              #pragma debug union_end
   7  0000              #pragma debug union_end
   7  0000              #pragma debug variable 46 1 ___intc3 "__intc3" 1
   7  0000              #pragma debug struct_end
   7  0000              #pragma debug struct_end
   7  0000              #pragma debug union_end
   7  0000              #pragma debug union_end
   7  0000              #pragma debug variable 48 1 ___pc "__pc" 1
   7  0000              #pragma debug struct_end
   7  0000              #pragma debug struct_end
   7  0000              #pragma debug union_end
   7  0000              #pragma debug union_end
   7  0000              #pragma debug variable 50 1 ___pcc "__pcc" 1
   7  0000              #pragma debug struct_end
   7  0000              #pragma debug struct_end
   7  0000              #pragma debug union_end
   7  0000              #pragma debug union_end
   7  0000              #pragma debug variable 52 1 ___pd "__pd" 1
   7  0000              #pragma debug struct_end
   7  0000              #pragma debug struct_end
   7  0000              #pragma debug union_end
   7  0000              #pragma debug union_end
   7  0000              #pragma debug variable 54 1 ___pdc "__pdc" 1
   7  0000              #pragma debug struct_end
   7  0000              #pragma debug struct_end
   7  0000              #pragma debug union_end
   7  0000              #pragma debug union_end
   7  0000              #pragma debug variable 56 1 ___pdpu "__pdpu" 1
   7  0000              #pragma debug struct_end
   7  0000              #pragma debug struct_end
   7  0000              #pragma debug union_end
   7  0000              #pragma debug union_end
   7  0000              #pragma debug variable 58 1 ___mfi4 "__mfi4" 1
"File: Robot_Arm_Main_7(from v5).c  Assembler  Version HGASM0202      Page 27

   7  0000              #pragma debug struct_end
   7  0000              #pragma debug struct_end
   7  0000              #pragma debug union_end
   7  0000              #pragma debug union_end
   7  0000              #pragma debug variable 60 1 ___mfi5 "__mfi5" 1
   7  0000              #pragma debug struct_end
   7  0000              #pragma debug struct_end
   7  0000              #pragma debug union_end
   7  0000              #pragma debug union_end
   7  0000              #pragma debug variable 62 1 ___scc "__scc" 1
   7  0000              #pragma debug struct_end
   7  0000              #pragma debug struct_end
   7  0000              #pragma debug union_end
   7  0000              #pragma debug union_end
   7  0000              #pragma debug variable 64 1 ___hircc "__hircc" 1
   7  0000              #pragma debug struct_end
   7  0000              #pragma debug struct_end
   7  0000              #pragma debug union_end
   7  0000              #pragma debug union_end
   7  0000              #pragma debug variable 66 1 ___wdtc "__wdtc" 1
   7  0000              #pragma debug struct_end
   7  0000              #pragma debug struct_end
   7  0000              #pragma debug union_end
   7  0000              #pragma debug union_end
   7  0000              #pragma debug variable 68 1 ___ptm0c0 "__ptm0c0" 1
   7  0000              #pragma debug struct_end
   7  0000              #pragma debug struct_end
   7  0000              #pragma debug union_end
   7  0000              #pragma debug union_end
   7  0000              #pragma debug variable 70 1 ___ptm0c1 "__ptm0c1" 1
   7  0000              #pragma debug variable 8 1 ___ptm0al "__ptm0al" 1
   7  0000              #pragma debug variable 8 1 ___ptm0ah "__ptm0ah" 1
   7  0000              #pragma debug struct_end
   7  0000              #pragma debug struct_end
   7  0000              #pragma debug union_end
   7  0000              #pragma debug union_end
   7  0000              #pragma debug variable 72 1 ___ptm0rpl "__ptm0rpl" 1
   7  0000              #pragma debug struct_end
   7  0000              #pragma debug struct_end
   7  0000              #pragma debug union_end
   7  0000              #pragma debug union_end
   7  0000              #pragma debug variable 74 1 ___ptm0rph "__ptm0rph" 1
   7  0000              #pragma debug struct_end
   7  0000              #pragma debug struct_end
   7  0000              #pragma debug union_end
   7  0000              #pragma debug union_end
   7  0000              #pragma debug variable 76 1 ___stm0c0 "__stm0c0" 1
   7  0000              #pragma debug struct_end
   7  0000              #pragma debug struct_end
   7  0000              #pragma debug union_end
   7  0000              #pragma debug union_end
   7  0000              #pragma debug variable 78 1 ___stm0c1 "__stm0c1" 1
   7  0000              #pragma debug variable 8 1 ___stm0al "__stm0al" 1
   7  0000              #pragma debug variable 8 1 ___stm0ah "__stm0ah" 1
   7  0000              #pragma debug struct_end
   7  0000              #pragma debug struct_end
   7  0000              #pragma debug union_end
   7  0000              #pragma debug union_end
   7  0000              #pragma debug variable 80 1 ___stm0rp "__stm0rp" 1
   7  0000              #pragma debug struct_end
"File: Robot_Arm_Main_7(from v5).c  Assembler  Version HGASM0202      Page 28

   7  0000              #pragma debug struct_end
   7  0000              #pragma debug union_end
   7  0000              #pragma debug union_end
   7  0000              #pragma debug variable 82 1 ___u0sr "__u0sr" 1
   7  0000              #pragma debug struct_end
   7  0000              #pragma debug struct_end
   7  0000              #pragma debug union_end
   7  0000              #pragma debug union_end
   7  0000              #pragma debug variable 84 1 ___u0cr1 "__u0cr1" 1
   7  0000              #pragma debug struct_end
   7  0000              #pragma debug struct_end
   7  0000              #pragma debug union_end
   7  0000              #pragma debug union_end
   7  0000              #pragma debug variable 86 1 ___u0cr2 "__u0cr2" 1
   7  0000              #pragma debug variable 8 1 ___txr_rxr0 "__txr_rxr0" 1
   7  0000              #pragma debug variable 8 1 ___brg0 "__brg0" 1
   7  0000              #pragma debug struct_end
   7  0000              #pragma debug struct_end
   7  0000              #pragma debug union_end
   7  0000              #pragma debug union_end
   7  0000              #pragma debug variable 88 1 ___ptm1c0 "__ptm1c0" 1
   7  0000              #pragma debug struct_end
   7  0000              #pragma debug struct_end
   7  0000              #pragma debug union_end
   7  0000              #pragma debug union_end
   7  0000              #pragma debug variable 90 1 ___ptm1c1 "__ptm1c1" 1
   7  0000              #pragma debug variable 8 1 ___ptm1al "__ptm1al" 1
   7  0000              #pragma debug variable 8 1 ___ptm1ah "__ptm1ah" 1
   7  0000              #pragma debug struct_end
   7  0000              #pragma debug struct_end
   7  0000              #pragma debug union_end
   7  0000              #pragma debug union_end
   7  0000              #pragma debug variable 92 1 ___ptm1rpl "__ptm1rpl" 1
   7  0000              #pragma debug struct_end
   7  0000              #pragma debug struct_end
   7  0000              #pragma debug union_end
   7  0000              #pragma debug union_end
   7  0000              #pragma debug variable 94 1 ___ptm1rph "__ptm1rph" 1
   7  0000              #pragma debug struct_end
   7  0000              #pragma debug struct_end
   7  0000              #pragma debug union_end
   7  0000              #pragma debug union_end
   7  0000              #pragma debug variable 96 1 ___ptm2c0 "__ptm2c0" 1
   7  0000              #pragma debug struct_end
   7  0000              #pragma debug struct_end
   7  0000              #pragma debug union_end
   7  0000              #pragma debug union_end
   7  0000              #pragma debug variable 98 1 ___ptm2c1 "__ptm2c1" 1
   7  0000              #pragma debug variable 8 1 ___ptm2al "__ptm2al" 1
   7  0000              #pragma debug variable 8 1 ___ptm2ah "__ptm2ah" 1
   7  0000              #pragma debug struct_end
   7  0000              #pragma debug struct_end
   7  0000              #pragma debug union_end
   7  0000              #pragma debug union_end
   7  0000              #pragma debug variable 100 1 ___ptm2rpl "__ptm2rpl" 1
   7  0000              #pragma debug struct_end
   7  0000              #pragma debug struct_end
   7  0000              #pragma debug union_end
   7  0000              #pragma debug union_end
   7  0000              #pragma debug variable 102 1 ___ptm2rph "__ptm2rph" 1
"File: Robot_Arm_Main_7(from v5).c  Assembler  Version HGASM0202      Page 29

   7  0000              #pragma debug struct_end
   7  0000              #pragma debug struct_end
   7  0000              #pragma debug union_end
   7  0000              #pragma debug union_end
   7  0000              #pragma debug variable 104 1 ___ptm3c0 "__ptm3c0" 1
   7  0000              #pragma debug struct_end
   7  0000              #pragma debug struct_end
   7  0000              #pragma debug union_end
   7  0000              #pragma debug union_end
   7  0000              #pragma debug variable 106 1 ___ptm3c1 "__ptm3c1" 1
   7  0000              #pragma debug variable 8 1 ___ptm3al "__ptm3al" 1
   7  0000              #pragma debug variable 8 1 ___ptm3ah "__ptm3ah" 1
   7  0000              #pragma debug struct_end
   7  0000              #pragma debug struct_end
   7  0000              #pragma debug union_end
   7  0000              #pragma debug union_end
   7  0000              #pragma debug variable 108 1 ___stm1c0 "__stm1c0" 1
   7  0000              #pragma debug struct_end
   7  0000              #pragma debug struct_end
   7  0000              #pragma debug union_end
   7  0000              #pragma debug union_end
   7  0000              #pragma debug variable 110 1 ___stm1c1 "__stm1c1" 1
   7  0000              #pragma debug variable 8 1 ___stm1al "__stm1al" 1
   7  0000              #pragma debug variable 8 1 ___stm1ah "__stm1ah" 1
   7  0000              #pragma debug struct_end
   7  0000              #pragma debug struct_end
   7  0000              #pragma debug union_end
   7  0000              #pragma debug union_end
   7  0000              #pragma debug variable 112 1 ___stm1rp "__stm1rp" 1
   7  0000              #pragma debug struct_end
   7  0000              #pragma debug struct_end
   7  0000              #pragma debug union_end
   7  0000              #pragma debug union_end
   7  0000              #pragma debug variable 114 1 ___stm2c0 "__stm2c0" 1
   7  0000              #pragma debug struct_end
   7  0000              #pragma debug struct_end
   7  0000              #pragma debug union_end
   7  0000              #pragma debug union_end
   7  0000              #pragma debug variable 116 1 ___stm2c1 "__stm2c1" 1
   7  0000              #pragma debug variable 8 1 ___stm2al "__stm2al" 1
   7  0000              #pragma debug variable 8 1 ___stm2ah "__stm2ah" 1
   7  0000              #pragma debug struct_end
   7  0000              #pragma debug struct_end
   7  0000              #pragma debug union_end
   7  0000              #pragma debug union_end
   7  0000              #pragma debug variable 118 1 ___stm2rp "__stm2rp" 1
   7  0000              #pragma debug struct_end
   7  0000              #pragma debug struct_end
   7  0000              #pragma debug union_end
   7  0000              #pragma debug union_end
   7  0000              #pragma debug variable 120 1 ___pas1 "__pas1" 1
   7  0000              #pragma debug struct_end
   7  0000              #pragma debug struct_end
   7  0000              #pragma debug union_end
   7  0000              #pragma debug union_end
   7  0000              #pragma debug variable 122 1 ___pcs0 "__pcs0" 1
   7  0000              #pragma debug struct_end
   7  0000              #pragma debug struct_end
   7  0000              #pragma debug union_end
   7  0000              #pragma debug union_end
"File: Robot_Arm_Main_7(from v5).c  Assembler  Version HGASM0202      Page 30

   7  0000              #pragma debug variable 124 1 ___pcs1 "__pcs1" 1
   7  0000              #pragma debug struct_end
   7  0000              #pragma debug struct_end
   7  0000              #pragma debug union_end
   7  0000              #pragma debug union_end
   7  0000              #pragma debug variable 126 1 ___pds0 "__pds0" 1
   7  0000              #pragma debug struct_end
   7  0000              #pragma debug struct_end
   7  0000              #pragma debug union_end
   7  0000              #pragma debug union_end
   7  0000              #pragma debug variable 128 1 ___pfs1 "__pfs1" 1
   7  0000              extern r1:byte
   7  0000              extern r2:byte
   7  0000              extern r3:byte
   7  0000              extern r4:byte
   7  0000              extern r5:byte
   7  0000              extern r6:byte
   7  0000              extern r7:byte
  43  0000              #line 43 "d:\wade\project\robot_arm\holtek_mcu\program\robot_arm_main_v7(from v5)\Robot_Arm_Main_7(from v5).c"
  43  0000              @code .section at 0 'code'
  43  0000  1F0B        	clr bp
  43  0001  2800     R  	jmp _main_startup1
  43  0002              
  43  0002              
  43  0002              ; 
  43  0002              ; Generated by holtek-gcc v3.19, Tue Dec 21 12:41:51 2021
  43  0002              ; Rebuild 718
  43  0002              ; end of file


        0 Errors, 0