"File: Motor_v2.c    Assembler  Version HGASM0202      Page 1


   1  0000              ; Generated by holtek-gcc v3.19, Fri Aug 20 15:19:19 2021
   2  0000              ; 
   3  0000              ; Configuration:
   4  0000              ;       with long instruction
   5  0000              ;       Multi-ROM, Multi-RAM
   6  0000              ;       bits_per_rom_unit:16
   7  0000              ;       with mp1
   8  0000              ;       with tbhp, address(0x9)
   9  0000              ;          Use tabrd-const
  10  0000              ;       
  11  0000              ; SFR address of long-instruction arch:
  12  0000              ;    mp0 = -1,1,0
  13  0000              ;    mp1 = 4,3,2
  14  0000              ;    mp2 = 14,13,12
  15  0000              ;    tbp = 9,7,8
  16  0000              ;    acc = 5
  17  0000              ;    pcl = 6
  18  0000              ;    status = 10
  19  0000              ;    bp = 11
  20  0000              ;    intc = 16
  21  0000              ;       
  22  0000              ;       
  23  0000              ; use 'tabrdc' instead of 'tabrd'
  24  0000              ;       
  25  0000              
  26  0000              #pragma translator "holtek-gcc 4.6.4" "3.19" "build 20130711"
  27  0000              ; Rebuild 718
  28  0000              
  29  0000              ir equ [2]
  30  0000              mp equ [3]
  31  0000              sbp equ [4]
  32  0000              acc equ [5]
  33  0000              bp equ [11]
  34  0000              tblp equ [7]
  35  0000              tbhp equ [9]
  36  0000              status equ [10]
  37  0000              c equ [10].0
  38  0000              ac equ [10].1
  39  0000              z equ [10].2
  40  0000              ov equ [10].3
  41  0000              cz equ [10].6
  42  0000              sc equ [10].7
  43  0000              intc equ [16]
  44  0000              mduwr0 equ [59h]
  45  0000              mduwr1 equ [5ah]
  46  0000              mduwr2 equ [5bh]
  47  0000              mduwr3 equ [5ch]
  48  0000              mduwr4 equ [5dh]
  49  0000              mduwr5 equ [5eh]
  50  0000              mduwrctrl equ [5fh]
  51  0000              
  52  0000              extern ra:byte
  53  0000              extern rb:byte
  54  0000              extern rc:byte
  55  0000              extern rd:byte
  56  0000              extern re:byte
  57  0000              extern rf:byte
  58  0000              extern rg:byte
  59  0000              extern rh:byte
"File: Motor_v2.ASM  Assembler  Version HGASM0202      Page 2

  60  0000              extern _Crom2Prom:near
  61  0000              extern _Crom2PromNext:near
  62  0000              
  63  0000              RAMBANK 0 @BITDATASEC, @BITDATASEC1
  64  0000              @HCCINIT	.section 'data'
  65  0000              @HCCINIT0	.section 'data'
  66  0000              @BITDATASEC	 .section 'data'
  67  0000              @BITDATASEC1	 .section 'data'
  68  0000              
  69  0000              #pragma debug scope 1 1
  70  0000              	extern __DELAY3:near
  71  0000              	extern __DELAYX3:near
  72  0000              	extern __DELAYX6:near
  73  0000              	extern __DELAYY5:near
  74  0000              	extern __DELAYY3:near
  75  0000              	extern _builtin_holtek_delay_2:byte
  76  0000              ___pas1 equ [334]
  77  0000              ___u0cr1 equ [273]
  78  0000              ___u0cr2 equ [274]
  79  0000              ___brg0 equ [276]
  80  0000              ___mfi5 equ [56]
  81  0000              ___intc3 equ [19]
  82  0000              ___intc0 equ [16]
  83  0000              public _UART_Setup
  84  0000              #pragma debug scope 2 1

 140  0000              #line 140 "D:\Wade\Project\Robot_Arm\Holtek MCU\Program\Motor_v2\Motor_v2.c"
 140  0000              _UART_Setup .section 'code'
 140  0000              _UART_Setup proc
 141  0000              #line 141 "D:\Wade\Project\Robot_Arm\Holtek MCU\Program\Motor_v2\Motor_v2.c"
 141  0000  0FF0        	mov a,240
 141  0001  80CE 0001   	lmov [334],a
 142  0003              #line 142 "D:\Wade\Project\Robot_Arm\Holtek MCU\Program\Motor_v2\Motor_v2.c"
 142  0003  0F80        	mov a,128
 142  0004  8091 0001   	lmov [273],a
 143  0006              #line 143 "D:\Wade\Project\Robot_Arm\Holtek MCU\Program\Motor_v2\Motor_v2.c"
 143  0006  0FC4        	mov a,196
 143  0007  8092 0001   	lmov [274],a
 144  0009              #line 144 "D:\Wade\Project\Robot_Arm\Holtek MCU\Program\Motor_v2\Motor_v2.c"
 144  0009  0F0C        	mov a,12
 144  000A  8094 0001   	lmov [276],a
 145  000C              #line 145 "D:\Wade\Project\Robot_Arm\Holtek MCU\Program\Motor_v2\Motor_v2.c"
 145  000C  3038        	set [56].0
 146  000D              #line 146 "D:\Wade\Project\Robot_Arm\Holtek MCU\Program\Motor_v2\Motor_v2.c"
 146  000D  3638        	clr [56].4
 147  000E              #line 147 "D:\Wade\Project\Robot_Arm\Holtek MCU\Program\Motor_v2\Motor_v2.c"
 147  000E  3193        	set [19].3
 148  000F              #line 148 "D:\Wade\Project\Robot_Arm\Holtek MCU\Program\Motor_v2\Motor_v2.c"
 148  000F  3010        	set [16].0
 148  0010  0003        	ret
 148  0011              _UART_Setup endp
 148  0011              #line 148 "D:\Wade\Project\Robot_Arm\Holtek MCU\Program\Motor_v2\Motor_v2.c"
 148  0011              #pragma debug scope 1 1
 148  0011              ___u0sr equ [272]
 148  0011              ___txr_rxr0 equ [275]
 148  0011              public _Read_Data
 148  0011              #pragma debug scope 3 1
 152  0011              #line 152 "D:\Wade\Project\Robot_Arm\Holtek MCU\Program\Motor_v2\Motor_v2.c"
 152  0000              _Read_Data .section 'code'
 152  0000              _Read_Data proc
"File: Motor_v2.c    Assembler  Version HGASM0202      Page 3

 152  0000              _L4:
 153  0000              #line 153 "D:\Wade\Project\Robot_Arm\Holtek MCU\Program\Motor_v2\Motor_v2.c"
 153  0000  B990 0001   	lsnz [272].3
 153  0002  2800     R  	jmp _L4
 154  0003              #line 154 "D:\Wade\Project\Robot_Arm\Holtek MCU\Program\Motor_v2\Motor_v2.c"
 154  0003  0700     R  	mov a,_kn[0]
 154  0004  0080     E  	mov rb,a
 154  0005  0700     R  	mov a,_kn[1]
 154  0006  0080     E  	mov rc,a
 154  0007  8713 0001   	lmov a,[275]
 154  0009  0080     E  	mov ra,a
 154  000A  0F00     R  	mov a,low offset _R_Data
 154  000B  0300     E  	add a,rb
 154  000C  0083        	mov mp,a
 154  000D  0F00     R  	mov a,high offset _R_Data
 154  000E  1300     E  	adc a,rc
 154  000F  0084        	mov sbp,a
 154  0010  0700     E  	mov a,ra
 154  0011  0082        	mov ir,a
 155  0012              #line 155 "D:\Wade\Project\Robot_Arm\Holtek MCU\Program\Motor_v2\Motor_v2.c"
 155  0012  0700     E  	mov a,ra
 155  0013  0A2F        	sub a,47
 155  0014  3D0A        	sz z
 155  0015  2800     R  	jmp _L5
 155  0016  0F09        	mov a,9
 155  0017  0200     E  	sub a,rb
 155  0018  0F00        	mov a,0
 155  0019  1200     E  	sbc a,rc
 155  001A  3C0A        	sz c
 155  001B  2800     R  	jmp _L6
 155  001C              _L5:
 155  001C              #pragma debug scope 4 3
 155  001C              ;begin block, line: 155.-1
 157  001C              #line 157 "D:\Wade\Project\Robot_Arm\Holtek MCU\Program\Motor_v2\Motor_v2.c"
 157  001C  1F00     R  	clr _kn[0]
 157  001D  1F00     R  	clr _kn[1]
 159  001E              #line 159 "D:\Wade\Project\Robot_Arm\Holtek MCU\Program\Motor_v2\Motor_v2.c"
 159  001E  1F00     E  	clr rb
 159  001F  1F00     E  	clr rc
 159  0020              _L8:
 160  0020              #line 160 "D:\Wade\Project\Robot_Arm\Holtek MCU\Program\Motor_v2\Motor_v2.c"
 160  0020  0F00     R  	mov a,low offset _R_Data
 160  0021  0300     E  	add a,rb
 160  0022  0083        	mov mp,a
 160  0023  0F00     R  	mov a,high offset _R_Data
 160  0024  1300     E  	adc a,rc
 160  0025  0084        	mov sbp,a
 160  0026              	fcall _Crom2Prom
 160  002D  0080     E  	mov ra,a
 160  002E  0F00     R  	mov a,low offset _Data
 160  002F  0300     E  	add a,rb
 160  0030  0083        	mov mp,a
 160  0031  0F00     R  	mov a,high offset _Data
 160  0032  1300     E  	adc a,rc
 160  0033  0084        	mov sbp,a
 160  0034  0700     E  	mov a,ra
 160  0035  0082        	mov ir,a
 159  0036              #line 159 "D:\Wade\Project\Robot_Arm\Holtek MCU\Program\Motor_v2\Motor_v2.c"
 159  0036  1480     E  	inc rb
 159  0037  3D0A        	sz z
"File: Motor_v2.c    Assembler  Version HGASM0202      Page 4

 159  0038  1480     E  	inc rc
 159  0039  0700     E  	mov a,rb
 159  003A  0C0A        	xor a,10
 159  003B  0500     E  	or a,rc
 159  003C  390A        	snz z
 159  003D  2800     R  	jmp _L8
 159  003E  2800     R  	jmp _L2
 159  003F              _L6:
 159  003F              #pragma debug scope 3 1
 162  003F              #line 162 "D:\Wade\Project\Robot_Arm\Holtek MCU\Program\Motor_v2\Motor_v2.c"
 162  003F  0F01        	mov a,1
 162  0040  0300     E  	add a,rb
 162  0041  0080     R  	mov _kn[0],a
 162  0042  0F00        	mov a,0
 162  0043  1300     E  	adc a,rc
 162  0044  0080     R  	mov _kn[1],a
 162  0045              _L2:
 162  0045  0003        	ret
 162  0046              _Read_Data endp
 162  0046              #line 162 "D:\Wade\Project\Robot_Arm\Holtek MCU\Program\Motor_v2\Motor_v2.c"
 162  0046              #pragma debug scope 1 1
 162  0046              public _Uart_R
 162  0046              #pragma debug scope 5 1
 134  0046              #line 134 "D:\Wade\Project\Robot_Arm\Holtek MCU\Program\Motor_v2\Motor_v2.c"
 134  0046              rombank 0 @Uart_R_code
 134  0000              @Uart_R_code .section at 60 'code'
 134  0000  0080     E  	mov r1,a
 134  0001  070B        	mov a,bp
 134  0002  1F0B        	clr bp
 134  0003  2800     R  	jmp _Uart_R
 134  0004              ROMBANK 0 _Uart_R
 134  0004              #pragma debug scope 1 1
 134  0004              @dummy60 endp
 134  0004              #pragma debug scope 6 1
 134  0000              _Uart_R .section 'code'
 134  0000              _Uart_R proc
 134  0000  0080     E  	mov r2,a
 134  0001  070A        	mov a, status
 134  0002  0080     E  	mov r3,a
 134  0003  0703        	mov a,mp
 134  0004  0080     E  	mov r4,a
 134  0005  0704        	mov a,sbp
 134  0006  0080     E  	mov r5,a
 134  0007  0707        	mov a,tblp
 134  0008  0080     E  	mov r6,a
 134  0009  0709        	mov a,tbhp
 134  000A  0080     E  	mov r7,a
 135  000B              #line 135 "D:\Wade\Project\Robot_Arm\Holtek MCU\Program\Motor_v2\Motor_v2.c"
 135  000B              	fcall _Read_Data
 136  0012              #line 136 "D:\Wade\Project\Robot_Arm\Holtek MCU\Program\Motor_v2\Motor_v2.c"
 136  0012  3638        	clr [56].4
 136  0013  0700     E  	mov a,r2
 136  0014  008B        	mov bp,a
 136  0015  0700     E  	mov a,r3
 136  0016  008A        	mov status,a
 136  0017  0700     E  	mov a,r4
 136  0018  0083        	mov mp,a
 136  0019  0700     E  	mov a,r5
 136  001A  0084        	mov sbp,a
 136  001B  0700     E  	mov a,r6
"File: Motor_v2.c    Assembler  Version HGASM0202      Page 5

 136  001C  0087        	mov tblp,a
 136  001D  0700     E  	mov a,r7
 136  001E  0089        	mov tbhp,a
 136  001F  1D05        	tabrdc acc
 136  0020  0700     E  	mov a,r1
 136  0021  0004        	reti
 136  0022              _Uart_R endp
 136  0022              
 136  0022              #line 136 "D:\Wade\Project\Robot_Arm\Holtek MCU\Program\Motor_v2\Motor_v2.c"
 136  0022              #pragma debug scope 1 1
 136  0022              ___ptm3c0 equ [298]
 136  0022              ___ptm3c1 equ [299]
 136  0022              ___mfi4 equ [55]
 136  0022              public _ptm_setup
 136  0022              #pragma debug scope 7 1
 194  0022              #line 194 "D:\Wade\Project\Robot_Arm\Holtek MCU\Program\Motor_v2\Motor_v2.c"
 194  0000              _ptm_setup .section 'code'
 194  0000              _ptm_setup proc
 195  0000              #line 195 "D:\Wade\Project\Robot_Arm\Holtek MCU\Program\Motor_v2\Motor_v2.c"
 195  0000  9F2A 0001   	lclr [298]
 196  0002              #line 196 "D:\Wade\Project\Robot_Arm\Holtek MCU\Program\Motor_v2\Motor_v2.c"
 196  0002  0FC1        	mov a,193
 196  0003  80AB 0001   	lmov [299],a
 197  0005              #line 197 "D:\Wade\Project\Robot_Arm\Holtek MCU\Program\Motor_v2\Motor_v2.c"
 197  0005  3010        	set [16].0
 198  0006              #line 198 "D:\Wade\Project\Robot_Arm\Holtek MCU\Program\Motor_v2\Motor_v2.c"
 198  0006  3113        	set [19].2
 199  0007              #line 199 "D:\Wade\Project\Robot_Arm\Holtek MCU\Program\Motor_v2\Motor_v2.c"
 199  0007  30B7        	set [55].1
 200  0008              #line 200 "D:\Wade\Project\Robot_Arm\Holtek MCU\Program\Motor_v2\Motor_v2.c"
 200  0008  36B7        	clr [55].5
 200  0009  0003        	ret
 200  000A              _ptm_setup endp
 200  000A              #line 200 "D:\Wade\Project\Robot_Arm\Holtek MCU\Program\Motor_v2\Motor_v2.c"
 200  000A              #pragma debug scope 1 1
 200  000A              ___ptm3al equ [302]
 200  000A              ___ptm3ah equ [303]
 200  000A              public _ptm_delay
 200  000A              #pragma debug scope 8 1
 204  000A              #line 204 "D:\Wade\Project\Robot_Arm\Holtek MCU\Program\Motor_v2\Motor_v2.c"
 204  0000              _ptm_delay .section 'code'
 204  0000              _ptm_delay proc
 204  0000              public _ptm_delay_2
 204  0000  0002[           local _ptm_delay_2 db 2 dup(?)	; 2,0
            00
            ]
 204  0002              #pragma debug variable 12 8 _ptm_delay_2+0 "tm"
 205  0002              #line 205 "D:\Wade\Project\Robot_Arm\Holtek MCU\Program\Motor_v2\Motor_v2.c"
 205  0000  0700     R  	mov a,_ptm_delay_2[0]
 205  0001  80AE 0001   	lmov [302],a
 206  0003              #line 206 "D:\Wade\Project\Robot_Arm\Holtek MCU\Program\Motor_v2\Motor_v2.c"
 206  0003  0700     R  	mov a,_ptm_delay_2[1]
 206  0004  80AF 0001   	lmov [303],a
 207  0006              #line 207 "D:\Wade\Project\Robot_Arm\Holtek MCU\Program\Motor_v2\Motor_v2.c"
 207  0006  B1AA 0001   	lset [298].3
 207  0008              _L20:
 208  0008              #line 208 "D:\Wade\Project\Robot_Arm\Holtek MCU\Program\Motor_v2\Motor_v2.c"
 208  0008  3AB7        	snz [55].5
 208  0009  2800     R  	jmp _L20
 209  000A              #line 209 "D:\Wade\Project\Robot_Arm\Holtek MCU\Program\Motor_v2\Motor_v2.c"
"File: Motor_v2.c    Assembler  Version HGASM0202      Page 6

 209  000A  B5AA 0001   	lclr [298].3
 210  000C              #line 210 "D:\Wade\Project\Robot_Arm\Holtek MCU\Program\Motor_v2\Motor_v2.c"
 210  000C  36B7        	clr [55].5
 210  000D  0003        	ret
 210  000E              _ptm_delay endp
 210  000E              #line 210 "D:\Wade\Project\Robot_Arm\Holtek MCU\Program\Motor_v2\Motor_v2.c"
 210  000E              #pragma debug scope 1 1
 210  000E              ___pd equ [30]
 210  000E              public _motor_callb
 210  000E              #pragma debug scope 9 1
 166  000E              #line 166 "D:\Wade\Project\Robot_Arm\Holtek MCU\Program\Motor_v2\Motor_v2.c"
 166  0000              _motor_callb .section 'code'
 166  0000              _motor_callb proc
 167  0000              #line 167 "D:\Wade\Project\Robot_Arm\Holtek MCU\Program\Motor_v2\Motor_v2.c"
 167  0000  369E        	clr [30].5
 168  0001              #line 168 "D:\Wade\Project\Robot_Arm\Holtek MCU\Program\Motor_v2\Motor_v2.c"
 168  0001  361E        	clr [30].4
 169  0002              #line 169 "D:\Wade\Project\Robot_Arm\Holtek MCU\Program\Motor_v2\Motor_v2.c"
 169  0002  2800     R  	jmp _L22
 169  0003              _L23:
 171  0003              #line 171 "D:\Wade\Project\Robot_Arm\Holtek MCU\Program\Motor_v2\Motor_v2.c"
 171  0003  359E        	clr [30].3
 172  0004              #line 172 "D:\Wade\Project\Robot_Arm\Holtek MCU\Program\Motor_v2\Motor_v2.c"
 172  0004  0FF4        	mov a,-12
 172  0005  0080     R  	mov _ptm_delay_2[0],a
 172  0006  0F01        	mov a,1
 172  0007  0080     R  	mov _ptm_delay_2[1],a
 172  0008              	fcall _ptm_delay
 173  000F              #line 173 "D:\Wade\Project\Robot_Arm\Holtek MCU\Program\Motor_v2\Motor_v2.c"
 173  000F  319E        	set [30].3
 174  0010              #line 174 "D:\Wade\Project\Robot_Arm\Holtek MCU\Program\Motor_v2\Motor_v2.c"
 174  0010  0FF4        	mov a,-12
 174  0011  0080     R  	mov _ptm_delay_2[0],a
 174  0012  0F01        	mov a,1
 174  0013  0080     R  	mov _ptm_delay_2[1],a
 174  0014              	fcall _ptm_delay
 174  001B              _L22:
 169  001B              #line 169 "D:\Wade\Project\Robot_Arm\Holtek MCU\Program\Motor_v2\Motor_v2.c"
 169  001B  3F1E        	sz [30].6
 169  001C  2800     R  	jmp _L23
 169  001D  0003        	ret
 169  001E              _motor_callb endp
 169  001E              #line 169 "D:\Wade\Project\Robot_Arm\Holtek MCU\Program\Motor_v2\Motor_v2.c"
 169  001E              #pragma debug scope 1 1
 169  001E              public _motor_deg
 169  001E              #pragma debug scope 10 1
 179  001E              #line 179 "D:\Wade\Project\Robot_Arm\Holtek MCU\Program\Motor_v2\Motor_v2.c"
 179  0000              _motor_deg .section 'code'
 179  0000              _motor_deg proc
 179  0000              public _motor_deg_2
 179  0000  0007[           local _motor_deg_2 db 7 dup(?)	; 4,3
            00
            ]
 179  0007              #pragma debug variable 10 10 _motor_deg_2+0 "deg"
 179  0007              #pragma debug variable 12 10 _motor_deg_2+2 "time"
 179  0007              #pragma debug variable 10 10 _motor_deg_2+4 "j"
 181  0007              #line 181 "D:\Wade\Project\Robot_Arm\Holtek MCU\Program\Motor_v2\Motor_v2.c"
 181  0000  1F00     R  	clr _motor_deg_2[4]
 181  0001  1F00     R  	clr _motor_deg_2[5]
 181  0002              _L25:
"File: Motor_v2.c    Assembler  Version HGASM0202      Page 7

 181  0002              #line 181 "D:\Wade\Project\Robot_Arm\Holtek MCU\Program\Motor_v2\Motor_v2.c"
 181  0002  0700     R  	mov a,_motor_deg_2[4]
 181  0003  0200     R  	sub a,_motor_deg_2[0]
 181  0004  0700     R  	mov a,_motor_deg_2[5]
 181  0005  1200     R  	sbc a,_motor_deg_2[1]
 181  0006  3F0A        	sz cz
 181  0007  2800     R  	jmp _L24
 181  0008  1F00     R  	clr _motor_deg_2[6]
 181  0009              _L28:
 185  0009              #line 185 "D:\Wade\Project\Robot_Arm\Holtek MCU\Program\Motor_v2\Motor_v2.c"
 185  0009  359E        	clr [30].3
 186  000A              #line 186 "D:\Wade\Project\Robot_Arm\Holtek MCU\Program\Motor_v2\Motor_v2.c"
 186  000A  0700     R  	mov a,_motor_deg_2[2]
 186  000B  0080     R  	mov _ptm_delay_2[0],a
 186  000C  0700     R  	mov a,_motor_deg_2[3]
 186  000D  0080     R  	mov _ptm_delay_2[1],a
 186  000E              	fcall _ptm_delay
 187  0015              #line 187 "D:\Wade\Project\Robot_Arm\Holtek MCU\Program\Motor_v2\Motor_v2.c"
 187  0015  319E        	set [30].3
 188  0016              #line 188 "D:\Wade\Project\Robot_Arm\Holtek MCU\Program\Motor_v2\Motor_v2.c"
 188  0016  0700     R  	mov a,_motor_deg_2[2]
 188  0017  0080     R  	mov _ptm_delay_2[0],a
 188  0018  0700     R  	mov a,_motor_deg_2[3]
 188  0019  0080     R  	mov _ptm_delay_2[1],a
 188  001A              	fcall _ptm_delay
 188  0021  1480     R  	inc _motor_deg_2[6]
 183  0022              #line 183 "D:\Wade\Project\Robot_Arm\Holtek MCU\Program\Motor_v2\Motor_v2.c"
 183  0022  0700     R  	mov a,_motor_deg_2[6]
 183  0023  0A09        	sub a,9
 183  0024  390A        	snz z
 183  0025  2800     R  	jmp _L28
 181  0026              #line 181 "D:\Wade\Project\Robot_Arm\Holtek MCU\Program\Motor_v2\Motor_v2.c"
 181  0026  1480     R  	inc _motor_deg_2[4]
 181  0027  3D0A        	sz z
 181  0028  1480     R  	inc _motor_deg_2[5]
 181  0029  2800     R  	jmp _L25
 181  002A              _L24:
 181  002A  0003        	ret
 181  002B              _motor_deg endp
 181  002B              #line 181 "D:\Wade\Project\Robot_Arm\Holtek MCU\Program\Motor_v2\Motor_v2.c"
 181  002B              #pragma debug scope 1 1
 181  002B              public _delay
 181  002B              #pragma debug scope 11 1
 237  002B              #line 237 "D:\Wade\Project\Robot_Arm\Holtek MCU\Program\Motor_v2\Motor_v2.c"
 237  0000              _delay .section 'code'
 237  0000              _delay proc
 237  0000              public _delay_2
 237  0000  0002[           local _delay_2 db 2 dup(?)	; 2,0
            00
            ]
 237  0002              #pragma debug variable 10 11 _delay_2+0 "var"
 239  0002              #line 239 "D:\Wade\Project\Robot_Arm\Holtek MCU\Program\Motor_v2\Motor_v2.c"
 239  0000  1F00     E  	clr rb
 239  0001  1F00     E  	clr rc
 239  0002              _L30:
 239  0002              #line 239 "D:\Wade\Project\Robot_Arm\Holtek MCU\Program\Motor_v2\Motor_v2.c"
 239  0002  0700     E  	mov a,rb
 239  0003  0200     R  	sub a,_delay_2[0]
 239  0004  0700     E  	mov a,rc
 239  0005  1200     R  	sbc a,_delay_2[1]
"File: Motor_v2.c    Assembler  Version HGASM0202      Page 8

 239  0006  3F0A        	sz cz
 239  0007  2800     R  	jmp _L29
 239  0008  1F00     E  	clr ra
 239  0009              _L33:
 241  0009              #line 241 "D:\Wade\Project\Robot_Arm\Holtek MCU\Program\Motor_v2\Motor_v2.c"
 241  0009              ;# 241 "D:\Wade\Project\Robot_Arm\Holtek MCU\Program\Motor_v2\Motor_v2.c" 1
 241  0009  0000        	nop
 241  000A  1480     E  	inc ra
 240  000B              #line 240 "D:\Wade\Project\Robot_Arm\Holtek MCU\Program\Motor_v2\Motor_v2.c"
 240  000B  0700     E  	mov a,ra
 240  000C  0A19        	sub a,25
 240  000D  390A        	snz z
 240  000E  2800     R  	jmp _L33
 239  000F              #line 239 "D:\Wade\Project\Robot_Arm\Holtek MCU\Program\Motor_v2\Motor_v2.c"
 239  000F  1480     E  	inc rb
 239  0010  3D0A        	sz z
 239  0011  1480     E  	inc rc
 239  0012  2800     R  	jmp _L30
 239  0013              _L29:
 239  0013  0003        	ret
 239  0014              _delay endp
 239  0014              #line 239 "D:\Wade\Project\Robot_Arm\Holtek MCU\Program\Motor_v2\Motor_v2.c"
 239  0014              #pragma debug scope 1 1
 239  0014              ___pf equ [36]
 239  0014              ___pg equ [39]
 239  0014              public _Segment
 239  0014              #pragma debug scope 12 1
 214  0014              #line 214 "D:\Wade\Project\Robot_Arm\Holtek MCU\Program\Motor_v2\Motor_v2.c"
 214  0000              _Segment .section 'code'
 214  0000              _Segment proc
 214  0000              public _Segment_2
 214  0000  0002[           local _Segment_2 db 2 dup(?)	; 2,0
            00
            ]
 214  0002              #pragma debug variable 10 12 _Segment_2+0 "Value"
 215  0002              #line 215 "D:\Wade\Project\Robot_Arm\Holtek MCU\Program\Motor_v2\Motor_v2.c"
 215  0000  3024        	set [36].0
 216  0001              #line 216 "D:\Wade\Project\Robot_Arm\Holtek MCU\Program\Motor_v2\Motor_v2.c"
 216  0001  1B10        	rrca intc
 216  0002  3410        	clr intc.0
 216  0003  0700     R  	mov a,_Segment_2[0]
 216  0004  00D9        	mov mduwr0,a
 216  0005  0700     R  	mov a,_Segment_2[1]
 216  0006  00DA        	mov mduwr1,a
 216  0007  0FE8        	mov a,232
 216  0008  00DD        	mov mduwr4,a
 216  0009  0F03        	mov a,3
 216  000A  00DE        	mov mduwr5,a
 216  000B  0F06        	mov a,6
 216  000C              _LI1:
 216  000C  1785        	sdz acc
 216  000D  2800     R  	jmp _LI1
 216  000E  0759        	mov a,mduwr0
 216  000F  0080     E  	mov rb,a
 216  0010  075A        	mov a,mduwr1
 216  0011  0080     E  	mov rc,a
 216  0012  3C0A        	sz c
 216  0013  3010        	set intc.0
 216  0014  1B10        	rrca intc
 216  0015  3410        	clr intc.0
"File: Motor_v2.c    Assembler  Version HGASM0202      Page 9

 216  0016  0700     E  	mov a,rb
 216  0017  00D9        	mov mduwr0,a
 216  0018  0700     E  	mov a,rc
 216  0019  00DA        	mov mduwr1,a
 216  001A  0F0A        	mov a,10
 216  001B  00DD        	mov mduwr4,a
 216  001C  0F00        	mov a,0
 216  001D  00DE        	mov mduwr5,a
 216  001E  0F06        	mov a,6
 216  001F              _LI2:
 216  001F  1785        	sdz acc
 216  0020  2800     R  	jmp _LI2
 216  0021  075D        	mov a,mduwr4
 216  0022  0080     E  	mov rb,a
 216  0023  075E        	mov a,mduwr5
 216  0024  0080     E  	mov rc,a
 216  0025  3C0A        	sz c
 216  0026  3010        	set intc.0
 216  0027  340A        	clr c
 216  0028  1A80     E  	rlc rb
 216  0029  1A80     E  	rlc rc
 216  002A  0F00     R  	mov a,low offset _tag
 216  002B  0300     E  	add a,rb
 216  002C  0083        	mov mp,a
 216  002D  0F00     R  	mov a,high offset _tag
 216  002E  1300     E  	adc a,rc
 216  002F  0084        	mov sbp,a
 216  0030              	fcall _Crom2Prom
 216  0037  00A7        	mov [39],a
 217  0038              #line 217 "D:\Wade\Project\Robot_Arm\Holtek MCU\Program\Motor_v2\Motor_v2.c"
 217  0038  0F1E        	mov a,30
 217  0039  0080     R  	mov _delay_2[0],a
 217  003A  1F00     R  	clr _delay_2[1]
 217  003B              	fcall _delay
 218  0042              #line 218 "D:\Wade\Project\Robot_Arm\Holtek MCU\Program\Motor_v2\Motor_v2.c"
 218  0042  3424        	clr [36].0
 220  0043              #line 220 "D:\Wade\Project\Robot_Arm\Holtek MCU\Program\Motor_v2\Motor_v2.c"
 220  0043  30A4        	set [36].1
 221  0044              #line 221 "D:\Wade\Project\Robot_Arm\Holtek MCU\Program\Motor_v2\Motor_v2.c"
 221  0044  1B10        	rrca intc
 221  0045  3410        	clr intc.0
 221  0046  0700     R  	mov a,_Segment_2[0]
 221  0047  00D9        	mov mduwr0,a
 221  0048  0700     R  	mov a,_Segment_2[1]
 221  0049  00DA        	mov mduwr1,a
 221  004A  0F64        	mov a,100
 221  004B  00DD        	mov mduwr4,a
 221  004C  0F00        	mov a,0
 221  004D  00DE        	mov mduwr5,a
 221  004E  0F06        	mov a,6
 221  004F              _LI3:
 221  004F  1785        	sdz acc
 221  0050  2800     R  	jmp _LI3
 221  0051  0759        	mov a,mduwr0
 221  0052  0080     E  	mov rb,a
 221  0053  075A        	mov a,mduwr1
 221  0054  0080     E  	mov rc,a
 221  0055  3C0A        	sz c
 221  0056  3010        	set intc.0
 221  0057  1B10        	rrca intc
"File: Motor_v2.c    Assembler  Version HGASM0202      Page 10

 221  0058  3410        	clr intc.0
 221  0059  0700     E  	mov a,rb
 221  005A  00D9        	mov mduwr0,a
 221  005B  0700     E  	mov a,rc
 221  005C  00DA        	mov mduwr1,a
 221  005D  0F0A        	mov a,10
 221  005E  00DD        	mov mduwr4,a
 221  005F  0F00        	mov a,0
 221  0060  00DE        	mov mduwr5,a
 221  0061  0F06        	mov a,6
 221  0062              _LI4:
 221  0062  1785        	sdz acc
 221  0063  2800     R  	jmp _LI4
 221  0064  075D        	mov a,mduwr4
 221  0065  0080     E  	mov rb,a
 221  0066  075E        	mov a,mduwr5
 221  0067  0080     E  	mov rc,a
 221  0068  3C0A        	sz c
 221  0069  3010        	set intc.0
 221  006A  340A        	clr c
 221  006B  1A80     E  	rlc rb
 221  006C  1A80     E  	rlc rc
 221  006D  0F00     R  	mov a,low offset _tag
 221  006E  0300     E  	add a,rb
 221  006F  0083        	mov mp,a
 221  0070  0F00     R  	mov a,high offset _tag
 221  0071  1300     E  	adc a,rc
 221  0072  0084        	mov sbp,a
 221  0073              	fcall _Crom2Prom
 221  007A  00A7        	mov [39],a
 222  007B              #line 222 "D:\Wade\Project\Robot_Arm\Holtek MCU\Program\Motor_v2\Motor_v2.c"
 222  007B  0F1E        	mov a,30
 222  007C  0080     R  	mov _delay_2[0],a
 222  007D  1F00     R  	clr _delay_2[1]
 222  007E              	fcall _delay
 223  0085              #line 223 "D:\Wade\Project\Robot_Arm\Holtek MCU\Program\Motor_v2\Motor_v2.c"
 223  0085  34A4        	clr [36].1
 225  0086              #line 225 "D:\Wade\Project\Robot_Arm\Holtek MCU\Program\Motor_v2\Motor_v2.c"
 225  0086  3124        	set [36].2
 226  0087              #line 226 "D:\Wade\Project\Robot_Arm\Holtek MCU\Program\Motor_v2\Motor_v2.c"
 226  0087  1B10        	rrca intc
 226  0088  3410        	clr intc.0
 226  0089  0700     R  	mov a,_Segment_2[0]
 226  008A  00D9        	mov mduwr0,a
 226  008B  0700     R  	mov a,_Segment_2[1]
 226  008C  00DA        	mov mduwr1,a
 226  008D  0F0A        	mov a,10
 226  008E  00DD        	mov mduwr4,a
 226  008F  0F00        	mov a,0
 226  0090  00DE        	mov mduwr5,a
 226  0091  0F06        	mov a,6
 226  0092              _LI5:
 226  0092  1785        	sdz acc
 226  0093  2800     R  	jmp _LI5
 226  0094  0759        	mov a,mduwr0
 226  0095  0080     E  	mov rb,a
 226  0096  075A        	mov a,mduwr1
 226  0097  0080     E  	mov rc,a
 226  0098  3C0A        	sz c
 226  0099  3010        	set intc.0
"File: Motor_v2.c    Assembler  Version HGASM0202      Page 11

 226  009A  1B10        	rrca intc
 226  009B  3410        	clr intc.0
 226  009C  0700     E  	mov a,rb
 226  009D  00D9        	mov mduwr0,a
 226  009E  0700     E  	mov a,rc
 226  009F  00DA        	mov mduwr1,a
 226  00A0  0F0A        	mov a,10
 226  00A1  00DD        	mov mduwr4,a
 226  00A2  0F00        	mov a,0
 226  00A3  00DE        	mov mduwr5,a
 226  00A4  0F06        	mov a,6
 226  00A5              _LI6:
 226  00A5  1785        	sdz acc
 226  00A6  2800     R  	jmp _LI6
 226  00A7  075D        	mov a,mduwr4
 226  00A8  0080     E  	mov rb,a
 226  00A9  075E        	mov a,mduwr5
 226  00AA  0080     E  	mov rc,a
 226  00AB  3C0A        	sz c
 226  00AC  3010        	set intc.0
 226  00AD  340A        	clr c
 226  00AE  1A80     E  	rlc rb
 226  00AF  1A80     E  	rlc rc
 226  00B0  0F00     R  	mov a,low offset _tag
 226  00B1  0300     E  	add a,rb
 226  00B2  0083        	mov mp,a
 226  00B3  0F00     R  	mov a,high offset _tag
 226  00B4  1300     E  	adc a,rc
 226  00B5  0084        	mov sbp,a
 226  00B6              	fcall _Crom2Prom
 226  00BD  00A7        	mov [39],a
 227  00BE              #line 227 "D:\Wade\Project\Robot_Arm\Holtek MCU\Program\Motor_v2\Motor_v2.c"
 227  00BE  0F1E        	mov a,30
 227  00BF  0080     R  	mov _delay_2[0],a
 227  00C0  1F00     R  	clr _delay_2[1]
 227  00C1              	fcall _delay
 228  00C8              #line 228 "D:\Wade\Project\Robot_Arm\Holtek MCU\Program\Motor_v2\Motor_v2.c"
 228  00C8  3524        	clr [36].2
 230  00C9              #line 230 "D:\Wade\Project\Robot_Arm\Holtek MCU\Program\Motor_v2\Motor_v2.c"
 230  00C9  31A4        	set [36].3
 231  00CA              #line 231 "D:\Wade\Project\Robot_Arm\Holtek MCU\Program\Motor_v2\Motor_v2.c"
 231  00CA  1B10        	rrca intc
 231  00CB  3410        	clr intc.0
 231  00CC  0700     R  	mov a,_Segment_2[0]
 231  00CD  00D9        	mov mduwr0,a
 231  00CE  0700     R  	mov a,_Segment_2[1]
 231  00CF  00DA        	mov mduwr1,a
 231  00D0  0F0A        	mov a,10
 231  00D1  00DD        	mov mduwr4,a
 231  00D2  0F00        	mov a,0
 231  00D3  00DE        	mov mduwr5,a
 231  00D4  0F06        	mov a,6
 231  00D5              _LI7:
 231  00D5  1785        	sdz acc
 231  00D6  2800     R  	jmp _LI7
 231  00D7  075D        	mov a,mduwr4
 231  00D8  0080     E  	mov rb,a
 231  00D9  075E        	mov a,mduwr5
 231  00DA  0080     E  	mov rc,a
 231  00DB  3C0A        	sz c
"File: Motor_v2.c    Assembler  Version HGASM0202      Page 12

 231  00DC  3010        	set intc.0
 231  00DD  340A        	clr c
 231  00DE  1A80     E  	rlc rb
 231  00DF  1A80     E  	rlc rc
 231  00E0  0F00     R  	mov a,low offset _tag
 231  00E1  0300     E  	add a,rb
 231  00E2  0083        	mov mp,a
 231  00E3  0F00     R  	mov a,high offset _tag
 231  00E4  1300     E  	adc a,rc
 231  00E5  0084        	mov sbp,a
 231  00E6              	fcall _Crom2Prom
 231  00ED  00A7        	mov [39],a
 232  00EE              #line 232 "D:\Wade\Project\Robot_Arm\Holtek MCU\Program\Motor_v2\Motor_v2.c"
 232  00EE  0F1E        	mov a,30
 232  00EF  0080     R  	mov _delay_2[0],a
 232  00F0  1F00     R  	clr _delay_2[1]
 232  00F1              	fcall _delay
 233  00F8              #line 233 "D:\Wade\Project\Robot_Arm\Holtek MCU\Program\Motor_v2\Motor_v2.c"
 233  00F8  35A4        	clr [36].3
 233  00F9  0003        	ret
 233  00FA              _Segment endp
 233  00FA              #line 233 "D:\Wade\Project\Robot_Arm\Holtek MCU\Program\Motor_v2\Motor_v2.c"
 233  00FA              #pragma debug scope 1 1
 233  00FA              ___wdtc equ [62]
 233  00FA              ___pdc equ [31]
 233  00FA              ___pdpu equ [32]
 233  00FA              public _main
 233  00FA              #pragma debug scope 13 1
  44  00FA              #line 44 "D:\Wade\Project\Robot_Arm\Holtek MCU\Program\Motor_v2\Motor_v2.c"
  44  00FA              IFDEF WITH_DEFAULT_STARTUP
  44  00FA              extern _main_initial0:near
  44  00FA              extern _main_startup:near
  44  00FA              ENDIF
  44  00FA              
  44  00FA              ROMBANK 0 @start
  44  0000              @start .section com_l 'code'
  44  0000              _main_startup1:
  44  0000              @start .section com_e 'code'
  44  0000  0F00     R  	mov a,bank _main
  44  0001  008B        	mov bp,a
  44  0002  2800     R  	jmp _main
  44  0003              
  44  0000              _main .section 'code'
  44  0000              _main proc
  44  0000  0003[           local _main_2 db 3 dup(?)
            00
            ]
  44  0003              #pragma debug variable 12 13 _main_2+0 "sp"
  45  0003              #line 45 "D:\Wade\Project\Robot_Arm\Holtek MCU\Program\Motor_v2\Motor_v2.c"
  45  0000  0FAB        	mov a,171
  45  0001  00BE        	mov [62],a
  46  0002              #line 46 "D:\Wade\Project\Robot_Arm\Holtek MCU\Program\Motor_v2\Motor_v2.c"
  46  0002              	fcall _UART_Setup
  51  0009              #line 51 "D:\Wade\Project\Robot_Arm\Holtek MCU\Program\Motor_v2\Motor_v2.c"
  51  0009  361F        	clr [31].4
  52  000A              #line 52 "D:\Wade\Project\Robot_Arm\Holtek MCU\Program\Motor_v2\Motor_v2.c"
  52  000A  369F        	clr [31].5
  53  000B              #line 53 "D:\Wade\Project\Robot_Arm\Holtek MCU\Program\Motor_v2\Motor_v2.c"
  53  000B  349F        	clr [31].1
  54  000C              #line 54 "D:\Wade\Project\Robot_Arm\Holtek MCU\Program\Motor_v2\Motor_v2.c"
"File: Motor_v2.c    Assembler  Version HGASM0202      Page 13

  54  000C  359F        	clr [31].3
  55  000D              #line 55 "D:\Wade\Project\Robot_Arm\Holtek MCU\Program\Motor_v2\Motor_v2.c"
  55  000D  331F        	set [31].6
  56  000E              #line 56 "D:\Wade\Project\Robot_Arm\Holtek MCU\Program\Motor_v2\Motor_v2.c"
  56  000E  3320        	set [32].6
  58  000F              #line 58 "D:\Wade\Project\Robot_Arm\Holtek MCU\Program\Motor_v2\Motor_v2.c"
  58  000F              	fcall _motor_callb
  59  0016              #line 59 "D:\Wade\Project\Robot_Arm\Holtek MCU\Program\Motor_v2\Motor_v2.c"
  59  0016  321E        	set [30].4
  60  0017              #line 60 "D:\Wade\Project\Robot_Arm\Holtek MCU\Program\Motor_v2\Motor_v2.c"
  60  0017  0FF4        	mov a,-12
  60  0018  0080     R  	mov _motor_deg_2[2],a
  60  0019  0F01        	mov a,1
  60  001A  0080     R  	mov _motor_deg_2[3],a
  60  001B  0F68        	mov a,104
  60  001C  0080     R  	mov _motor_deg_2[0],a
  60  001D  0F01        	mov a,1
  60  001E  0080     R  	mov _motor_deg_2[1],a
  60  001F              	fcall _motor_deg
  61  0026              #line 61 "D:\Wade\Project\Robot_Arm\Holtek MCU\Program\Motor_v2\Motor_v2.c"
  61  0026  349E        	clr [30].1
  62  0027              #line 62 "D:\Wade\Project\Robot_Arm\Holtek MCU\Program\Motor_v2\Motor_v2.c"
  62  0027  0F88        	mov a,-120
  62  0028  0080     R  	mov _delay_2[0],a
  62  0029  0F13        	mov a,19
  62  002A  0080     R  	mov _delay_2[1],a
  62  002B              	fcall _delay
  63  0032              #line 63 "D:\Wade\Project\Robot_Arm\Holtek MCU\Program\Motor_v2\Motor_v2.c"
  63  0032  309E        	set [30].1
  66  0033              #line 66 "D:\Wade\Project\Robot_Arm\Holtek MCU\Program\Motor_v2\Motor_v2.c"
  66  0033  329E        	set [30].5
  65  0034              #line 65 "D:\Wade\Project\Robot_Arm\Holtek MCU\Program\Motor_v2\Motor_v2.c"
  65  0034  0F40        	mov a,64
  65  0035  0080     R  	mov _main_2[0],a
  65  0036  0F06        	mov a,6
  65  0037  0080     R  	mov _main_2[1],a
  65  0038              _L52:
  65  0038              #pragma debug scope 14 13
  65  0038              ;begin block, line: 65.-1
  70  0038              #line 70 "D:\Wade\Project\Robot_Arm\Holtek MCU\Program\Motor_v2\Motor_v2.c"
  70  0038  0700     R  	mov a,_Data[0]
  70  0039  0A56        	sub a,86
  70  003A  390A        	snz z
  70  003B  2800     R  	jmp _L36
  72  003C              #line 72 "D:\Wade\Project\Robot_Arm\Holtek MCU\Program\Motor_v2\Motor_v2.c"
  72  003C  0FB0        	mov a,176
  72  003D  0300     R  	add a,_Data[4]
  72  003E  0080     E  	mov rd,a
  72  003F  0F2F        	mov a,47
  72  0040  1F00     E  	clr re
  72  0041  1380     E  	adcm a,re
  72  0042  1B10        	rrca intc
  72  0043  3410        	clr intc.0
  72  0044  0700     R  	mov a,_Data[1]
  72  0045  00D9        	mov mduwr0,a
  72  0046  0FE8        	mov a,232
  72  0047  00DD        	mov mduwr4,a
  72  0048  1F5A        	clr mduwr1
  72  0049  0F03        	mov a,3
  72  004A  00DE        	mov mduwr5,a
"File: Motor_v2.c    Assembler  Version HGASM0202      Page 14

  72  004B  0F06        	mov a,6
  72  004C              _LI8:
  72  004C  1785        	sdz acc
  72  004D  2800     R  	jmp _LI8
  72  004E  0759        	mov a,mduwr0
  72  004F  0080     E  	mov rb,a
  72  0050  075A        	mov a,mduwr1
  72  0051  0080     E  	mov rc,a
  72  0052  3C0A        	sz c
  72  0053  3010        	set intc.0
  72  0054  0700     E  	mov a,rb
  72  0055  0380     E  	addm a,rd
  72  0056  0700     E  	mov a,rc
  72  0057  1380     E  	adcm a,re
  72  0058  1B10        	rrca intc
  72  0059  3410        	clr intc.0
  72  005A  0700     R  	mov a,_Data[2]
  72  005B  00D9        	mov mduwr0,a
  72  005C  0F64        	mov a,100
  72  005D  00DD        	mov mduwr4,a
  72  005E  1F5A        	clr mduwr1
  72  005F  0F00        	mov a,0
  72  0060  00DE        	mov mduwr5,a
  72  0061  0F06        	mov a,6
  72  0062              _LI9:
  72  0062  1785        	sdz acc
  72  0063  2800     R  	jmp _LI9
  72  0064  0759        	mov a,mduwr0
  72  0065  0080     E  	mov rb,a
  72  0066  075A        	mov a,mduwr1
  72  0067  0080     E  	mov rc,a
  72  0068  3C0A        	sz c
  72  0069  3010        	set intc.0
  72  006A  0700     E  	mov a,rb
  72  006B  0380     E  	addm a,rd
  72  006C  0700     E  	mov a,rc
  72  006D  1380     E  	adcm a,re
  72  006E  0700     R  	mov a,_Data[3]
  72  006F  0080     E  	mov rb,a
  72  0070  1F00     E  	clr rc
  72  0071  340A        	clr c
  72  0072  1A00     E  	rlca rb
  72  0073  0080     E  	mov rf,a
  72  0074  1A00     E  	rlca rc
  72  0075  0080     E  	mov rg,a
  72  0076  340A        	clr c
  72  0077  1A80     E  	rlc rf
  72  0078  1A80     E  	rlc rg
  72  0079  0700     E  	mov a,rf
  72  007A  0380     E  	addm a,rb
  72  007B  0700     E  	mov a,rg
  72  007C  1380     E  	adcm a,rc
  72  007D  340A        	clr c
  72  007E  1A80     E  	rlc rb
  72  007F  1A80     E  	rlc rc
  72  0080  0700     E  	mov a,rb
  72  0081  0300     E  	add a,rd
  72  0082  0080     R  	mov _main_2[0],a
  72  0083  0700     E  	mov a,rc
  72  0084  1300     E  	adc a,re
"File: Motor_v2.c    Assembler  Version HGASM0202      Page 15

  72  0085  0080     R  	mov _main_2[1],a
  73  0086              #line 73 "D:\Wade\Project\Robot_Arm\Holtek MCU\Program\Motor_v2\Motor_v2.c"
  73  0086  0F40        	mov a,64
  73  0087  0080     R  	mov _Segment_2[0],a
  73  0088  1F00     R  	clr _Segment_2[1]
  73  0089              	fcall _Segment
  74  0090              #line 74 "D:\Wade\Project\Robot_Arm\Holtek MCU\Program\Motor_v2\Motor_v2.c"
  74  0090  1F00     E  	clr rb
  74  0091  1F00     E  	clr rc
  74  0092              _L37:
  76  0092              #line 76 "D:\Wade\Project\Robot_Arm\Holtek MCU\Program\Motor_v2\Motor_v2.c"
  76  0092  0F00     R  	mov a,low offset _Data
  76  0093  0300     E  	add a,rb
  76  0094  0083        	mov mp,a
  76  0095  0F00     R  	mov a,high offset _Data
  76  0096  1300     E  	adc a,rc
  76  0097  0084        	mov sbp,a
  76  0098  0F20        	mov a,32
  76  0099  0082        	mov ir,a
  74  009A              #line 74 "D:\Wade\Project\Robot_Arm\Holtek MCU\Program\Motor_v2\Motor_v2.c"
  74  009A  1480     E  	inc rb
  74  009B  3D0A        	sz z
  74  009C  1480     E  	inc rc
  74  009D  0700     E  	mov a,rb
  74  009E  0C0A        	xor a,10
  74  009F  0500     E  	or a,rc
  74  00A0  390A        	snz z
  74  00A1  2800     R  	jmp _L37
  74  00A2              _L36:
  79  00A2              #line 79 "D:\Wade\Project\Robot_Arm\Holtek MCU\Program\Motor_v2\Motor_v2.c"
  79  00A2  0700     R  	mov a,_Data[0]
  79  00A3  0A53        	sub a,83
  79  00A4  3D0A        	sz z
  79  00A5  2800     R  	jmp _L38
  79  00A6              _L41:
  89  00A6              #line 89 "D:\Wade\Project\Robot_Arm\Holtek MCU\Program\Motor_v2\Motor_v2.c"
  89  00A6  0700     R  	mov a,_Data[0]
  89  00A7  0A52        	sub a,82
  89  00A8  390A        	snz z
  89  00A9  2800     R  	jmp _L40
  89  00AA  2800     R  	jmp _L68
  89  00AB              _L38:
  81  00AB              #line 81 "D:\Wade\Project\Robot_Arm\Holtek MCU\Program\Motor_v2\Motor_v2.c"
  81  00AB  309E        	set [30].1
  82  00AC              #line 82 "D:\Wade\Project\Robot_Arm\Holtek MCU\Program\Motor_v2\Motor_v2.c"
  82  00AC  329E        	set [30].5
  83  00AD              #line 83 "D:\Wade\Project\Robot_Arm\Holtek MCU\Program\Motor_v2\Motor_v2.c"
  83  00AD  0F80        	mov a,-128
  83  00AE  0080     R  	mov _Segment_2[0],a
  83  00AF  1F00     R  	clr _Segment_2[1]
  83  00B0              	fcall _Segment
  84  00B7              #line 84 "D:\Wade\Project\Robot_Arm\Holtek MCU\Program\Motor_v2\Motor_v2.c"
  84  00B7  1F00     E  	clr rb
  84  00B8  1F00     E  	clr rc
  84  00B9              _L42:
  86  00B9              #line 86 "D:\Wade\Project\Robot_Arm\Holtek MCU\Program\Motor_v2\Motor_v2.c"
  86  00B9  0F00     R  	mov a,low offset _Data
  86  00BA  0300     E  	add a,rb
  86  00BB  0083        	mov mp,a
  86  00BC  0F00     R  	mov a,high offset _Data
"File: Motor_v2.c    Assembler  Version HGASM0202      Page 16

  86  00BD  1300     E  	adc a,rc
  86  00BE  0084        	mov sbp,a
  86  00BF  0F20        	mov a,32
  86  00C0  0082        	mov ir,a
  84  00C1              #line 84 "D:\Wade\Project\Robot_Arm\Holtek MCU\Program\Motor_v2\Motor_v2.c"
  84  00C1  1480     E  	inc rb
  84  00C2  3D0A        	sz z
  84  00C3  1480     E  	inc rc
  84  00C4  0700     E  	mov a,rb
  84  00C5  0C0A        	xor a,10
  84  00C6  0500     E  	or a,rc
  84  00C7  390A        	snz z
  84  00C8  2800     R  	jmp _L42
  84  00C9  2800     R  	jmp _L41
  84  00CA              _L68:
  91  00CA              #line 91 "D:\Wade\Project\Robot_Arm\Holtek MCU\Program\Motor_v2\Motor_v2.c"
  91  00CA  349E        	clr [30].1
  92  00CB              #line 92 "D:\Wade\Project\Robot_Arm\Holtek MCU\Program\Motor_v2\Motor_v2.c"
  92  00CB  369E        	clr [30].5
  93  00CC              #line 93 "D:\Wade\Project\Robot_Arm\Holtek MCU\Program\Motor_v2\Motor_v2.c"
  93  00CC  321E        	set [30].4
  94  00CD              #line 94 "D:\Wade\Project\Robot_Arm\Holtek MCU\Program\Motor_v2\Motor_v2.c"
  94  00CD  0FC0        	mov a,-64
  94  00CE  0080     R  	mov _Segment_2[0],a
  94  00CF  1F00     R  	clr _Segment_2[1]
  94  00D0              	fcall _Segment
  95  00D7              #line 95 "D:\Wade\Project\Robot_Arm\Holtek MCU\Program\Motor_v2\Motor_v2.c"
  95  00D7  1F00     E  	clr rb
  95  00D8  1F00     E  	clr rc
  95  00D9              _L45:
  97  00D9              #line 97 "D:\Wade\Project\Robot_Arm\Holtek MCU\Program\Motor_v2\Motor_v2.c"
  97  00D9  0F00     R  	mov a,low offset _Data
  97  00DA  0300     E  	add a,rb
  97  00DB  0083        	mov mp,a
  97  00DC  0F00     R  	mov a,high offset _Data
  97  00DD  1300     E  	adc a,rc
  97  00DE  0084        	mov sbp,a
  97  00DF  0F20        	mov a,32
  97  00E0  0082        	mov ir,a
  95  00E1              #line 95 "D:\Wade\Project\Robot_Arm\Holtek MCU\Program\Motor_v2\Motor_v2.c"
  95  00E1  1480     E  	inc rb
  95  00E2  3D0A        	sz z
  95  00E3  1480     E  	inc rc
  95  00E4  0700     E  	mov a,rb
  95  00E5  0C0A        	xor a,10
  95  00E6  0500     E  	or a,rc
  95  00E7  390A        	snz z
  95  00E8  2800     R  	jmp _L45
  95  00E9              _L40:
 100  00E9              #line 100 "D:\Wade\Project\Robot_Arm\Holtek MCU\Program\Motor_v2\Motor_v2.c"
 100  00E9  0700     R  	mov a,_R_Data[0]
 100  00EA  0A4C        	sub a,76
 100  00EB  390A        	snz z
 100  00EC  2800     R  	jmp _L44
 102  00ED              #line 102 "D:\Wade\Project\Robot_Arm\Holtek MCU\Program\Motor_v2\Motor_v2.c"
 102  00ED  369E        	clr [30].5
 103  00EE              #line 103 "D:\Wade\Project\Robot_Arm\Holtek MCU\Program\Motor_v2\Motor_v2.c"
 103  00EE  361E        	clr [30].4
 104  00EF              #line 104 "D:\Wade\Project\Robot_Arm\Holtek MCU\Program\Motor_v2\Motor_v2.c"
 104  00EF  1F00     R  	clr _Segment_2[0]
"File: Motor_v2.c    Assembler  Version HGASM0202      Page 17

 104  00F0  0F01        	mov a,1
 104  00F1  0080     R  	mov _Segment_2[1],a
 104  00F2              	fcall _Segment
 105  00F9              #line 105 "D:\Wade\Project\Robot_Arm\Holtek MCU\Program\Motor_v2\Motor_v2.c"
 105  00F9  1F00     E  	clr rb
 105  00FA  1F00     E  	clr rc
 105  00FB              _L48:
 107  00FB              #line 107 "D:\Wade\Project\Robot_Arm\Holtek MCU\Program\Motor_v2\Motor_v2.c"
 107  00FB  0F00     R  	mov a,low offset _R_Data
 107  00FC  0300     E  	add a,rb
 107  00FD  0083        	mov mp,a
 107  00FE  0F00     R  	mov a,high offset _R_Data
 107  00FF  1300     E  	adc a,rc
 107  0100  0084        	mov sbp,a
 107  0101  0F20        	mov a,32
 107  0102  0082        	mov ir,a
 105  0103              #line 105 "D:\Wade\Project\Robot_Arm\Holtek MCU\Program\Motor_v2\Motor_v2.c"
 105  0103  1480     E  	inc rb
 105  0104  3D0A        	sz z
 105  0105  1480     E  	inc rc
 105  0106  0700     E  	mov a,rb
 105  0107  0C0A        	xor a,10
 105  0108  0500     E  	or a,rc
 105  0109  390A        	snz z
 105  010A  2800     R  	jmp _L48
 105  010B              _L44:
 110  010B              #line 110 "D:\Wade\Project\Robot_Arm\Holtek MCU\Program\Motor_v2\Motor_v2.c"
 110  010B  0700     R  	mov a,_Data[0]
 110  010C  0A48        	sub a,72
 110  010D  390A        	snz z
 110  010E  2800     R  	jmp _L47
 112  010F              #line 112 "D:\Wade\Project\Robot_Arm\Holtek MCU\Program\Motor_v2\Motor_v2.c"
 112  010F  0FB8        	mov a,-72
 112  0110  0080     R  	mov _delay_2[0],a
 112  0111  0F0B        	mov a,11
 112  0112  0080     R  	mov _delay_2[1],a
 112  0113              	fcall _delay
 113  011A              #line 113 "D:\Wade\Project\Robot_Arm\Holtek MCU\Program\Motor_v2\Motor_v2.c"
 113  011A              	fcall _motor_callb
 114  0121              #line 114 "D:\Wade\Project\Robot_Arm\Holtek MCU\Program\Motor_v2\Motor_v2.c"
 114  0121  321E        	set [30].4
 115  0122              #line 115 "D:\Wade\Project\Robot_Arm\Holtek MCU\Program\Motor_v2\Motor_v2.c"
 115  0122  0FF4        	mov a,-12
 115  0123  0080     R  	mov _motor_deg_2[2],a
 115  0124  0F01        	mov a,1
 115  0125  0080     R  	mov _motor_deg_2[3],a
 115  0126  0F68        	mov a,104
 115  0127  0080     R  	mov _motor_deg_2[0],a
 115  0128  0F01        	mov a,1
 115  0129  0080     R  	mov _motor_deg_2[1],a
 115  012A              	fcall _motor_deg
 116  0131              #line 116 "D:\Wade\Project\Robot_Arm\Holtek MCU\Program\Motor_v2\Motor_v2.c"
 116  0131  329E        	set [30].5
 117  0132              #line 117 "D:\Wade\Project\Robot_Arm\Holtek MCU\Program\Motor_v2\Motor_v2.c"
 117  0132  1F00     E  	clr rb
 117  0133  1F00     E  	clr rc
 117  0134              _L50:
 119  0134              #line 119 "D:\Wade\Project\Robot_Arm\Holtek MCU\Program\Motor_v2\Motor_v2.c"
 119  0134  0F00     R  	mov a,low offset _Data
 119  0135  0300     E  	add a,rb
"File: Motor_v2.c    Assembler  Version HGASM0202      Page 18

 119  0136  0083        	mov mp,a
 119  0137  0F00     R  	mov a,high offset _Data
 119  0138  1300     E  	adc a,rc
 119  0139  0084        	mov sbp,a
 119  013A  0F20        	mov a,32
 119  013B  0082        	mov ir,a
 117  013C              #line 117 "D:\Wade\Project\Robot_Arm\Holtek MCU\Program\Motor_v2\Motor_v2.c"
 117  013C  1480     E  	inc rb
 117  013D  3D0A        	sz z
 117  013E  1480     E  	inc rc
 117  013F  0700     E  	mov a,rb
 117  0140  0C0A        	xor a,10
 117  0141  0500     E  	or a,rc
 117  0142  390A        	snz z
 117  0143  2800     R  	jmp _L50
 117  0144              _L47:
 117  0144  1F00     R  	clr _main_2[2]
 117  0145              _L49:
 125  0145              #line 125 "D:\Wade\Project\Robot_Arm\Holtek MCU\Program\Motor_v2\Motor_v2.c"
 125  0145  359E        	clr [30].3
 126  0146              #line 126 "D:\Wade\Project\Robot_Arm\Holtek MCU\Program\Motor_v2\Motor_v2.c"
 126  0146  0700     R  	mov a,_main_2[0]
 126  0147  0080     R  	mov _ptm_delay_2[0],a
 126  0148  0700     R  	mov a,_main_2[1]
 126  0149  0080     R  	mov _ptm_delay_2[1],a
 126  014A              	fcall _ptm_delay
 127  0151              #line 127 "D:\Wade\Project\Robot_Arm\Holtek MCU\Program\Motor_v2\Motor_v2.c"
 127  0151  319E        	set [30].3
 128  0152              #line 128 "D:\Wade\Project\Robot_Arm\Holtek MCU\Program\Motor_v2\Motor_v2.c"
 128  0152  0700     R  	mov a,_main_2[0]
 128  0153  0080     R  	mov _ptm_delay_2[0],a
 128  0154  0700     R  	mov a,_main_2[1]
 128  0155  0080     R  	mov _ptm_delay_2[1],a
 128  0156              	fcall _ptm_delay
 128  015D  1480     R  	inc _main_2[2]
 123  015E              #line 123 "D:\Wade\Project\Robot_Arm\Holtek MCU\Program\Motor_v2\Motor_v2.c"
 123  015E  0700     R  	mov a,_main_2[2]
 123  015F  0A09        	sub a,9
 123  0160  390A        	snz z
 123  0161  2800     R  	jmp _L49
 123  0162  2800     R  	jmp _L52
 123  0163              #pragma debug scope 13 1
 123  0163  2800     R  	jmp $
 123  0164              _main endp
 123  0164              
 123  0164              @dummy endp
 123  0164              
 123  0164              #line 123 "D:\Wade\Project\Robot_Arm\Holtek MCU\Program\Motor_v2\Motor_v2.c"
 123  0164              #pragma debug scope 1 1
 123  0164              public _fn
 123  0164              #pragma debug scope 15 1
 245  0164              #line 245 "D:\Wade\Project\Robot_Arm\Holtek MCU\Program\Motor_v2\Motor_v2.c"
 245  0000              _fn .section 'code'
 245  0000              _fn proc
 265  0000              #line 265 "D:\Wade\Project\Robot_Arm\Holtek MCU\Program\Motor_v2\Motor_v2.c"
 265  0000  0FC8        	mov a,-56
 265  0001  0080     R  	mov _motor_deg_2[2],a
 265  0002  1F00     R  	clr _motor_deg_2[3]
 265  0003  0F01        	mov a,1
 265  0004  0080     R  	mov _motor_deg_2[0],a
"File: Motor_v2.c    Assembler  Version HGASM0202      Page 19

 265  0005  1F00     R  	clr _motor_deg_2[1]
 265  0006              	fcall _motor_deg
 265  000D  0003        	ret
 265  000E              _fn endp
 265  000E              #line 265 "D:\Wade\Project\Robot_Arm\Holtek MCU\Program\Motor_v2\Motor_v2.c"
 265  000E              #pragma debug scope 1 1
 265  000E              public _kn
 265  0000              @HCCINIT	.section 'data'
  31  0000              #line 31 "D:\Wade\Project\Robot_Arm\Holtek MCU\Program\Motor_v2\Motor_v2.c"
  31  0000              @HCCINIT_kn .section 'data'
  31  0000              _kn label byte
  31  0000              #pragma debug variable 10 1 _kn "kn"
  31  0000              	db 0
  31  0000              @ROMDATA_BASE .section inpage 'code'
  31  0000              	db 0
  31  0001              @HCCINIT_kn .section 'data'
  31  0001              	db 0
  31  0001              @ROMDATA_BASE .section inpage 'code'
  31  0001              	db 0
  31  0002              @HCCINIT_kn .section 'data'
  30  0002              #line 30 "D:\Wade\Project\Robot_Arm\Holtek MCU\Program\Motor_v2\Motor_v2.c"
  30  0002              public _Data
  30  0000              @HCCINIT0_Data .section 'data'
  30  0000  000A[       _Data	db 10 dup(0)
            00
            ]
  30  000A              #pragma debug array 42 8 10 1
  30  000A              #pragma debug array 42 8 10 1
  30  000A              #pragma debug variable 42 1 _Data "Data"
  30  000A              
  30  0000              @HCCINIT .section 'data'
  29  0000              #line 29 "D:\Wade\Project\Robot_Arm\Holtek MCU\Program\Motor_v2\Motor_v2.c"
  29  0000              public _R_Data
  29  0000              @HCCINIT0_R_Data .section 'data'
  29  0000  000A[       _R_Data	db 10 dup(0)
            00
            ]
  29  000A              #pragma debug variable 42 1 _R_Data "R_Data"
  29  000A              
  29  0000              @HCCINIT .section 'data'
  29  0000              public _scan
  29  0000              @crom	.section 'crom'
  26  0000              #line 26 "D:\Wade\Project\Robot_Arm\Holtek MCU\Program\Motor_v2\Motor_v2.c"
  26  0000              @crom	.section	'crom'
  26  0000              _scan:
  26  0000              #pragma debug array 43 10 4 1
  26  0000              #pragma debug array 43 10 4 1
  26  0000              #pragma debug variable 43 1 _scan "scan"
  26  0000  0001        	dc 1
  26  0001  0002        	dc 2
  26  0002  0004        	dc 4
  26  0003  0008        	dc 8
  26  0004              public _tag
  23  0004              #line 23 "D:\Wade\Project\Robot_Arm\Holtek MCU\Program\Motor_v2\Motor_v2.c"
  23  0004              @crom	.section	'crom'
  23  0004              _tag:
  23  0004              #pragma debug array 44 10 10 1
  23  0004              #pragma debug array 44 10 10 1
  23  0004              #pragma debug variable 44 1 _tag "tag"
  23  0004  003F        	dc 63
"File: Motor_v2.c    Assembler  Version HGASM0202      Page 20

  23  0005  0006        	dc 6
  23  0006  005B        	dc 91
  23  0007  004F        	dc 79
  23  0008  0066        	dc 102
  23  0009  006D        	dc 109
  23  000A  007D        	dc 125
  23  000B  0027        	dc 39
  23  000C  007F        	dc 127
  23  000D  006F        	dc 111
  23  000E              #pragma debug struct_end
  23  000E              #pragma debug struct_end
  23  000E              #pragma debug union_end
  23  000E              #pragma debug union_end
  23  000E              #pragma debug variable 46 1 ___intc0 "__intc0" 1
  23  000E              #pragma debug struct_end
  23  000E              #pragma debug struct_end
  23  000E              #pragma debug union_end
  23  000E              #pragma debug union_end
  23  000E              #pragma debug variable 48 1 ___intc3 "__intc3" 1
  23  000E              #pragma debug struct_end
  23  000E              #pragma debug struct_end
  23  000E              #pragma debug union_end
  23  000E              #pragma debug union_end
  23  000E              #pragma debug variable 50 1 ___pd "__pd" 1
  23  000E              #pragma debug struct_end
  23  000E              #pragma debug struct_end
  23  000E              #pragma debug union_end
  23  000E              #pragma debug union_end
  23  000E              #pragma debug variable 52 1 ___pdc "__pdc" 1
  23  000E              #pragma debug struct_end
  23  000E              #pragma debug struct_end
  23  000E              #pragma debug union_end
  23  000E              #pragma debug union_end
  23  000E              #pragma debug variable 54 1 ___pdpu "__pdpu" 1
  23  000E              #pragma debug struct_end
  23  000E              #pragma debug struct_end
  23  000E              #pragma debug union_end
  23  000E              #pragma debug union_end
  23  000E              #pragma debug variable 56 1 ___pf "__pf" 1
  23  000E              #pragma debug struct_end
  23  000E              #pragma debug struct_end
  23  000E              #pragma debug union_end
  23  000E              #pragma debug union_end
  23  000E              #pragma debug variable 58 1 ___pg "__pg" 1
  23  000E              #pragma debug struct_end
  23  000E              #pragma debug struct_end
  23  000E              #pragma debug union_end
  23  000E              #pragma debug union_end
  23  000E              #pragma debug variable 60 1 ___mfi4 "__mfi4" 1
  23  000E              #pragma debug struct_end
  23  000E              #pragma debug struct_end
  23  000E              #pragma debug union_end
  23  000E              #pragma debug union_end
  23  000E              #pragma debug variable 62 1 ___mfi5 "__mfi5" 1
  23  000E              #pragma debug struct_end
  23  000E              #pragma debug struct_end
  23  000E              #pragma debug union_end
  23  000E              #pragma debug union_end
  23  000E              #pragma debug variable 64 1 ___wdtc "__wdtc" 1
  23  000E              #pragma debug struct_end
"File: Motor_v2.c    Assembler  Version HGASM0202      Page 21

  23  000E              #pragma debug struct_end
  23  000E              #pragma debug union_end
  23  000E              #pragma debug union_end
  23  000E              #pragma debug variable 66 1 ___u0sr "__u0sr" 1
  23  000E              #pragma debug struct_end
  23  000E              #pragma debug struct_end
  23  000E              #pragma debug union_end
  23  000E              #pragma debug union_end
  23  000E              #pragma debug variable 68 1 ___u0cr1 "__u0cr1" 1
  23  000E              #pragma debug struct_end
  23  000E              #pragma debug struct_end
  23  000E              #pragma debug union_end
  23  000E              #pragma debug union_end
  23  000E              #pragma debug variable 70 1 ___u0cr2 "__u0cr2" 1
  23  000E              #pragma debug variable 8 1 ___txr_rxr0 "__txr_rxr0" 1
  23  000E              #pragma debug variable 8 1 ___brg0 "__brg0" 1
  23  000E              #pragma debug struct_end
  23  000E              #pragma debug struct_end
  23  000E              #pragma debug union_end
  23  000E              #pragma debug union_end
  23  000E              #pragma debug variable 72 1 ___ptm3c0 "__ptm3c0" 1
  23  000E              #pragma debug struct_end
  23  000E              #pragma debug struct_end
  23  000E              #pragma debug union_end
  23  000E              #pragma debug union_end
  23  000E              #pragma debug variable 74 1 ___ptm3c1 "__ptm3c1" 1
  23  000E              #pragma debug variable 8 1 ___ptm3al "__ptm3al" 1
  23  000E              #pragma debug variable 8 1 ___ptm3ah "__ptm3ah" 1
  23  000E              #pragma debug struct_end
  23  000E              #pragma debug struct_end
  23  000E              #pragma debug union_end
  23  000E              #pragma debug union_end
  23  000E              #pragma debug variable 76 1 ___pas1 "__pas1" 1
  23  000E              extern r1:byte
  23  000E              extern r2:byte
  23  000E              extern r3:byte
  23  000E              extern r4:byte
  23  000E              extern r5:byte
  23  000E              extern r6:byte
  23  000E              extern r7:byte
  44  000E              #line 44 "D:\Wade\Project\Robot_Arm\Holtek MCU\Program\Motor_v2\Motor_v2.c"
  44  0000              @code .section at 0 'code'
  44  0000  1F0B        	clr bp
  44  0001  2800     R  	jmp _main_startup1
  44  0002              
  44  0002              
  44  0002              ; 
  44  0002              ; Generated by holtek-gcc v3.19, Fri Aug 20 15:19:19 2021
  44  0002              ; Rebuild 718
  44  0002              ; end of file


        0 Errors, 0